<?xml version="1.0" encoding="utf-8"?>
<TestRun id="9cdf1949-e243-4116-8a44-b04b1a3b43d1" name="szy@LAB-WIN-01 2026-09-13 23:18:18" runUser="LAB-WIN-01\szy" xmlns="http://microsoft.com/schemas/VisualStudio/TeamTest/2010">
  <Times creation="2026-09-13T23:18:18.1637339+08:00" queuing="2026-09-13T23:18:18.1637344+08:00" start="2026-09-13T23:18:16.3046684+08:00" finish="2026-09-13T23:18:18.4012488+08:00" />
  <TestSettings name="default" id="2012c1be-7732-4e1a-a1b4-ebd60f5665e6">
    <Deployment runDeploymentRoot="szy_LAB-WIN-01_2026-09-13_23_18_18" />
  </TestSettings>
  <Results>
    <UnitTestResult executionId="09f493fe-e583-4702-8cd1-eedac90e9016" testId="45edc318-109e-4499-66a1-420f55c9cc1e" testName="SQCD.Agv.WireToGateG2Tests.RecoveryVectorG2Tests.ForcedRecoveryGenerationIsNotRaisedByACommandRefusedOnScope" computerName="LAB-WIN-01" duration="00:00:00.3663024" startTime="2026-09-13T23:18:17.4057312+08:00" endTime="2026-09-13T23:18:17.7806791+08:00" testType="13cdc9d9-ddb5-4fa4-a97d-d965ccfc6d4b" outcome="Passed" testListId="8c84fa94-04c1-424b-9868-57a2d4851a1d" relativeResultsDirectory="09f493fe-e583-4702-8cd1-eedac90e9016" />
    <UnitTestResult executionId="eddd2a8d-696a-4795-8c64-1cd8a36bb0f1" testId="327b79e6-b2b9-dd5b-c2ad-e94df224f1b9" testName="SQCD.Agv.WireToGateG2Tests.WireToGateG2Tests.ManualChargingReturnToServiceRejectedResultPreservesRegisteredProblem" computerName="LAB-WIN-01" duration="00:00:00.0390394" startTime="2026-09-13T23:18:18.0333514+08:00" endTime="2026-09-13T23:18:18.0724427+08:00" testType="13cdc9d9-ddb5-4fa4-a97d-d965ccfc6d4b" outcome="Passed" testListId="8c84fa94-04c1-424b-9868-57a2d4851a1d" relativeResultsDirectory="eddd2a8d-696a-4795-8c64-1cd8a36bb0f1" />
    <UnitTestResult executionId="f5a8b406-aa31-46ad-9b04-94268600a4d2" testId="92e80a3f-f5f4-585d-96e0-2b28b7aca2aa" testName="SQCD.Agv.WireToGateG2Tests.RecoveryVectorG2Tests.AuthorizedFaultCargoCommandIsExecutedAndItsOutcomeIsReported" computerName="LAB-WIN-01" duration="00:00:00.2039733" startTime="2026-09-13T23:18:17.7893711+08:00" endTime="2026-09-13T23:18:17.9934075+08:00" testType="13cdc9d9-ddb5-4fa4-a97d-d965ccfc6d4b" outcome="Passed" testListId="8c84fa94-04c1-424b-9868-57a2d4851a1d" relativeResultsDirectory="f5a8b406-aa31-46ad-9b04-94268600a4d2" />
    <UnitTestResult executionId="6f4f3f48-3e88-4ebd-8166-14deb255ae28" testId="f8760c22-1ab4-1b38-d1bb-0b0d3c088b52" testName="SQCD.Agv.WireToGateG2Tests.WireToGateG2Tests.RecoverySessionAndActionResponsesAreCorrelatedWithoutPhysicalIo" computerName="LAB-WIN-01" duration="00:00:00.0526533" startTime="2026-09-13T23:18:17.9359925+08:00" endTime="2026-09-13T23:18:17.9887079+08:00" testType="13cdc9d9-ddb5-4fa4-a97d-d965ccfc6d4b" outcome="Passed" testListId="8c84fa94-04c1-424b-9868-57a2d4851a1d" relativeResultsDirectory="6f4f3f48-3e88-4ebd-8166-14deb255ae28" />
    <UnitTestResult executionId="026a502b-2296-4977-8a29-934ae8b1042a" testId="96a478c0-5fd9-d5b7-cda2-103c632d32a2" testName="SQCD.Agv.WireToGateG2Tests.RecoveryVectorG2Tests.StaleForcedRecoveryGenerationIsRefusedWithoutSlotIoOrResult" computerName="LAB-WIN-01" duration="00:00:00.0958328" startTime="2026-09-13T23:18:18.0907786+08:00" endTime="2026-09-13T23:18:18.1866672+08:00" testType="13cdc9d9-ddb5-4fa4-a97d-d965ccfc6d4b" outcome="Passed" testListId="8c84fa94-04c1-424b-9868-57a2d4851a1d" relativeResultsDirectory="026a502b-2296-4977-8a29-934ae8b1042a" />
    <UnitTestResult executionId="1878c467-19df-48ac-87e8-6c75f777a4ab" testId="1d20d9e9-bd46-6d7c-de9e-07a1e99ab115" testName="SQCD.Agv.WireToGateG2Tests.WireToGateG2Tests.MissingManualChargingReturnToServiceResultTimesOutExplicitly" computerName="LAB-WIN-01" duration="00:00:00.1456454" startTime="2026-09-13T23:18:17.7893682+08:00" endTime="2026-09-13T23:18:17.9350985+08:00" testType="13cdc9d9-ddb5-4fa4-a97d-d965ccfc6d4b" outcome="Passed" testListId="8c84fa94-04c1-424b-9868-57a2d4851a1d" relativeResultsDirectory="1878c467-19df-48ac-87e8-6c75f777a4ab" />
    <UnitTestResult executionId="bb23bacf-9a3d-481b-be2c-7bd9afe631a4" testId="38d3ceac-eb5f-6cc2-972b-aae1fe2287f0" testName="SQCD.Agv.WireToGateG2Tests.RecoveryVectorG2Tests.FaultCargoCommandNamingADifferentHandoffIsRefusedWithoutSlotIo" computerName="LAB-WIN-01" duration="00:00:00.0960295" startTime="2026-09-13T23:18:17.9939800+08:00" endTime="2026-09-13T23:18:18.0900738+08:00" testType="13cdc9d9-ddb5-4fa4-a97d-d965ccfc6d4b" outcome="Passed" testListId="8c84fa94-04c1-424b-9868-57a2d4851a1d" relativeResultsDirectory="bb23bacf-9a3d-481b-be2c-7bd9afe631a4" />
    <UnitTestResult executionId="24027c4d-57b4-4ee9-8987-59da5001ac2c" testId="d3e75b3d-172b-c521-f134-61cdc3492851" testName="SQCD.Agv.WireToGateG2Tests.WireToGateG2Tests.DuplicateManualChargingReturnToServiceResultDoesNotRaiseSecondCommand" computerName="LAB-WIN-01" duration="00:00:00.3710972" startTime="2026-09-13T23:18:17.4057348+08:00" endTime="2026-09-13T23:18:17.7824402+08:00" testType="13cdc9d9-ddb5-4fa4-a97d-d965ccfc6d4b" outcome="Passed" testListId="8c84fa94-04c1-424b-9868-57a2d4851a1d" relativeResultsDirectory="24027c4d-57b4-4ee9-8987-59da5001ac2c" />
    <UnitTestResult executionId="7971c3e0-beb2-4c49-b198-f217b7cae65e" testId="b349ee39-1f95-c45a-5d80-8672f6ed44bb" testName="SQCD.Agv.WireToGateG2Tests.RecoveryVectorG2Tests.ForcedMechanicalRecoveryOutcomeIsReportedWithNeitherProofClaimed" computerName="LAB-WIN-01" duration="00:00:00.1422793" startTime="2026-09-13T23:18:18.1872893+08:00" endTime="2026-09-13T23:18:18.3296268+08:00" testType="13cdc9d9-ddb5-4fa4-a97d-d965ccfc6d4b" outcome="Passed" testListId="8c84fa94-04c1-424b-9868-57a2d4851a1d" relativeResultsDirectory="7971c3e0-beb2-4c49-b198-f217b7cae65e" />
    <UnitTestResult executionId="fcd1146d-f10a-4ad5-a90a-5898f427479b" testId="6803a3a4-d48a-70ef-1514-bf0b3898f710" testName="SQCD.Agv.WireToGateG2Tests.WireToGateG2Tests.ManualChargingReturnToServiceAcceptedResultIsCorrelatedToRequestedMessage" computerName="LAB-WIN-01" duration="00:00:00.0430098" startTime="2026-09-13T23:18:17.9896459+08:00" endTime="2026-09-13T23:18:18.0327129+08:00" testType="13cdc9d9-ddb5-4fa4-a97d-d965ccfc6d4b" outcome="Passed" testListId="8c84fa94-04c1-424b-9868-57a2d4851a1d" relativeResultsDirectory="fcd1146d-f10a-4ad5-a90a-5898f427479b" />
  </Results>
  <TestDefinitions>
    <UnitTest name="SQCD.Agv.WireToGateG2Tests.WireToGateG2Tests.DuplicateManualChargingReturnToServiceResultDoesNotRaiseSecondCommand" storage="c:\users\szy\8005-b3\hmi-b3\tests\sqcd.agv.wiretogateg2tests\bin\release\net8.0-windows\win-x64\sqcd.agv.wiretogateg2tests.dll" id="d3e75b3d-172b-c521-f134-61cdc3492851">
      <Execution id="24027c4d-57b4-4ee9-8987-59da5001ac2c" />
      <TestMethod codeBase="C:\Users\szy\8005-b3\hmi-b3\tests\SQCD.Agv.WireToGateG2Tests\bin\Release\net8.0-windows\win-x64\SQCD.Agv.WireToGateG2Tests.dll" adapterTypeName="executor://xunit/VsTestRunner3/netcore/" className="SQCD.Agv.WireToGateG2Tests.WireToGateG2Tests" name="DuplicateManualChargingReturnToServiceResultDoesNotRaiseSecondCommand" />
    </UnitTest>
    <UnitTest name="SQCD.Agv.WireToGateG2Tests.WireToGateG2Tests.MissingManualChargingReturnToServiceResultTimesOutExplicitly" storage="c:\users\szy\8005-b3\hmi-b3\tests\sqcd.agv.wiretogateg2tests\bin\release\net8.0-windows\win-x64\sqcd.agv.wiretogateg2tests.dll" id="1d20d9e9-bd46-6d7c-de9e-07a1e99ab115">
      <Execution id="1878c467-19df-48ac-87e8-6c75f777a4ab" />
      <TestMethod codeBase="C:\Users\szy\8005-b3\hmi-b3\tests\SQCD.Agv.WireToGateG2Tests\bin\Release\net8.0-windows\win-x64\SQCD.Agv.WireToGateG2Tests.dll" adapterTypeName="executor://xunit/VsTestRunner3/netcore/" className="SQCD.Agv.WireToGateG2Tests.WireToGateG2Tests" name="MissingManualChargingReturnToServiceResultTimesOutExplicitly" />
    </UnitTest>
    <UnitTest name="SQCD.Agv.WireToGateG2Tests.WireToGateG2Tests.ManualChargingReturnToServiceAcceptedResultIsCorrelatedToRequestedMessage" storage="c:\users\szy\8005-b3\hmi-b3\tests\sqcd.agv.wiretogateg2tests\bin\release\net8.0-windows\win-x64\sqcd.agv.wiretogateg2tests.dll" id="6803a3a4-d48a-70ef-1514-bf0b3898f710">
      <Execution id="fcd1146d-f10a-4ad5-a90a-5898f427479b" />
      <TestMethod codeBase="C:\Users\szy\8005-b3\hmi-b3\tests\SQCD.Agv.WireToGateG2Tests\bin\Release\net8.0-windows\win-x64\SQCD.Agv.WireToGateG2Tests.dll" adapterTypeName="executor://xunit/VsTestRunner3/netcore/" className="SQCD.Agv.WireToGateG2Tests.WireToGateG2Tests" name="ManualChargingReturnToServiceAcceptedResultIsCorrelatedToRequestedMessage" />
    </UnitTest>
    <UnitTest name="SQCD.Agv.WireToGateG2Tests.WireToGateG2Tests.ManualChargingReturnToServiceRejectedResultPreservesRegisteredProblem" storage="c:\users\szy\8005-b3\hmi-b3\tests\sqcd.agv.wiretogateg2tests\bin\release\net8.0-windows\win-x64\sqcd.agv.wiretogateg2tests.dll" id="327b79e6-b2b9-dd5b-c2ad-e94df224f1b9">
      <Execution id="eddd2a8d-696a-4795-8c64-1cd8a36bb0f1" />
      <TestMethod codeBase="C:\Users\szy\8005-b3\hmi-b3\tests\SQCD.Agv.WireToGateG2Tests\bin\Release\net8.0-windows\win-x64\SQCD.Agv.WireToGateG2Tests.dll" adapterTypeName="executor://xunit/VsTestRunner3/netcore/" className="SQCD.Agv.WireToGateG2Tests.WireToGateG2Tests" name="ManualChargingReturnToServiceRejectedResultPreservesRegisteredProblem" />
    </UnitTest>
    <UnitTest name="SQCD.Agv.WireToGateG2Tests.RecoveryVectorG2Tests.ForcedMechanicalRecoveryOutcomeIsReportedWithNeitherProofClaimed" storage="c:\users\szy\8005-b3\hmi-b3\tests\sqcd.agv.wiretogateg2tests\bin\release\net8.0-windows\win-x64\sqcd.agv.wiretogateg2tests.dll" id="b349ee39-1f95-c45a-5d80-8672f6ed44bb">
      <Execution id="7971c3e0-beb2-4c49-b198-f217b7cae65e" />
      <TestMethod codeBase="C:\Users\szy\8005-b3\hmi-b3\tests\SQCD.Agv.WireToGateG2Tests\bin\Release\net8.0-windows\win-x64\SQCD.Agv.WireToGateG2Tests.dll" adapterTypeName="executor://xunit/VsTestRunner3/netcore/" className="SQCD.Agv.WireToGateG2Tests.RecoveryVectorG2Tests" name="ForcedMechanicalRecoveryOutcomeIsReportedWithNeitherProofClaimed" />
    </UnitTest>
    <UnitTest name="SQCD.Agv.WireToGateG2Tests.RecoveryVectorG2Tests.FaultCargoCommandNamingADifferentHandoffIsRefusedWithoutSlotIo" storage="c:\users\szy\8005-b3\hmi-b3\tests\sqcd.agv.wiretogateg2tests\bin\release\net8.0-windows\win-x64\sqcd.agv.wiretogateg2tests.dll" id="38d3ceac-eb5f-6cc2-972b-aae1fe2287f0">
      <Execution id="bb23bacf-9a3d-481b-be2c-7bd9afe631a4" />
      <TestMethod codeBase="C:\Users\szy\8005-b3\hmi-b3\tests\SQCD.Agv.WireToGateG2Tests\bin\Release\net8.0-windows\win-x64\SQCD.Agv.WireToGateG2Tests.dll" adapterTypeName="executor://xunit/VsTestRunner3/netcore/" className="SQCD.Agv.WireToGateG2Tests.RecoveryVectorG2Tests" name="FaultCargoCommandNamingADifferentHandoffIsRefusedWithoutSlotIo" />
    </UnitTest>
    <UnitTest name="SQCD.Agv.WireToGateG2Tests.RecoveryVectorG2Tests.AuthorizedFaultCargoCommandIsExecutedAndItsOutcomeIsReported" storage="c:\users\szy\8005-b3\hmi-b3\tests\sqcd.agv.wiretogateg2tests\bin\release\net8.0-windows\win-x64\sqcd.agv.wiretogateg2tests.dll" id="92e80a3f-f5f4-585d-96e0-2b28b7aca2aa">
      <Execution id="f5a8b406-aa31-46ad-9b04-94268600a4d2" />
      <TestMethod codeBase="C:\Users\szy\8005-b3\hmi-b3\tests\SQCD.Agv.WireToGateG2Tests\bin\Release\net8.0-windows\win-x64\SQCD.Agv.WireToGateG2Tests.dll" adapterTypeName="executor://xunit/VsTestRunner3/netcore/" className="SQCD.Agv.WireToGateG2Tests.RecoveryVectorG2Tests" name="AuthorizedFaultCargoCommandIsExecutedAndItsOutcomeIsReported" />
    </UnitTest>
    <UnitTest name="SQCD.Agv.WireToGateG2Tests.WireToGateG2Tests.RecoverySessionAndActionResponsesAreCorrelatedWithoutPhysicalIo" storage="c:\users\szy\8005-b3\hmi-b3\tests\sqcd.agv.wiretogateg2tests\bin\release\net8.0-windows\win-x64\sqcd.agv.wiretogateg2tests.dll" id="f8760c22-1ab4-1b38-d1bb-0b0d3c088b52">
      <Execution id="6f4f3f48-3e88-4ebd-8166-14deb255ae28" />
      <TestMethod codeBase="C:\Users\szy\8005-b3\hmi-b3\tests\SQCD.Agv.WireToGateG2Tests\bin\Release\net8.0-windows\win-x64\SQCD.Agv.WireToGateG2Tests.dll" adapterTypeName="executor://xunit/VsTestRunner3/netcore/" className="SQCD.Agv.WireToGateG2Tests.WireToGateG2Tests" name="RecoverySessionAndActionResponsesAreCorrelatedWithoutPhysicalIo" />
    </UnitTest>
    <UnitTest name="SQCD.Agv.WireToGateG2Tests.RecoveryVectorG2Tests.ForcedRecoveryGenerationIsNotRaisedByACommandRefusedOnScope" storage="c:\users\szy\8005-b3\hmi-b3\tests\sqcd.agv.wiretogateg2tests\bin\release\net8.0-windows\win-x64\sqcd.agv.wiretogateg2tests.dll" id="45edc318-109e-4499-66a1-420f55c9cc1e">
      <Execution id="09f493fe-e583-4702-8cd1-eedac90e9016" />
      <TestMethod codeBase="C:\Users\szy\8005-b3\hmi-b3\tests\SQCD.Agv.WireToGateG2Tests\bin\Release\net8.0-windows\win-x64\SQCD.Agv.WireToGateG2Tests.dll" adapterTypeName="executor://xunit/VsTestRunner3/netcore/" className="SQCD.Agv.WireToGateG2Tests.RecoveryVectorG2Tests" name="ForcedRecoveryGenerationIsNotRaisedByACommandRefusedOnScope" />
    </UnitTest>
    <UnitTest name="SQCD.Agv.WireToGateG2Tests.RecoveryVectorG2Tests.StaleForcedRecoveryGenerationIsRefusedWithoutSlotIoOrResult" storage="c:\users\szy\8005-b3\hmi-b3\tests\sqcd.agv.wiretogateg2tests\bin\release\net8.0-windows\win-x64\sqcd.agv.wiretogateg2tests.dll" id="96a478c0-5fd9-d5b7-cda2-103c632d32a2">
      <Execution id="026a502b-2296-4977-8a29-934ae8b1042a" />
      <TestMethod codeBase="C:\Users\szy\8005-b3\hmi-b3\tests\SQCD.Agv.WireToGateG2Tests\bin\Release\net8.0-windows\win-x64\SQCD.Agv.WireToGateG2Tests.dll" adapterTypeName="executor://xunit/VsTestRunner3/netcore/" className="SQCD.Agv.WireToGateG2Tests.RecoveryVectorG2Tests" name="StaleForcedRecoveryGenerationIsRefusedWithoutSlotIoOrResult" />
    </UnitTest>
  </TestDefinitions>
  <TestEntries>
    <TestEntry testId="45edc318-109e-4499-66a1-420f55c9cc1e" executionId="09f493fe-e583-4702-8cd1-eedac90e9016" testListId="8c84fa94-04c1-424b-9868-57a2d4851a1d" />
    <TestEntry testId="327b79e6-b2b9-dd5b-c2ad-e94df224f1b9" executionId="eddd2a8d-696a-4795-8c64-1cd8a36bb0f1" testListId="8c84fa94-04c1-424b-9868-57a2d4851a1d" />
    <TestEntry testId="92e80a3f-f5f4-585d-96e0-2b28b7aca2aa" executionId="f5a8b406-aa31-46ad-9b04-94268600a4d2" testListId="8c84fa94-04c1-424b-9868-57a2d4851a1d" />
    <TestEntry testId="f8760c22-1ab4-1b38-d1bb-0b0d3c088b52" executionId="6f4f3f48-3e88-4ebd-8166-14deb255ae28" testListId="8c84fa94-04c1-424b-9868-57a2d4851a1d" />
    <TestEntry testId="96a478c0-5fd9-d5b7-cda2-103c632d32a2" executionId="026a502b-2296-4977-8a29-934ae8b1042a" testListId="8c84fa94-04c1-424b-9868-57a2d4851a1d" />
    <TestEntry testId="1d20d9e9-bd46-6d7c-de9e-07a1e99ab115" executionId="1878c467-19df-48ac-87e8-6c75f777a4ab" testListId="8c84fa94-04c1-424b-9868-57a2d4851a1d" />
    <TestEntry testId="38d3ceac-eb5f-6cc2-972b-aae1fe2287f0" executionId="bb23bacf-9a3d-481b-be2c-7bd9afe631a4" testListId="8c84fa94-04c1-424b-9868-57a2d4851a1d" />
    <TestEntry testId="d3e75b3d-172b-c521-f134-61cdc3492851" executionId="24027c4d-57b4-4ee9-8987-59da5001ac2c" testListId="8c84fa94-04c1-424b-9868-57a2d4851a1d" />
    <TestEntry testId="b349ee39-1f95-c45a-5d80-8672f6ed44bb" executionId="7971c3e0-beb2-4c49-b198-f217b7cae65e" testListId="8c84fa94-04c1-424b-9868-57a2d4851a1d" />
    <TestEntry testId="6803a3a4-d48a-70ef-1514-bf0b3898f710" executionId="fcd1146d-f10a-4ad5-a90a-5898f427479b" testListId="8c84fa94-04c1-424b-9868-57a2d4851a1d" />
  </TestEntries>
  <TestLists>
    <TestList name="Results Not in a List" id="8c84fa94-04c1-424b-9868-57a2d4851a1d" />
    <TestList name="All Loaded Results" id="19431567-8539-422a-85d7-44ee4e166bda" />
  </TestLists>
  <ResultSummary outcome="Completed">
    <Counters total="10" executed="10" passed="10" failed="0" error="0" timeout="0" aborted="0" inconclusive="0" passedButRunAborted="0" notRunnable="0" notExecuted="0" disconnected="0" warning="0" completed="0" inProgress="0" pending="0" />
    <Output>
      <StdOut>[xUnit.net 00:00:00.00] xUnit.net VSTest Adapter v3.1.5+1b188a7b0a (64-bit .NET 8.0.31)&#xD;
[xUnit.net 00:00:00.20]   Discovering: SQCD.Agv.WireToGateG2Tests&#xD;
[xUnit.net 00:00:00.48]   Discovered:  SQCD.Agv.WireToGateG2Tests&#xD;
[xUnit.net 00:00:00.69]   Starting:    SQCD.Agv.WireToGateG2Tests&#xD;
[xUnit.net 00:00:01.67]   Finished:    SQCD.Agv.WireToGateG2Tests (ID = 'd6d9776723557d28074b4394b5df9d34f4671b5758f9b7bf22398f0084de1550')&#xD;
</StdOut>
    </Output>
  </ResultSummary>
</TestRun>