<?xml version="1.0" encoding="utf-8"?>
<TestRun id="af5cc223-dda3-457e-9d18-4323b289597c" name="szy@LAB-WIN-01 2026-09-09 14:12:27" runUser="LAB-WIN-01\szy" xmlns="http://microsoft.com/schemas/VisualStudio/TeamTest/2010">
  <Times creation="2026-09-09T14:12:27.3181854+08:00" queuing="2026-09-09T14:12:27.3181858+08:00" start="2026-09-09T14:12:25.4013059+08:00" finish="2026-09-09T14:12:27.5026744+08:00" />
  <TestSettings name="default" id="e7951170-8310-4d87-b35f-502e2bddb667">
    <Deployment runDeploymentRoot="szy_LAB-WIN-01_2026-09-09_14_12_27" />
  </TestSettings>
  <Results>
    <UnitTestResult executionId="e98c568b-e51a-4f59-9b86-feb3aefc039f" testId="1016a3a3-fd4f-88e2-59ab-97307c84ea03" testName="SQCD.Agv.WireToGateG2Tests.WireToGateG2Tests.DurableOutboxRejectsDifferentContentForSameDeduplicationKey" computerName="LAB-WIN-01" duration="00:00:00.0214632" startTime="2026-09-09T14:12:27.3587889+08:00" endTime="2026-09-09T14:12:27.3802977+08:00" testType="13cdc9d9-ddb5-4fa4-a97d-d965ccfc6d4b" outcome="Passed" testListId="8c84fa94-04c1-424b-9868-57a2d4851a1d" relativeResultsDirectory="e98c568b-e51a-4f59-9b86-feb3aefc039f" />
    <UnitTestResult executionId="73e68d70-45b0-468c-aa8d-608fa8b12fa8" testId="19472ca4-bb6d-3d02-dfa3-c15cf12a50a4" testName="SQCD.Agv.WireToGateG2Tests.WireToGateG2Tests.DurableOutboxIsAcknowledgedAfterServerDurableAck" computerName="LAB-WIN-01" duration="00:00:00.0366896" startTime="2026-09-09T14:12:27.3808939+08:00" endTime="2026-09-09T14:12:27.4176409+08:00" testType="13cdc9d9-ddb5-4fa4-a97d-d965ccfc6d4b" outcome="Passed" testListId="8c84fa94-04c1-424b-9868-57a2d4851a1d" relativeResultsDirectory="73e68d70-45b0-468c-aa8d-608fa8b12fa8" />
    <UnitTestResult executionId="747536c0-8c87-4991-bfe6-c8f5c4cf60f9" testId="484c0e77-8d21-7473-2fc4-6c8809239b7c" testName="SQCD.Agv.WireToGateG2Tests.WireToGateG2Tests.MissingManualChargingReturnToServiceResultTimesOutExplicitly" computerName="LAB-WIN-01" duration="00:00:00.1602609" startTime="2026-09-09T14:12:27.1978952+08:00" endTime="2026-09-09T14:12:27.3582063+08:00" testType="13cdc9d9-ddb5-4fa4-a97d-d965ccfc6d4b" outcome="Passed" testListId="8c84fa94-04c1-424b-9868-57a2d4851a1d" relativeResultsDirectory="747536c0-8c87-4991-bfe6-c8f5c4cf60f9" />
    <UnitTestResult executionId="a65bfc1a-6245-4ed7-8041-da830dc0135d" testId="2998228b-c84c-764e-91a3-17fc1d33ab6f" testName="SQCD.Agv.WireToGateG2Tests.WireToGateG2Tests.BusinessProgressUsesStableDurableMessageAndDoesNotDuplicateAfterAck" computerName="LAB-WIN-01" duration="00:00:00.3751132" startTime="2026-09-09T14:12:26.6960861+08:00" endTime="2026-09-09T14:12:27.0818506+08:00" testType="13cdc9d9-ddb5-4fa4-a97d-d965ccfc6d4b" outcome="Passed" testListId="8c84fa94-04c1-424b-9868-57a2d4851a1d" relativeResultsDirectory="a65bfc1a-6245-4ed7-8041-da830dc0135d" />
    <UnitTestResult executionId="adbe5255-8fba-45d7-9e0a-5748ab738aad" testId="672cde98-db32-68f0-afdd-443283dd6247" testName="SQCD.Agv.WireToGateG2Tests.WireToGateG2Tests.LostSafetyStateChangedAckReplaysSameIdentityAndBusinessContentFromJournal" computerName="LAB-WIN-01" duration="00:00:00.1050295" startTime="2026-09-09T14:12:27.0920656+08:00" endTime="2026-09-09T14:12:27.1971929+08:00" testType="13cdc9d9-ddb5-4fa4-a97d-d965ccfc6d4b" outcome="Passed" testListId="8c84fa94-04c1-424b-9868-57a2d4851a1d" relativeResultsDirectory="adbe5255-8fba-45d7-9e0a-5748ab738aad" />
  </Results>
  <TestDefinitions>
    <UnitTest name="SQCD.Agv.WireToGateG2Tests.WireToGateG2Tests.LostSafetyStateChangedAckReplaysSameIdentityAndBusinessContentFromJournal" storage="c:\users\szy\desktop\8005-fp\8005-agv-onboard-hmi\tests\sqcd.agv.wiretogateg2tests\bin\release\net8.0-windows\win-x64\sqcd.agv.wiretogateg2tests.dll" id="672cde98-db32-68f0-afdd-443283dd6247">
      <Execution id="adbe5255-8fba-45d7-9e0a-5748ab738aad" />
      <TestMethod codeBase="C:\Users\szy\Desktop\8005-fp\8005-agv-onboard-hmi\tests\SQCD.Agv.WireToGateG2Tests\bin\Release\net8.0-windows\win-x64\SQCD.Agv.WireToGateG2Tests.dll" adapterTypeName="executor://xunit/VsTestRunner3/netcore/" className="SQCD.Agv.WireToGateG2Tests.WireToGateG2Tests" name="LostSafetyStateChangedAckReplaysSameIdentityAndBusinessContentFromJournal" />
    </UnitTest>
    <UnitTest name="SQCD.Agv.WireToGateG2Tests.WireToGateG2Tests.BusinessProgressUsesStableDurableMessageAndDoesNotDuplicateAfterAck" storage="c:\users\szy\desktop\8005-fp\8005-agv-onboard-hmi\tests\sqcd.agv.wiretogateg2tests\bin\release\net8.0-windows\win-x64\sqcd.agv.wiretogateg2tests.dll" id="2998228b-c84c-764e-91a3-17fc1d33ab6f">
      <Execution id="a65bfc1a-6245-4ed7-8041-da830dc0135d" />
      <TestMethod codeBase="C:\Users\szy\Desktop\8005-fp\8005-agv-onboard-hmi\tests\SQCD.Agv.WireToGateG2Tests\bin\Release\net8.0-windows\win-x64\SQCD.Agv.WireToGateG2Tests.dll" adapterTypeName="executor://xunit/VsTestRunner3/netcore/" className="SQCD.Agv.WireToGateG2Tests.WireToGateG2Tests" name="BusinessProgressUsesStableDurableMessageAndDoesNotDuplicateAfterAck" />
    </UnitTest>
    <UnitTest name="SQCD.Agv.WireToGateG2Tests.WireToGateG2Tests.MissingManualChargingReturnToServiceResultTimesOutExplicitly" storage="c:\users\szy\desktop\8005-fp\8005-agv-onboard-hmi\tests\sqcd.agv.wiretogateg2tests\bin\release\net8.0-windows\win-x64\sqcd.agv.wiretogateg2tests.dll" id="484c0e77-8d21-7473-2fc4-6c8809239b7c">
      <Execution id="747536c0-8c87-4991-bfe6-c8f5c4cf60f9" />
      <TestMethod codeBase="C:\Users\szy\Desktop\8005-fp\8005-agv-onboard-hmi\tests\SQCD.Agv.WireToGateG2Tests\bin\Release\net8.0-windows\win-x64\SQCD.Agv.WireToGateG2Tests.dll" adapterTypeName="executor://xunit/VsTestRunner3/netcore/" className="SQCD.Agv.WireToGateG2Tests.WireToGateG2Tests" name="MissingManualChargingReturnToServiceResultTimesOutExplicitly" />
    </UnitTest>
    <UnitTest name="SQCD.Agv.WireToGateG2Tests.WireToGateG2Tests.DurableOutboxRejectsDifferentContentForSameDeduplicationKey" storage="c:\users\szy\desktop\8005-fp\8005-agv-onboard-hmi\tests\sqcd.agv.wiretogateg2tests\bin\release\net8.0-windows\win-x64\sqcd.agv.wiretogateg2tests.dll" id="1016a3a3-fd4f-88e2-59ab-97307c84ea03">
      <Execution id="e98c568b-e51a-4f59-9b86-feb3aefc039f" />
      <TestMethod codeBase="C:\Users\szy\Desktop\8005-fp\8005-agv-onboard-hmi\tests\SQCD.Agv.WireToGateG2Tests\bin\Release\net8.0-windows\win-x64\SQCD.Agv.WireToGateG2Tests.dll" adapterTypeName="executor://xunit/VsTestRunner3/netcore/" className="SQCD.Agv.WireToGateG2Tests.WireToGateG2Tests" name="DurableOutboxRejectsDifferentContentForSameDeduplicationKey" />
    </UnitTest>
    <UnitTest name="SQCD.Agv.WireToGateG2Tests.WireToGateG2Tests.DurableOutboxIsAcknowledgedAfterServerDurableAck" storage="c:\users\szy\desktop\8005-fp\8005-agv-onboard-hmi\tests\sqcd.agv.wiretogateg2tests\bin\release\net8.0-windows\win-x64\sqcd.agv.wiretogateg2tests.dll" id="19472ca4-bb6d-3d02-dfa3-c15cf12a50a4">
      <Execution id="73e68d70-45b0-468c-aa8d-608fa8b12fa8" />
      <TestMethod codeBase="C:\Users\szy\Desktop\8005-fp\8005-agv-onboard-hmi\tests\SQCD.Agv.WireToGateG2Tests\bin\Release\net8.0-windows\win-x64\SQCD.Agv.WireToGateG2Tests.dll" adapterTypeName="executor://xunit/VsTestRunner3/netcore/" className="SQCD.Agv.WireToGateG2Tests.WireToGateG2Tests" name="DurableOutboxIsAcknowledgedAfterServerDurableAck" />
    </UnitTest>
  </TestDefinitions>
  <TestEntries>
    <TestEntry testId="1016a3a3-fd4f-88e2-59ab-97307c84ea03" executionId="e98c568b-e51a-4f59-9b86-feb3aefc039f" testListId="8c84fa94-04c1-424b-9868-57a2d4851a1d" />
    <TestEntry testId="19472ca4-bb6d-3d02-dfa3-c15cf12a50a4" executionId="73e68d70-45b0-468c-aa8d-608fa8b12fa8" testListId="8c84fa94-04c1-424b-9868-57a2d4851a1d" />
    <TestEntry testId="484c0e77-8d21-7473-2fc4-6c8809239b7c" executionId="747536c0-8c87-4991-bfe6-c8f5c4cf60f9" testListId="8c84fa94-04c1-424b-9868-57a2d4851a1d" />
    <TestEntry testId="2998228b-c84c-764e-91a3-17fc1d33ab6f" executionId="a65bfc1a-6245-4ed7-8041-da830dc0135d" testListId="8c84fa94-04c1-424b-9868-57a2d4851a1d" />
    <TestEntry testId="672cde98-db32-68f0-afdd-443283dd6247" executionId="adbe5255-8fba-45d7-9e0a-5748ab738aad" testListId="8c84fa94-04c1-424b-9868-57a2d4851a1d" />
  </TestEntries>
  <TestLists>
    <TestList name="Results Not in a List" id="8c84fa94-04c1-424b-9868-57a2d4851a1d" />
    <TestList name="All Loaded Results" id="19431567-8539-422a-85d7-44ee4e166bda" />
  </TestLists>
  <ResultSummary outcome="Completed">
    <Counters total="5" executed="5" passed="5" failed="0" error="0" timeout="0" aborted="0" inconclusive="0" passedButRunAborted="0" notRunnable="0" notExecuted="0" disconnected="0" warning="0" completed="0" inProgress="0" pending="0" />
    <Output>
      <StdOut>[xUnit.net 00:00:00.00] xUnit.net VSTest Adapter v3.1.5+1b188a7b0a (64-bit .NET 8.0.31)&#xD;
[xUnit.net 00:00:00.23]   Discovering: SQCD.Agv.WireToGateG2Tests&#xD;
[xUnit.net 00:00:00.56]   Discovered:  SQCD.Agv.WireToGateG2Tests&#xD;
[xUnit.net 00:00:00.81]   Starting:    SQCD.Agv.WireToGateG2Tests&#xD;
[xUnit.net 00:00:01.62]   Finished:    SQCD.Agv.WireToGateG2Tests (ID = '6f25aac3fee549dc91a549211e02afea260f545229f43c49d5c6ef14fc505abe')&#xD;
</StdOut>
    </Output>
  </ResultSummary>
</TestRun>