<?xml version="1.0" encoding="utf-8"?>
<TestRun id="0865e4f1-1d78-41c6-9cc2-2317c30c4ec3" name="szy@LAB-WIN-01 2026-09-14 10:57:27" runUser="LAB-WIN-01\szy" xmlns="http://microsoft.com/schemas/VisualStudio/TeamTest/2010">
  <Times creation="2026-09-14T10:57:27.4476451+08:00" queuing="2026-09-14T10:57:27.4476458+08:00" start="2026-09-14T10:57:25.6143108+08:00" finish="2026-09-14T10:57:27.4525449+08:00" />
  <TestSettings name="default" id="d3eaa898-deb7-4a66-baa1-8f1ec80c3c9b">
    <Deployment runDeploymentRoot="szy_LAB-WIN-01_2026-09-14_10_57_27" />
  </TestSettings>
  <Results>
    <UnitTestResult executionId="6c29c614-9958-4b94-9679-30a3e8072841" testId="2d8926a0-1a7d-b733-7ac5-f1c3bd2aa35b" testName="SQCD.Agv.WireToGateG2Tests.WireToGateG2Tests.BusinessProgressUsesStableDurableMessageAndDoesNotDuplicateAfterAck" computerName="LAB-WIN-01" duration="00:00:00.0808516" startTime="2026-09-14T10:57:26.9826843+08:00" endTime="2026-09-14T10:57:27.0636935+08:00" testType="13cdc9d9-ddb5-4fa4-a97d-d965ccfc6d4b" outcome="Passed" testListId="8c84fa94-04c1-424b-9868-57a2d4851a1d" relativeResultsDirectory="6c29c614-9958-4b94-9679-30a3e8072841" />
    <UnitTestResult executionId="5e161937-248d-4beb-9f8f-604605930bce" testId="1d20d9e9-bd46-6d7c-de9e-07a1e99ab115" testName="SQCD.Agv.WireToGateG2Tests.WireToGateG2Tests.MissingManualChargingReturnToServiceResultTimesOutExplicitly" computerName="LAB-WIN-01" duration="00:00:00.1486906" startTime="2026-09-14T10:57:27.0645190+08:00" endTime="2026-09-14T10:57:27.2132664+08:00" testType="13cdc9d9-ddb5-4fa4-a97d-d965ccfc6d4b" outcome="Passed" testListId="8c84fa94-04c1-424b-9868-57a2d4851a1d" relativeResultsDirectory="5e161937-248d-4beb-9f8f-604605930bce" />
    <UnitTestResult executionId="8921a057-d7c0-48ed-803a-ed20e1c4b75f" testId="9a6d3ce8-dab2-f43e-b405-297db5704194" testName="SQCD.Agv.WireToGateG2Tests.WireToGateG2Tests.DurableOutboxIsAcknowledgedAfterServerDurableAck" computerName="LAB-WIN-01" duration="00:00:00.2293845" startTime="2026-09-14T10:57:26.7359352+08:00" endTime="2026-09-14T10:57:26.9744337+08:00" testType="13cdc9d9-ddb5-4fa4-a97d-d965ccfc6d4b" outcome="Passed" testListId="8c84fa94-04c1-424b-9868-57a2d4851a1d" relativeResultsDirectory="8921a057-d7c0-48ed-803a-ed20e1c4b75f" />
    <UnitTestResult executionId="ad59e4e5-89cd-4148-b3a6-4db7bf71e842" testId="257fab51-8c07-8c2f-dbb3-24827f59c891" testName="SQCD.Agv.WireToGateG2Tests.WireToGateG2Tests.LostSafetyStateChangedAckReplaysSameIdentityAndBusinessContentFromJournal" computerName="LAB-WIN-01" duration="00:00:00.0898115" startTime="2026-09-14T10:57:27.2139267+08:00" endTime="2026-09-14T10:57:27.3037964+08:00" testType="13cdc9d9-ddb5-4fa4-a97d-d965ccfc6d4b" outcome="Passed" testListId="8c84fa94-04c1-424b-9868-57a2d4851a1d" relativeResultsDirectory="ad59e4e5-89cd-4148-b3a6-4db7bf71e842" />
    <UnitTestResult executionId="2550e478-9a90-4905-845a-e91dfcf14f6b" testId="236fd6ab-be55-de22-dff9-0b7312b46a17" testName="SQCD.Agv.WireToGateG2Tests.WireToGateG2Tests.DurableOutboxRejectsDifferentContentForSameDeduplicationKey" computerName="LAB-WIN-01" duration="00:00:00.0218463" startTime="2026-09-14T10:57:27.3043978+08:00" endTime="2026-09-14T10:57:27.3262903+08:00" testType="13cdc9d9-ddb5-4fa4-a97d-d965ccfc6d4b" outcome="Passed" testListId="8c84fa94-04c1-424b-9868-57a2d4851a1d" relativeResultsDirectory="2550e478-9a90-4905-845a-e91dfcf14f6b" />
  </Results>
  <TestDefinitions>
    <UnitTest name="SQCD.Agv.WireToGateG2Tests.WireToGateG2Tests.MissingManualChargingReturnToServiceResultTimesOutExplicitly" storage="c:\users\szy\8005-b3\hmi-b3\tests\sqcd.agv.wiretogateg2tests\bin\release\net8.0-windows\win-x64\sqcd.agv.wiretogateg2tests.dll" id="1d20d9e9-bd46-6d7c-de9e-07a1e99ab115">
      <Execution id="5e161937-248d-4beb-9f8f-604605930bce" />
      <TestMethod codeBase="C:\Users\szy\8005-b3\hmi-b3\tests\SQCD.Agv.WireToGateG2Tests\bin\Release\net8.0-windows\win-x64\SQCD.Agv.WireToGateG2Tests.dll" adapterTypeName="executor://xunit/VsTestRunner3/netcore/" className="SQCD.Agv.WireToGateG2Tests.WireToGateG2Tests" name="MissingManualChargingReturnToServiceResultTimesOutExplicitly" />
    </UnitTest>
    <UnitTest name="SQCD.Agv.WireToGateG2Tests.WireToGateG2Tests.DurableOutboxIsAcknowledgedAfterServerDurableAck" storage="c:\users\szy\8005-b3\hmi-b3\tests\sqcd.agv.wiretogateg2tests\bin\release\net8.0-windows\win-x64\sqcd.agv.wiretogateg2tests.dll" id="9a6d3ce8-dab2-f43e-b405-297db5704194">
      <Execution id="8921a057-d7c0-48ed-803a-ed20e1c4b75f" />
      <TestMethod codeBase="C:\Users\szy\8005-b3\hmi-b3\tests\SQCD.Agv.WireToGateG2Tests\bin\Release\net8.0-windows\win-x64\SQCD.Agv.WireToGateG2Tests.dll" adapterTypeName="executor://xunit/VsTestRunner3/netcore/" className="SQCD.Agv.WireToGateG2Tests.WireToGateG2Tests" name="DurableOutboxIsAcknowledgedAfterServerDurableAck" />
    </UnitTest>
    <UnitTest name="SQCD.Agv.WireToGateG2Tests.WireToGateG2Tests.DurableOutboxRejectsDifferentContentForSameDeduplicationKey" storage="c:\users\szy\8005-b3\hmi-b3\tests\sqcd.agv.wiretogateg2tests\bin\release\net8.0-windows\win-x64\sqcd.agv.wiretogateg2tests.dll" id="236fd6ab-be55-de22-dff9-0b7312b46a17">
      <Execution id="2550e478-9a90-4905-845a-e91dfcf14f6b" />
      <TestMethod codeBase="C:\Users\szy\8005-b3\hmi-b3\tests\SQCD.Agv.WireToGateG2Tests\bin\Release\net8.0-windows\win-x64\SQCD.Agv.WireToGateG2Tests.dll" adapterTypeName="executor://xunit/VsTestRunner3/netcore/" className="SQCD.Agv.WireToGateG2Tests.WireToGateG2Tests" name="DurableOutboxRejectsDifferentContentForSameDeduplicationKey" />
    </UnitTest>
    <UnitTest name="SQCD.Agv.WireToGateG2Tests.WireToGateG2Tests.BusinessProgressUsesStableDurableMessageAndDoesNotDuplicateAfterAck" storage="c:\users\szy\8005-b3\hmi-b3\tests\sqcd.agv.wiretogateg2tests\bin\release\net8.0-windows\win-x64\sqcd.agv.wiretogateg2tests.dll" id="2d8926a0-1a7d-b733-7ac5-f1c3bd2aa35b">
      <Execution id="6c29c614-9958-4b94-9679-30a3e8072841" />
      <TestMethod codeBase="C:\Users\szy\8005-b3\hmi-b3\tests\SQCD.Agv.WireToGateG2Tests\bin\Release\net8.0-windows\win-x64\SQCD.Agv.WireToGateG2Tests.dll" adapterTypeName="executor://xunit/VsTestRunner3/netcore/" className="SQCD.Agv.WireToGateG2Tests.WireToGateG2Tests" name="BusinessProgressUsesStableDurableMessageAndDoesNotDuplicateAfterAck" />
    </UnitTest>
    <UnitTest name="SQCD.Agv.WireToGateG2Tests.WireToGateG2Tests.LostSafetyStateChangedAckReplaysSameIdentityAndBusinessContentFromJournal" storage="c:\users\szy\8005-b3\hmi-b3\tests\sqcd.agv.wiretogateg2tests\bin\release\net8.0-windows\win-x64\sqcd.agv.wiretogateg2tests.dll" id="257fab51-8c07-8c2f-dbb3-24827f59c891">
      <Execution id="ad59e4e5-89cd-4148-b3a6-4db7bf71e842" />
      <TestMethod codeBase="C:\Users\szy\8005-b3\hmi-b3\tests\SQCD.Agv.WireToGateG2Tests\bin\Release\net8.0-windows\win-x64\SQCD.Agv.WireToGateG2Tests.dll" adapterTypeName="executor://xunit/VsTestRunner3/netcore/" className="SQCD.Agv.WireToGateG2Tests.WireToGateG2Tests" name="LostSafetyStateChangedAckReplaysSameIdentityAndBusinessContentFromJournal" />
    </UnitTest>
  </TestDefinitions>
  <TestEntries>
    <TestEntry testId="2d8926a0-1a7d-b733-7ac5-f1c3bd2aa35b" executionId="6c29c614-9958-4b94-9679-30a3e8072841" testListId="8c84fa94-04c1-424b-9868-57a2d4851a1d" />
    <TestEntry testId="1d20d9e9-bd46-6d7c-de9e-07a1e99ab115" executionId="5e161937-248d-4beb-9f8f-604605930bce" testListId="8c84fa94-04c1-424b-9868-57a2d4851a1d" />
    <TestEntry testId="9a6d3ce8-dab2-f43e-b405-297db5704194" executionId="8921a057-d7c0-48ed-803a-ed20e1c4b75f" testListId="8c84fa94-04c1-424b-9868-57a2d4851a1d" />
    <TestEntry testId="257fab51-8c07-8c2f-dbb3-24827f59c891" executionId="ad59e4e5-89cd-4148-b3a6-4db7bf71e842" testListId="8c84fa94-04c1-424b-9868-57a2d4851a1d" />
    <TestEntry testId="236fd6ab-be55-de22-dff9-0b7312b46a17" executionId="2550e478-9a90-4905-845a-e91dfcf14f6b" testListId="8c84fa94-04c1-424b-9868-57a2d4851a1d" />
  </TestEntries>
  <TestLists>
    <TestList name="Results Not in a List" id="8c84fa94-04c1-424b-9868-57a2d4851a1d" />
    <TestList name="All Loaded Results" id="19431567-8539-422a-85d7-44ee4e166bda" />
  </TestLists>
  <ResultSummary outcome="Completed">
    <Counters total="5" executed="5" passed="5" failed="0" error="0" timeout="0" aborted="0" inconclusive="0" passedButRunAborted="0" notRunnable="0" notExecuted="0" disconnected="0" warning="0" completed="0" inProgress="0" pending="0" />
    <Output>
      <StdOut>[xUnit.net 00:00:00.00] xUnit.net VSTest Adapter v3.1.5+1b188a7b0a (64-bit .NET 8.0.31)&#xD;
[xUnit.net 00:00:00.20]   Discovering: SQCD.Agv.WireToGateG2Tests&#xD;
[xUnit.net 00:00:00.48]   Discovered:  SQCD.Agv.WireToGateG2Tests&#xD;
[xUnit.net 00:00:00.70]   Starting:    SQCD.Agv.WireToGateG2Tests&#xD;
[xUnit.net 00:00:01.36]   Finished:    SQCD.Agv.WireToGateG2Tests (ID = 'd6d9776723557d28074b4394b5df9d34f4671b5758f9b7bf22398f0084de1550')&#xD;
</StdOut>
    </Output>
  </ResultSummary>
</TestRun>