<?xml version="1.0" encoding="utf-8"?>
<TestRun id="937857cf-2c80-4493-a4aa-0e07e8a0f6f5" name="szy@LAB-WIN-01 2026-09-12 18:13:58" runUser="LAB-WIN-01\szy" xmlns="http://microsoft.com/schemas/VisualStudio/TeamTest/2010">
  <Times creation="2026-09-12T18:13:58.3736107+08:00" queuing="2026-09-12T18:13:58.3736110+08:00" start="2026-09-12T18:13:57.4131771+08:00" finish="2026-09-12T18:13:58.3740137+08:00" />
  <TestSettings name="default" id="c038709b-b2d7-466c-b68c-87efb91c7d80">
    <Deployment runDeploymentRoot="szy_LAB-WIN-01_2026-09-12_18_13_58" />
  </TestSettings>
  <TestLists>
    <TestList name="Results Not in a List" id="8c84fa94-04c1-424b-9868-57a2d4851a1d" />
    <TestList name="All Loaded Results" id="19431567-8539-422a-85d7-44ee4e166bda" />
  </TestLists>
  <ResultSummary outcome="Completed">
    <Counters total="0" executed="0" passed="0" failed="0" error="0" timeout="0" aborted="0" inconclusive="0" passedButRunAborted="0" notRunnable="0" notExecuted="0" disconnected="0" warning="0" completed="0" inProgress="0" pending="0" />
    <Output>
      <StdOut>[xUnit.net 00:00:00.00] xUnit.net VSTest Adapter v3.1.5+1b188a7b0a (64-bit .NET 8.0.31)&#xD;
[xUnit.net 00:00:00.20]   Discovering: SQCD.Agv.UnitTests&#xD;
[xUnit.net 00:00:00.52]   Discovered:  SQCD.Agv.UnitTests&#xD;
</StdOut>
    </Output>
    <RunInfos>
      <RunInfo computerName="LAB-WIN-01" outcome="Warning" timestamp="2026-09-12T18:13:58.3206999+08:00">
        <Text>No test matches the given testcase filter `IntegrationSlice=FP-IS-15` in C:\Users\szy\8005-b3\hmi-g2-e30d421\tests\SQCD.Agv.UnitTests\bin\Release\net8.0\win-x64\SQCD.Agv.UnitTests.dll</Text>
      </RunInfo>
    </RunInfos>
  </ResultSummary>
</TestRun>