<?xml version="1.0" encoding="utf-8"?>
<TestRun id="a9a1f5b1-96fb-4cf5-952c-a63576dfcdd9" name="szy@LAB-WIN-01 2026-09-13 23:58:54" runUser="LAB-WIN-01\szy" xmlns="http://microsoft.com/schemas/VisualStudio/TeamTest/2010">
  <Times creation="2026-09-13T23:58:54.5945846+08:00" queuing="2026-09-13T23:58:54.5945853+08:00" start="2026-09-13T23:58:52.8451007+08:00" finish="2026-09-13T23:58:54.5984850+08:00" />
  <TestSettings name="default" id="f70377f2-a845-47a9-aca9-346cd43250fd">
    <Deployment runDeploymentRoot="szy_LAB-WIN-01_2026-09-13_23_58_54" />
  </TestSettings>
  <Results>
    <UnitTestResult executionId="6eb1f1d7-ac08-48ce-868b-2f1200bd1238" testId="9206fef9-3abc-cdec-d758-729381fc7722" testName="SQCD.Agv.UnitTests.WireToGateRecoveryVectorExecutorTests.ClearSkipsEmptySlotsAndUnlocksOnlyOccupiedSlots" computerName="LAB-WIN-01" duration="00:00:00.0476121" startTime="2026-09-13T23:58:54.4028464+08:00" endTime="2026-09-13T23:58:54.4505635+08:00" testType="13cdc9d9-ddb5-4fa4-a97d-d965ccfc6d4b" outcome="Passed" testListId="8c84fa94-04c1-424b-9868-57a2d4851a1d" relativeResultsDirectory="6eb1f1d7-ac08-48ce-868b-2f1200bd1238" />
    <UnitTestResult executionId="bb8921e0-ad07-4642-a34e-79955e2eb622" testId="6602fde8-1f81-7b0a-f2c9-b130e4c27255" testName="SQCD.Agv.UnitTests.OnboardControllerTests.AuthoritativeJourneyMustContainMatchingSublotBeforeScan" computerName="LAB-WIN-01" duration="00:00:00.3166160" startTime="2026-09-13T23:58:53.9406356+08:00" endTime="2026-09-13T23:58:54.2648117+08:00" testType="13cdc9d9-ddb5-4fa4-a97d-d965ccfc6d4b" outcome="Passed" testListId="8c84fa94-04c1-424b-9868-57a2d4851a1d" relativeResultsDirectory="bb8921e0-ad07-4642-a34e-79955e2eb622" />
    <UnitTestResult executionId="fe55e013-30b6-4d13-941e-987b146905a3" testId="8c5bb7e7-80ed-88b1-f82c-5faa79ccaca2" testName="SQCD.Agv.UnitTests.WireToGateSlotOperationExecutorTests.LoadUsesOnlyServerFrozenSlotsAndJournalsBeforePulses" computerName="LAB-WIN-01" duration="00:00:00.5211314" startTime="2026-09-13T23:58:53.9406238+08:00" endTime="2026-09-13T23:58:54.4680245+08:00" testType="13cdc9d9-ddb5-4fa4-a97d-d965ccfc6d4b" outcome="Passed" testListId="8c84fa94-04c1-424b-9868-57a2d4851a1d" relativeResultsDirectory="fe55e013-30b6-4d13-941e-987b146905a3" />
    <UnitTestResult executionId="c675c857-81b3-4675-a4a8-f645bf285be0" testId="97904812-c155-4f5c-c24f-24b14750a886" testName="SQCD.Agv.UnitTests.WireToGateRecoveryVectorExecutorTests.CorrectionRequiresEmptyThenOccupiedSequence" computerName="LAB-WIN-01" duration="00:00:00.4558457" startTime="2026-09-13T23:58:53.9406270+08:00" endTime="2026-09-13T23:58:54.4017917+08:00" testType="13cdc9d9-ddb5-4fa4-a97d-d965ccfc6d4b" outcome="Passed" testListId="8c84fa94-04c1-424b-9868-57a2d4851a1d" relativeResultsDirectory="c675c857-81b3-4675-a4a8-f645bf285be0" />
  </Results>
  <TestDefinitions>
    <UnitTest name="SQCD.Agv.UnitTests.WireToGateRecoveryVectorExecutorTests.ClearSkipsEmptySlotsAndUnlocksOnlyOccupiedSlots" storage="c:\users\szy\8005-b3\hmi-b3\tests\sqcd.agv.unittests\bin\release\net8.0\win-x64\sqcd.agv.unittests.dll" id="9206fef9-3abc-cdec-d758-729381fc7722">
      <Execution id="6eb1f1d7-ac08-48ce-868b-2f1200bd1238" />
      <TestMethod codeBase="C:\Users\szy\8005-b3\hmi-b3\tests\SQCD.Agv.UnitTests\bin\Release\net8.0\win-x64\SQCD.Agv.UnitTests.dll" adapterTypeName="executor://xunit/VsTestRunner3/netcore/" className="SQCD.Agv.UnitTests.WireToGateRecoveryVectorExecutorTests" name="ClearSkipsEmptySlotsAndUnlocksOnlyOccupiedSlots" />
    </UnitTest>
    <UnitTest name="SQCD.Agv.UnitTests.WireToGateRecoveryVectorExecutorTests.CorrectionRequiresEmptyThenOccupiedSequence" storage="c:\users\szy\8005-b3\hmi-b3\tests\sqcd.agv.unittests\bin\release\net8.0\win-x64\sqcd.agv.unittests.dll" id="97904812-c155-4f5c-c24f-24b14750a886">
      <Execution id="c675c857-81b3-4675-a4a8-f645bf285be0" />
      <TestMethod codeBase="C:\Users\szy\8005-b3\hmi-b3\tests\SQCD.Agv.UnitTests\bin\Release\net8.0\win-x64\SQCD.Agv.UnitTests.dll" adapterTypeName="executor://xunit/VsTestRunner3/netcore/" className="SQCD.Agv.UnitTests.WireToGateRecoveryVectorExecutorTests" name="CorrectionRequiresEmptyThenOccupiedSequence" />
    </UnitTest>
    <UnitTest name="SQCD.Agv.UnitTests.OnboardControllerTests.AuthoritativeJourneyMustContainMatchingSublotBeforeScan" storage="c:\users\szy\8005-b3\hmi-b3\tests\sqcd.agv.unittests\bin\release\net8.0\win-x64\sqcd.agv.unittests.dll" id="6602fde8-1f81-7b0a-f2c9-b130e4c27255">
      <Execution id="bb8921e0-ad07-4642-a34e-79955e2eb622" />
      <TestMethod codeBase="C:\Users\szy\8005-b3\hmi-b3\tests\SQCD.Agv.UnitTests\bin\Release\net8.0\win-x64\SQCD.Agv.UnitTests.dll" adapterTypeName="executor://xunit/VsTestRunner3/netcore/" className="SQCD.Agv.UnitTests.OnboardControllerTests" name="AuthoritativeJourneyMustContainMatchingSublotBeforeScan" />
    </UnitTest>
    <UnitTest name="SQCD.Agv.UnitTests.WireToGateSlotOperationExecutorTests.LoadUsesOnlyServerFrozenSlotsAndJournalsBeforePulses" storage="c:\users\szy\8005-b3\hmi-b3\tests\sqcd.agv.unittests\bin\release\net8.0\win-x64\sqcd.agv.unittests.dll" id="8c5bb7e7-80ed-88b1-f82c-5faa79ccaca2">
      <Execution id="fe55e013-30b6-4d13-941e-987b146905a3" />
      <TestMethod codeBase="C:\Users\szy\8005-b3\hmi-b3\tests\SQCD.Agv.UnitTests\bin\Release\net8.0\win-x64\SQCD.Agv.UnitTests.dll" adapterTypeName="executor://xunit/VsTestRunner3/netcore/" className="SQCD.Agv.UnitTests.WireToGateSlotOperationExecutorTests" name="LoadUsesOnlyServerFrozenSlotsAndJournalsBeforePulses" />
    </UnitTest>
  </TestDefinitions>
  <TestEntries>
    <TestEntry testId="9206fef9-3abc-cdec-d758-729381fc7722" executionId="6eb1f1d7-ac08-48ce-868b-2f1200bd1238" testListId="8c84fa94-04c1-424b-9868-57a2d4851a1d" />
    <TestEntry testId="6602fde8-1f81-7b0a-f2c9-b130e4c27255" executionId="bb8921e0-ad07-4642-a34e-79955e2eb622" testListId="8c84fa94-04c1-424b-9868-57a2d4851a1d" />
    <TestEntry testId="8c5bb7e7-80ed-88b1-f82c-5faa79ccaca2" executionId="fe55e013-30b6-4d13-941e-987b146905a3" testListId="8c84fa94-04c1-424b-9868-57a2d4851a1d" />
    <TestEntry testId="97904812-c155-4f5c-c24f-24b14750a886" executionId="c675c857-81b3-4675-a4a8-f645bf285be0" testListId="8c84fa94-04c1-424b-9868-57a2d4851a1d" />
  </TestEntries>
  <TestLists>
    <TestList name="Results Not in a List" id="8c84fa94-04c1-424b-9868-57a2d4851a1d" />
    <TestList name="All Loaded Results" id="19431567-8539-422a-85d7-44ee4e166bda" />
  </TestLists>
  <ResultSummary outcome="Completed">
    <Counters total="4" executed="4" passed="4" failed="0" error="0" timeout="0" aborted="0" inconclusive="0" passedButRunAborted="0" notRunnable="0" notExecuted="0" disconnected="0" warning="0" completed="0" inProgress="0" pending="0" />
    <Output>
      <StdOut>[xUnit.net 00:00:00.00] xUnit.net VSTest Adapter v3.1.5+1b188a7b0a (64-bit .NET 8.0.31)&#xD;
[xUnit.net 00:00:00.19]   Discovering: SQCD.Agv.UnitTests&#xD;
[xUnit.net 00:00:00.50]   Discovered:  SQCD.Agv.UnitTests&#xD;
[xUnit.net 00:00:00.70]   Starting:    SQCD.Agv.UnitTests&#xD;
[xUnit.net 00:00:01.29]   Finished:    SQCD.Agv.UnitTests (ID = '2636e28e8d300550c239002ed2f5387d3b7f532c63e15fa622bea62f745cc40c')&#xD;
</StdOut>
    </Output>
  </ResultSummary>
</TestRun>