<?xml version="1.0" encoding="utf-8"?>
<TestRun id="76221981-4639-4d64-8af1-bf5bf71236fa" name="szy@LAB-WIN-01 2026-09-13 23:19:23" runUser="LAB-WIN-01\szy" xmlns="http://microsoft.com/schemas/VisualStudio/TeamTest/2010">
  <Times creation="2026-09-13T23:19:23.4827208+08:00" queuing="2026-09-13T23:19:23.4827211+08:00" start="2026-09-13T23:19:21.9867731+08:00" finish="2026-09-13T23:19:23.4866716+08:00" />
  <TestSettings name="default" id="37bb29d6-2bcb-4d7b-8d3b-4ed397754f3c">
    <Deployment runDeploymentRoot="szy_LAB-WIN-01_2026-09-13_23_19_23" />
  </TestSettings>
  <Results>
    <UnitTestResult executionId="ce4ddb15-7a96-4122-8026-f2dd73f48b44" testId="e918c055-ffd9-9d30-7869-cee1ebcc922f" testName="SQCD.Agv.WireToGateG2Tests.WireToGateG2Tests.TheOnboardAlarmSnapshotIsPublishedInTheHandshakeAndAckedUnderItsOwnKind" computerName="LAB-WIN-01" duration="00:00:00.0387505" startTime="2026-09-13T23:19:23.3290694+08:00" endTime="2026-09-13T23:19:23.3678804+08:00" testType="13cdc9d9-ddb5-4fa4-a97d-d965ccfc6d4b" outcome="Passed" testListId="8c84fa94-04c1-424b-9868-57a2d4851a1d" relativeResultsDirectory="ce4ddb15-7a96-4122-8026-f2dd73f48b44" />
    <UnitTestResult executionId="db1eee57-6ee8-4fd0-b9d4-6879de80265e" testId="2dccbb24-8b67-3c93-431a-e51d493a47b3" testName="SQCD.Agv.WireToGateG2Tests.WireToGateG2Tests.AnAlarmRaisedMidSessionIsPublishedAsTheWholeCurrentSetAndTheSessionCarriesOn" computerName="LAB-WIN-01" duration="00:00:00.2330510" startTime="2026-09-13T23:19:23.0373423+08:00" endTime="2026-09-13T23:19:23.2776445+08:00" testType="13cdc9d9-ddb5-4fa4-a97d-d965ccfc6d4b" outcome="Passed" testListId="8c84fa94-04c1-424b-9868-57a2d4851a1d" relativeResultsDirectory="db1eee57-6ee8-4fd0-b9d4-6879de80265e" />
    <UnitTestResult executionId="aaa035d4-e705-4427-8866-c73d46f1b69e" testId="0256823f-8639-0451-aeb8-e71d67f3359f" testName="SQCD.Agv.WireToGateG2Tests.WireToGateG2Tests.TheAlarmMonitorPublishesWhatItEvaluatedAndOnlyWhenTheServerDoesNotAlreadyHoldIt" computerName="LAB-WIN-01" duration="00:00:00.0437707" startTime="2026-09-13T23:19:23.2843243+08:00" endTime="2026-09-13T23:19:23.3281910+08:00" testType="13cdc9d9-ddb5-4fa4-a97d-d965ccfc6d4b" outcome="Passed" testListId="8c84fa94-04c1-424b-9868-57a2d4851a1d" relativeResultsDirectory="aaa035d4-e705-4427-8866-c73d46f1b69e" />
  </Results>
  <TestDefinitions>
    <UnitTest name="SQCD.Agv.WireToGateG2Tests.WireToGateG2Tests.TheAlarmMonitorPublishesWhatItEvaluatedAndOnlyWhenTheServerDoesNotAlreadyHoldIt" storage="c:\users\szy\8005-b3\hmi-b3\tests\sqcd.agv.wiretogateg2tests\bin\release\net8.0-windows\win-x64\sqcd.agv.wiretogateg2tests.dll" id="0256823f-8639-0451-aeb8-e71d67f3359f">
      <Execution id="aaa035d4-e705-4427-8866-c73d46f1b69e" />
      <TestMethod codeBase="C:\Users\szy\8005-b3\hmi-b3\tests\SQCD.Agv.WireToGateG2Tests\bin\Release\net8.0-windows\win-x64\SQCD.Agv.WireToGateG2Tests.dll" adapterTypeName="executor://xunit/VsTestRunner3/netcore/" className="SQCD.Agv.WireToGateG2Tests.WireToGateG2Tests" name="TheAlarmMonitorPublishesWhatItEvaluatedAndOnlyWhenTheServerDoesNotAlreadyHoldIt" />
    </UnitTest>
    <UnitTest name="SQCD.Agv.WireToGateG2Tests.WireToGateG2Tests.TheOnboardAlarmSnapshotIsPublishedInTheHandshakeAndAckedUnderItsOwnKind" storage="c:\users\szy\8005-b3\hmi-b3\tests\sqcd.agv.wiretogateg2tests\bin\release\net8.0-windows\win-x64\sqcd.agv.wiretogateg2tests.dll" id="e918c055-ffd9-9d30-7869-cee1ebcc922f">
      <Execution id="ce4ddb15-7a96-4122-8026-f2dd73f48b44" />
      <TestMethod codeBase="C:\Users\szy\8005-b3\hmi-b3\tests\SQCD.Agv.WireToGateG2Tests\bin\Release\net8.0-windows\win-x64\SQCD.Agv.WireToGateG2Tests.dll" adapterTypeName="executor://xunit/VsTestRunner3/netcore/" className="SQCD.Agv.WireToGateG2Tests.WireToGateG2Tests" name="TheOnboardAlarmSnapshotIsPublishedInTheHandshakeAndAckedUnderItsOwnKind" />
    </UnitTest>
    <UnitTest name="SQCD.Agv.WireToGateG2Tests.WireToGateG2Tests.AnAlarmRaisedMidSessionIsPublishedAsTheWholeCurrentSetAndTheSessionCarriesOn" storage="c:\users\szy\8005-b3\hmi-b3\tests\sqcd.agv.wiretogateg2tests\bin\release\net8.0-windows\win-x64\sqcd.agv.wiretogateg2tests.dll" id="2dccbb24-8b67-3c93-431a-e51d493a47b3">
      <Execution id="db1eee57-6ee8-4fd0-b9d4-6879de80265e" />
      <TestMethod codeBase="C:\Users\szy\8005-b3\hmi-b3\tests\SQCD.Agv.WireToGateG2Tests\bin\Release\net8.0-windows\win-x64\SQCD.Agv.WireToGateG2Tests.dll" adapterTypeName="executor://xunit/VsTestRunner3/netcore/" className="SQCD.Agv.WireToGateG2Tests.WireToGateG2Tests" name="AnAlarmRaisedMidSessionIsPublishedAsTheWholeCurrentSetAndTheSessionCarriesOn" />
    </UnitTest>
  </TestDefinitions>
  <TestEntries>
    <TestEntry testId="e918c055-ffd9-9d30-7869-cee1ebcc922f" executionId="ce4ddb15-7a96-4122-8026-f2dd73f48b44" testListId="8c84fa94-04c1-424b-9868-57a2d4851a1d" />
    <TestEntry testId="2dccbb24-8b67-3c93-431a-e51d493a47b3" executionId="db1eee57-6ee8-4fd0-b9d4-6879de80265e" testListId="8c84fa94-04c1-424b-9868-57a2d4851a1d" />
    <TestEntry testId="0256823f-8639-0451-aeb8-e71d67f3359f" executionId="aaa035d4-e705-4427-8866-c73d46f1b69e" testListId="8c84fa94-04c1-424b-9868-57a2d4851a1d" />
  </TestEntries>
  <TestLists>
    <TestList name="Results Not in a List" id="8c84fa94-04c1-424b-9868-57a2d4851a1d" />
    <TestList name="All Loaded Results" id="19431567-8539-422a-85d7-44ee4e166bda" />
  </TestLists>
  <ResultSummary outcome="Completed">
    <Counters total="3" executed="3" passed="3" failed="0" error="0" timeout="0" aborted="0" inconclusive="0" passedButRunAborted="0" notRunnable="0" notExecuted="0" disconnected="0" warning="0" completed="0" inProgress="0" pending="0" />
    <Output>
      <StdOut>[xUnit.net 00:00:00.00] xUnit.net VSTest Adapter v3.1.5+1b188a7b0a (64-bit .NET 8.0.31)&#xD;
[xUnit.net 00:00:00.21]   Discovering: SQCD.Agv.WireToGateG2Tests&#xD;
[xUnit.net 00:00:00.47]   Discovered:  SQCD.Agv.WireToGateG2Tests&#xD;
[xUnit.net 00:00:00.66]   Starting:    SQCD.Agv.WireToGateG2Tests&#xD;
[xUnit.net 00:00:01.06]   Finished:    SQCD.Agv.WireToGateG2Tests (ID = 'd6d9776723557d28074b4394b5df9d34f4671b5758f9b7bf22398f0084de1550')&#xD;
</StdOut>
    </Output>
  </ResultSummary>
</TestRun>