<?xml version="1.0" encoding="utf-8"?>
<TestRun id="3a30d122-2c6c-48bd-a042-09fa61155e9a" name="szy@LAB-WIN-01 2026-09-13 23:57:51" runUser="LAB-WIN-01\szy" xmlns="http://microsoft.com/schemas/VisualStudio/TeamTest/2010">
  <Times creation="2026-09-13T23:57:51.5361908+08:00" queuing="2026-09-13T23:57:51.5361911+08:00" start="2026-09-13T23:57:49.6651587+08:00" finish="2026-09-13T23:57:52.1858427+08:00" />
  <TestSettings name="default" id="7025e55a-fa9c-4ba1-9d21-f0dccdae6256">
    <Deployment runDeploymentRoot="szy_LAB-WIN-01_2026-09-13_23_57_51" />
  </TestSettings>
  <Results>
    <UnitTestResult executionId="b51c5821-e104-40b7-bc14-529954a78d7f" testId="603ad3a3-e4d3-110d-f8d1-b03840415f73" testName="SQCD.Agv.WireToGateG2Tests.WireToGateG2Tests.SameRevisionDifferentContentFailsClosedWithProtocolProblemReasonCode" computerName="LAB-WIN-01" duration="00:00:00.0547264" startTime="2026-09-13T23:57:51.4459689+08:00" endTime="2026-09-13T23:57:51.5007834+08:00" testType="13cdc9d9-ddb5-4fa4-a97d-d965ccfc6d4b" outcome="Passed" testListId="8c84fa94-04c1-424b-9868-57a2d4851a1d" relativeResultsDirectory="b51c5821-e104-40b7-bc14-529954a78d7f" />
    <UnitTestResult executionId="dd381041-150d-47ae-a81a-323cf518d1c5" testId="b0cee52e-7514-cc9e-6519-6e79c253a91c" testName="SQCD.Agv.WireToGateG2Tests.WireToGateG2Tests.ReconnectDuringRecoveryRebindsDurableReportWithoutUnlockSideEffects" computerName="LAB-WIN-01" duration="00:00:00.0638492" startTime="2026-09-13T23:57:52.0519324+08:00" endTime="2026-09-13T23:57:52.1158510+08:00" testType="13cdc9d9-ddb5-4fa4-a97d-d965ccfc6d4b" outcome="Passed" testListId="8c84fa94-04c1-424b-9868-57a2d4851a1d" relativeResultsDirectory="dd381041-150d-47ae-a81a-323cf518d1c5" />
    <UnitTestResult executionId="cc731585-947b-40ec-b270-6f603489ac29" testId="7e1384ab-f873-a516-f2a1-465bc6653de2" testName="SQCD.Agv.WireToGateG2Tests.WireToGateG2Tests.SameJourneyRevisionWithDifferentContentFailsClosed" computerName="LAB-WIN-01" duration="00:00:00.6118352" startTime="2026-09-13T23:57:50.8247655+08:00" endTime="2026-09-13T23:57:51.4433907+08:00" testType="13cdc9d9-ddb5-4fa4-a97d-d965ccfc6d4b" outcome="Passed" testListId="8c84fa94-04c1-424b-9868-57a2d4851a1d" relativeResultsDirectory="cc731585-947b-40ec-b270-6f603489ac29" />
    <UnitTestResult executionId="ad0c61a0-a951-48e5-9321-459184f97b0e" testId="245c8553-5cba-0f7d-99e5-d981be8d66a7" testName="SQCD.Agv.WireToGateG2Tests.WireToGateG2Tests.AppliedJourneyJournalUsesCanonicalPayloadForSameRevisionIdentity" computerName="LAB-WIN-01" duration="00:00:00.0360686" startTime="2026-09-13T23:57:51.8297376+08:00" endTime="2026-09-13T23:57:51.8658761+08:00" testType="13cdc9d9-ddb5-4fa4-a97d-d965ccfc6d4b" outcome="Passed" testListId="8c84fa94-04c1-424b-9868-57a2d4851a1d" relativeResultsDirectory="ad0c61a0-a951-48e5-9321-459184f97b0e" />
    <UnitTestResult executionId="0ab42162-e50d-4d19-8dd9-b0d05182f9a0" testId="5c8cbc23-4c39-93e6-c994-961233596649" testName="SQCD.Agv.WireToGateG2Tests.WireToGateG2Tests.BusinessBootstrapsRecoveryRequestBeforeServerSnapshot" computerName="LAB-WIN-01" duration="00:00:00.2156957" startTime="2026-09-13T23:57:51.5016782+08:00" endTime="2026-09-13T23:57:51.7174507+08:00" testType="13cdc9d9-ddb5-4fa4-a97d-d965ccfc6d4b" outcome="Passed" testListId="8c84fa94-04c1-424b-9868-57a2d4851a1d" relativeResultsDirectory="0ab42162-e50d-4d19-8dd9-b0d05182f9a0" />
    <UnitTestResult executionId="7a36e359-496f-4a9f-aed5-39c4682d1508" testId="bac7d342-e0d2-2a0e-692f-eeed9be9cd64" testName="SQCD.Agv.WireToGateG2Tests.WireToGateG2Tests.JourneySnapshotsAreProjectedAndHeartbeatDoesNotStealAsyncMessages" computerName="LAB-WIN-01" duration="00:00:00.0708191" startTime="2026-09-13T23:57:51.7183267+08:00" endTime="2026-09-13T23:57:51.7892151+08:00" testType="13cdc9d9-ddb5-4fa4-a97d-d965ccfc6d4b" outcome="Passed" testListId="8c84fa94-04c1-424b-9868-57a2d4851a1d" relativeResultsDirectory="7a36e359-496f-4a9f-aed5-39c4682d1508" />
    <UnitTestResult executionId="c1749391-9a75-49f9-9903-cea48f9abdf1" testId="a45faffc-6496-b421-b277-b5b696cb28c3" testName="SQCD.Agv.WireToGateG2Tests.WireToGateG2Tests.SnapshotReplaceAndAckAcceptsHigherRevisionOnNewConnection" computerName="LAB-WIN-01" duration="00:00:00.0560535" startTime="2026-09-13T23:57:51.9952053+08:00" endTime="2026-09-13T23:57:52.0513250+08:00" testType="13cdc9d9-ddb5-4fa4-a97d-d965ccfc6d4b" outcome="Passed" testListId="8c84fa94-04c1-424b-9868-57a2d4851a1d" relativeResultsDirectory="c1749391-9a75-49f9-9903-cea48f9abdf1" />
    <UnitTestResult executionId="482166a6-0a99-441c-896e-c4be349eaf9e" testId="44113ac2-11a1-591d-3dba-0b7f34012175" testName="SQCD.Agv.WireToGateG2Tests.WireToGateHmiPresentationTests.ReadyWireToGateSessionDoesNotRemainInLegacyConnectingState" computerName="LAB-WIN-01" duration="00:00:00.0004656" startTime="2026-09-13T23:57:51.0663764+08:00" endTime="2026-09-13T23:57:51.0669458+08:00" testType="13cdc9d9-ddb5-4fa4-a97d-d965ccfc6d4b" outcome="Passed" testListId="8c84fa94-04c1-424b-9868-57a2d4851a1d" relativeResultsDirectory="482166a6-0a99-441c-896e-c4be349eaf9e" />
    <UnitTestResult executionId="5a19eaa2-9ec0-4990-8814-157389ed669e" testId="dd814b2e-1119-bae4-e863-51cb5fe709d7" testName="SQCD.Agv.WireToGateG2Tests.WireToGateG2Tests.SameJourneyRevisionsWithStablePayloadAreAcceptedAcrossSessionGenerations" computerName="LAB-WIN-01" duration="00:00:00.1276635" startTime="2026-09-13T23:57:51.8668083+08:00" endTime="2026-09-13T23:57:51.9945428+08:00" testType="13cdc9d9-ddb5-4fa4-a97d-d965ccfc6d4b" outcome="Passed" testListId="8c84fa94-04c1-424b-9868-57a2d4851a1d" relativeResultsDirectory="5a19eaa2-9ec0-4990-8814-157389ed669e" />
    <UnitTestResult executionId="de2f72cb-5fa3-4083-a460-5f56554c3725" testId="f6c0c995-35f1-a0c6-edd5-9a8c97bc3f32" testName="SQCD.Agv.WireToGateG2Tests.WireToGateHmiPresentationTests.RecoveryRequiredIsVisibleWithTheServerReason" computerName="LAB-WIN-01" duration="00:00:00.2277842" startTime="2026-09-13T23:57:50.8247654+08:00" endTime="2026-09-13T23:57:51.0608412+08:00" testType="13cdc9d9-ddb5-4fa4-a97d-d965ccfc6d4b" outcome="Passed" testListId="8c84fa94-04c1-424b-9868-57a2d4851a1d" relativeResultsDirectory="de2f72cb-5fa3-4083-a460-5f56554c3725" />
    <UnitTestResult executionId="5acada60-f6bc-4c0c-a389-b98636892444" testId="4cda975d-2c02-c58b-8078-7e58318a6210" testName="SQCD.Agv.WireToGateG2Tests.WireToGateG2Tests.HappyPathCompletesFullSequenceAndBecomesReady" computerName="LAB-WIN-01" duration="00:00:00.0383870" startTime="2026-09-13T23:57:51.7904067+08:00" endTime="2026-09-13T23:57:51.8288717+08:00" testType="13cdc9d9-ddb5-4fa4-a97d-d965ccfc6d4b" outcome="Passed" testListId="8c84fa94-04c1-424b-9868-57a2d4851a1d" relativeResultsDirectory="5acada60-f6bc-4c0c-a389-b98636892444" />
  </Results>
  <TestDefinitions>
    <UnitTest name="SQCD.Agv.WireToGateG2Tests.WireToGateG2Tests.ReconnectDuringRecoveryRebindsDurableReportWithoutUnlockSideEffects" storage="c:\users\szy\8005-b3\hmi-b3\tests\sqcd.agv.wiretogateg2tests\bin\release\net8.0-windows\win-x64\sqcd.agv.wiretogateg2tests.dll" id="b0cee52e-7514-cc9e-6519-6e79c253a91c">
      <Execution id="dd381041-150d-47ae-a81a-323cf518d1c5" />
      <TestMethod codeBase="C:\Users\szy\8005-b3\hmi-b3\tests\SQCD.Agv.WireToGateG2Tests\bin\Release\net8.0-windows\win-x64\SQCD.Agv.WireToGateG2Tests.dll" adapterTypeName="executor://xunit/VsTestRunner3/netcore/" className="SQCD.Agv.WireToGateG2Tests.WireToGateG2Tests" name="ReconnectDuringRecoveryRebindsDurableReportWithoutUnlockSideEffects" />
    </UnitTest>
    <UnitTest name="SQCD.Agv.WireToGateG2Tests.WireToGateG2Tests.SameRevisionDifferentContentFailsClosedWithProtocolProblemReasonCode" storage="c:\users\szy\8005-b3\hmi-b3\tests\sqcd.agv.wiretogateg2tests\bin\release\net8.0-windows\win-x64\sqcd.agv.wiretogateg2tests.dll" id="603ad3a3-e4d3-110d-f8d1-b03840415f73">
      <Execution id="b51c5821-e104-40b7-bc14-529954a78d7f" />
      <TestMethod codeBase="C:\Users\szy\8005-b3\hmi-b3\tests\SQCD.Agv.WireToGateG2Tests\bin\Release\net8.0-windows\win-x64\SQCD.Agv.WireToGateG2Tests.dll" adapterTypeName="executor://xunit/VsTestRunner3/netcore/" className="SQCD.Agv.WireToGateG2Tests.WireToGateG2Tests" name="SameRevisionDifferentContentFailsClosedWithProtocolProblemReasonCode" />
    </UnitTest>
    <UnitTest name="SQCD.Agv.WireToGateG2Tests.WireToGateHmiPresentationTests.RecoveryRequiredIsVisibleWithTheServerReason" storage="c:\users\szy\8005-b3\hmi-b3\tests\sqcd.agv.wiretogateg2tests\bin\release\net8.0-windows\win-x64\sqcd.agv.wiretogateg2tests.dll" id="f6c0c995-35f1-a0c6-edd5-9a8c97bc3f32">
      <Execution id="de2f72cb-5fa3-4083-a460-5f56554c3725" />
      <TestMethod codeBase="C:\Users\szy\8005-b3\hmi-b3\tests\SQCD.Agv.WireToGateG2Tests\bin\Release\net8.0-windows\win-x64\SQCD.Agv.WireToGateG2Tests.dll" adapterTypeName="executor://xunit/VsTestRunner3/netcore/" className="SQCD.Agv.WireToGateG2Tests.WireToGateHmiPresentationTests" name="RecoveryRequiredIsVisibleWithTheServerReason" />
    </UnitTest>
    <UnitTest name="SQCD.Agv.WireToGateG2Tests.WireToGateG2Tests.AppliedJourneyJournalUsesCanonicalPayloadForSameRevisionIdentity" storage="c:\users\szy\8005-b3\hmi-b3\tests\sqcd.agv.wiretogateg2tests\bin\release\net8.0-windows\win-x64\sqcd.agv.wiretogateg2tests.dll" id="245c8553-5cba-0f7d-99e5-d981be8d66a7">
      <Execution id="ad0c61a0-a951-48e5-9321-459184f97b0e" />
      <TestMethod codeBase="C:\Users\szy\8005-b3\hmi-b3\tests\SQCD.Agv.WireToGateG2Tests\bin\Release\net8.0-windows\win-x64\SQCD.Agv.WireToGateG2Tests.dll" adapterTypeName="executor://xunit/VsTestRunner3/netcore/" className="SQCD.Agv.WireToGateG2Tests.WireToGateG2Tests" name="AppliedJourneyJournalUsesCanonicalPayloadForSameRevisionIdentity" />
    </UnitTest>
    <UnitTest name="SQCD.Agv.WireToGateG2Tests.WireToGateG2Tests.HappyPathCompletesFullSequenceAndBecomesReady" storage="c:\users\szy\8005-b3\hmi-b3\tests\sqcd.agv.wiretogateg2tests\bin\release\net8.0-windows\win-x64\sqcd.agv.wiretogateg2tests.dll" id="4cda975d-2c02-c58b-8078-7e58318a6210">
      <Execution id="5acada60-f6bc-4c0c-a389-b98636892444" />
      <TestMethod codeBase="C:\Users\szy\8005-b3\hmi-b3\tests\SQCD.Agv.WireToGateG2Tests\bin\Release\net8.0-windows\win-x64\SQCD.Agv.WireToGateG2Tests.dll" adapterTypeName="executor://xunit/VsTestRunner3/netcore/" className="SQCD.Agv.WireToGateG2Tests.WireToGateG2Tests" name="HappyPathCompletesFullSequenceAndBecomesReady" />
    </UnitTest>
    <UnitTest name="SQCD.Agv.WireToGateG2Tests.WireToGateG2Tests.JourneySnapshotsAreProjectedAndHeartbeatDoesNotStealAsyncMessages" storage="c:\users\szy\8005-b3\hmi-b3\tests\sqcd.agv.wiretogateg2tests\bin\release\net8.0-windows\win-x64\sqcd.agv.wiretogateg2tests.dll" id="bac7d342-e0d2-2a0e-692f-eeed9be9cd64">
      <Execution id="7a36e359-496f-4a9f-aed5-39c4682d1508" />
      <TestMethod codeBase="C:\Users\szy\8005-b3\hmi-b3\tests\SQCD.Agv.WireToGateG2Tests\bin\Release\net8.0-windows\win-x64\SQCD.Agv.WireToGateG2Tests.dll" adapterTypeName="executor://xunit/VsTestRunner3/netcore/" className="SQCD.Agv.WireToGateG2Tests.WireToGateG2Tests" name="JourneySnapshotsAreProjectedAndHeartbeatDoesNotStealAsyncMessages" />
    </UnitTest>
    <UnitTest name="SQCD.Agv.WireToGateG2Tests.WireToGateG2Tests.SameJourneyRevisionsWithStablePayloadAreAcceptedAcrossSessionGenerations" storage="c:\users\szy\8005-b3\hmi-b3\tests\sqcd.agv.wiretogateg2tests\bin\release\net8.0-windows\win-x64\sqcd.agv.wiretogateg2tests.dll" id="dd814b2e-1119-bae4-e863-51cb5fe709d7">
      <Execution id="5a19eaa2-9ec0-4990-8814-157389ed669e" />
      <TestMethod codeBase="C:\Users\szy\8005-b3\hmi-b3\tests\SQCD.Agv.WireToGateG2Tests\bin\Release\net8.0-windows\win-x64\SQCD.Agv.WireToGateG2Tests.dll" adapterTypeName="executor://xunit/VsTestRunner3/netcore/" className="SQCD.Agv.WireToGateG2Tests.WireToGateG2Tests" name="SameJourneyRevisionsWithStablePayloadAreAcceptedAcrossSessionGenerations" />
    </UnitTest>
    <UnitTest name="SQCD.Agv.WireToGateG2Tests.WireToGateG2Tests.BusinessBootstrapsRecoveryRequestBeforeServerSnapshot" storage="c:\users\szy\8005-b3\hmi-b3\tests\sqcd.agv.wiretogateg2tests\bin\release\net8.0-windows\win-x64\sqcd.agv.wiretogateg2tests.dll" id="5c8cbc23-4c39-93e6-c994-961233596649">
      <Execution id="0ab42162-e50d-4d19-8dd9-b0d05182f9a0" />
      <TestMethod codeBase="C:\Users\szy\8005-b3\hmi-b3\tests\SQCD.Agv.WireToGateG2Tests\bin\Release\net8.0-windows\win-x64\SQCD.Agv.WireToGateG2Tests.dll" adapterTypeName="executor://xunit/VsTestRunner3/netcore/" className="SQCD.Agv.WireToGateG2Tests.WireToGateG2Tests" name="BusinessBootstrapsRecoveryRequestBeforeServerSnapshot" />
    </UnitTest>
    <UnitTest name="SQCD.Agv.WireToGateG2Tests.WireToGateG2Tests.SameJourneyRevisionWithDifferentContentFailsClosed" storage="c:\users\szy\8005-b3\hmi-b3\tests\sqcd.agv.wiretogateg2tests\bin\release\net8.0-windows\win-x64\sqcd.agv.wiretogateg2tests.dll" id="7e1384ab-f873-a516-f2a1-465bc6653de2">
      <Execution id="cc731585-947b-40ec-b270-6f603489ac29" />
      <TestMethod codeBase="C:\Users\szy\8005-b3\hmi-b3\tests\SQCD.Agv.WireToGateG2Tests\bin\Release\net8.0-windows\win-x64\SQCD.Agv.WireToGateG2Tests.dll" adapterTypeName="executor://xunit/VsTestRunner3/netcore/" className="SQCD.Agv.WireToGateG2Tests.WireToGateG2Tests" name="SameJourneyRevisionWithDifferentContentFailsClosed" />
    </UnitTest>
    <UnitTest name="SQCD.Agv.WireToGateG2Tests.WireToGateHmiPresentationTests.ReadyWireToGateSessionDoesNotRemainInLegacyConnectingState" storage="c:\users\szy\8005-b3\hmi-b3\tests\sqcd.agv.wiretogateg2tests\bin\release\net8.0-windows\win-x64\sqcd.agv.wiretogateg2tests.dll" id="44113ac2-11a1-591d-3dba-0b7f34012175">
      <Execution id="482166a6-0a99-441c-896e-c4be349eaf9e" />
      <TestMethod codeBase="C:\Users\szy\8005-b3\hmi-b3\tests\SQCD.Agv.WireToGateG2Tests\bin\Release\net8.0-windows\win-x64\SQCD.Agv.WireToGateG2Tests.dll" adapterTypeName="executor://xunit/VsTestRunner3/netcore/" className="SQCD.Agv.WireToGateG2Tests.WireToGateHmiPresentationTests" name="ReadyWireToGateSessionDoesNotRemainInLegacyConnectingState" />
    </UnitTest>
    <UnitTest name="SQCD.Agv.WireToGateG2Tests.WireToGateG2Tests.SnapshotReplaceAndAckAcceptsHigherRevisionOnNewConnection" storage="c:\users\szy\8005-b3\hmi-b3\tests\sqcd.agv.wiretogateg2tests\bin\release\net8.0-windows\win-x64\sqcd.agv.wiretogateg2tests.dll" id="a45faffc-6496-b421-b277-b5b696cb28c3">
      <Execution id="c1749391-9a75-49f9-9903-cea48f9abdf1" />
      <TestMethod codeBase="C:\Users\szy\8005-b3\hmi-b3\tests\SQCD.Agv.WireToGateG2Tests\bin\Release\net8.0-windows\win-x64\SQCD.Agv.WireToGateG2Tests.dll" adapterTypeName="executor://xunit/VsTestRunner3/netcore/" className="SQCD.Agv.WireToGateG2Tests.WireToGateG2Tests" name="SnapshotReplaceAndAckAcceptsHigherRevisionOnNewConnection" />
    </UnitTest>
  </TestDefinitions>
  <TestEntries>
    <TestEntry testId="603ad3a3-e4d3-110d-f8d1-b03840415f73" executionId="b51c5821-e104-40b7-bc14-529954a78d7f" testListId="8c84fa94-04c1-424b-9868-57a2d4851a1d" />
    <TestEntry testId="b0cee52e-7514-cc9e-6519-6e79c253a91c" executionId="dd381041-150d-47ae-a81a-323cf518d1c5" testListId="8c84fa94-04c1-424b-9868-57a2d4851a1d" />
    <TestEntry testId="7e1384ab-f873-a516-f2a1-465bc6653de2" executionId="cc731585-947b-40ec-b270-6f603489ac29" testListId="8c84fa94-04c1-424b-9868-57a2d4851a1d" />
    <TestEntry testId="245c8553-5cba-0f7d-99e5-d981be8d66a7" executionId="ad0c61a0-a951-48e5-9321-459184f97b0e" testListId="8c84fa94-04c1-424b-9868-57a2d4851a1d" />
    <TestEntry testId="5c8cbc23-4c39-93e6-c994-961233596649" executionId="0ab42162-e50d-4d19-8dd9-b0d05182f9a0" testListId="8c84fa94-04c1-424b-9868-57a2d4851a1d" />
    <TestEntry testId="bac7d342-e0d2-2a0e-692f-eeed9be9cd64" executionId="7a36e359-496f-4a9f-aed5-39c4682d1508" testListId="8c84fa94-04c1-424b-9868-57a2d4851a1d" />
    <TestEntry testId="a45faffc-6496-b421-b277-b5b696cb28c3" executionId="c1749391-9a75-49f9-9903-cea48f9abdf1" testListId="8c84fa94-04c1-424b-9868-57a2d4851a1d" />
    <TestEntry testId="44113ac2-11a1-591d-3dba-0b7f34012175" executionId="482166a6-0a99-441c-896e-c4be349eaf9e" testListId="8c84fa94-04c1-424b-9868-57a2d4851a1d" />
    <TestEntry testId="dd814b2e-1119-bae4-e863-51cb5fe709d7" executionId="5a19eaa2-9ec0-4990-8814-157389ed669e" testListId="8c84fa94-04c1-424b-9868-57a2d4851a1d" />
    <TestEntry testId="f6c0c995-35f1-a0c6-edd5-9a8c97bc3f32" executionId="de2f72cb-5fa3-4083-a460-5f56554c3725" testListId="8c84fa94-04c1-424b-9868-57a2d4851a1d" />
    <TestEntry testId="4cda975d-2c02-c58b-8078-7e58318a6210" executionId="5acada60-f6bc-4c0c-a389-b98636892444" testListId="8c84fa94-04c1-424b-9868-57a2d4851a1d" />
  </TestEntries>
  <TestLists>
    <TestList name="Results Not in a List" id="8c84fa94-04c1-424b-9868-57a2d4851a1d" />
    <TestList name="All Loaded Results" id="19431567-8539-422a-85d7-44ee4e166bda" />
  </TestLists>
  <ResultSummary outcome="Completed">
    <Counters total="11" executed="11" passed="11" failed="0" error="0" timeout="0" aborted="0" inconclusive="0" passedButRunAborted="0" notRunnable="0" notExecuted="0" disconnected="0" warning="0" completed="0" inProgress="0" pending="0" />
    <Output>
      <StdOut>[xUnit.net 00:00:00.00] xUnit.net VSTest Adapter v3.1.5+1b188a7b0a (64-bit .NET 8.0.31)&#xD;
[xUnit.net 00:00:00.21]   Discovering: SQCD.Agv.WireToGateG2Tests&#xD;
[xUnit.net 00:00:00.51]   Discovered:  SQCD.Agv.WireToGateG2Tests&#xD;
[xUnit.net 00:00:00.74]   Starting:    SQCD.Agv.WireToGateG2Tests&#xD;
[xUnit.net 00:00:02.10]   Finished:    SQCD.Agv.WireToGateG2Tests (ID = 'd6d9776723557d28074b4394b5df9d34f4671b5758f9b7bf22398f0084de1550')&#xD;
</StdOut>
    </Output>
  </ResultSummary>
</TestRun>