<?xml version="1.0" encoding="utf-8"?>
<TestRun id="8d5f0e69-5539-4036-92dd-fb1335aac24e" name="szy@LAB-WIN-01 2026-09-18 23:42:52" runUser="LAB-WIN-01\szy" xmlns="http://microsoft.com/schemas/VisualStudio/TeamTest/2010">
  <Times creation="2026-09-18T23:42:52.3455586+08:00" queuing="2026-09-18T23:42:52.3455601+08:00" start="2026-09-18T23:42:48.5641178+08:00" finish="2026-09-18T23:43:19.7640502+08:00" />
  <TestSettings name="default" id="8d35d628-3eb5-4910-8d6f-725d9980a7a2">
    <Deployment runDeploymentRoot="szy_LAB-WIN-01_2026-09-18_23_42_52" />
  </TestSettings>
  <Results>
    <UnitTestResult executionId="9f78c211-bc25-4e4a-b3d6-cb2e498ef124" testId="448e820a-a5bf-0c24-52f1-1ca5fcfd0709" testName="SQCD.Agv.WireToGateG2Tests.WireToGateG2Tests.SlotConfigurationActivationVerifiesTheFingerprintAndReportsTheOutcome" computerName="LAB-WIN-01" duration="00:00:00.4776231" startTime="2026-09-18T23:42:50.7945323+08:00" endTime="2026-09-18T23:42:51.2893015+08:00" testType="13cdc9d9-ddb5-4fa4-a97d-d965ccfc6d4b" outcome="Passed" testListId="8c84fa94-04c1-424b-9868-57a2d4851a1d" relativeResultsDirectory="9f78c211-bc25-4e4a-b3d6-cb2e498ef124" />
    <UnitTestResult executionId="45022231-08a0-4283-ab2b-1f531eaa5609" testId="14240cb6-99cc-a37c-e7e3-a552ba72a641" testName="SQCD.Agv.WireToGateG2Tests.WireToGateG2Tests.SlotConfigurationActivationIsRejectedWithTheStableCodeWhenTheFingerprintDisagrees" computerName="LAB-WIN-01" duration="00:00:00.0838645" startTime="2026-09-18T23:42:51.3049985+08:00" endTime="2026-09-18T23:42:51.3889957+08:00" testType="13cdc9d9-ddb5-4fa4-a97d-d965ccfc6d4b" outcome="Passed" testListId="8c84fa94-04c1-424b-9868-57a2d4851a1d" relativeResultsDirectory="45022231-08a0-4283-ab2b-1f531eaa5609" />
  </Results>
  <TestDefinitions>
    <UnitTest name="SQCD.Agv.WireToGateG2Tests.WireToGateG2Tests.SlotConfigurationActivationIsRejectedWithTheStableCodeWhenTheFingerprintDisagrees" storage="c:\users\szy\desktop\8005-workspace-v2\worktrees\b5-36-8005-agv-onboard-hmi\tests\sqcd.agv.wiretogateg2tests\bin\release\net8.0-windows\win-x64\sqcd.agv.wiretogateg2tests.dll" id="14240cb6-99cc-a37c-e7e3-a552ba72a641">
      <Execution id="45022231-08a0-4283-ab2b-1f531eaa5609" />
      <TestMethod codeBase="C:\Users\szy\Desktop\8005-workspace-v2\worktrees\b5-36-8005-agv-onboard-hmi\tests\SQCD.Agv.WireToGateG2Tests\bin\Release\net8.0-windows\win-x64\SQCD.Agv.WireToGateG2Tests.dll" adapterTypeName="executor://xunit/VsTestRunner3/netcore/" className="SQCD.Agv.WireToGateG2Tests.WireToGateG2Tests" name="SlotConfigurationActivationIsRejectedWithTheStableCodeWhenTheFingerprintDisagrees" />
    </UnitTest>
    <UnitTest name="SQCD.Agv.WireToGateG2Tests.WireToGateG2Tests.SlotConfigurationActivationVerifiesTheFingerprintAndReportsTheOutcome" storage="c:\users\szy\desktop\8005-workspace-v2\worktrees\b5-36-8005-agv-onboard-hmi\tests\sqcd.agv.wiretogateg2tests\bin\release\net8.0-windows\win-x64\sqcd.agv.wiretogateg2tests.dll" id="448e820a-a5bf-0c24-52f1-1ca5fcfd0709">
      <Execution id="9f78c211-bc25-4e4a-b3d6-cb2e498ef124" />
      <TestMethod codeBase="C:\Users\szy\Desktop\8005-workspace-v2\worktrees\b5-36-8005-agv-onboard-hmi\tests\SQCD.Agv.WireToGateG2Tests\bin\Release\net8.0-windows\win-x64\SQCD.Agv.WireToGateG2Tests.dll" adapterTypeName="executor://xunit/VsTestRunner3/netcore/" className="SQCD.Agv.WireToGateG2Tests.WireToGateG2Tests" name="SlotConfigurationActivationVerifiesTheFingerprintAndReportsTheOutcome" />
    </UnitTest>
  </TestDefinitions>
  <TestEntries>
    <TestEntry testId="448e820a-a5bf-0c24-52f1-1ca5fcfd0709" executionId="9f78c211-bc25-4e4a-b3d6-cb2e498ef124" testListId="8c84fa94-04c1-424b-9868-57a2d4851a1d" />
    <TestEntry testId="14240cb6-99cc-a37c-e7e3-a552ba72a641" executionId="45022231-08a0-4283-ab2b-1f531eaa5609" testListId="8c84fa94-04c1-424b-9868-57a2d4851a1d" />
  </TestEntries>
  <TestLists>
    <TestList name="Results Not in a List" id="8c84fa94-04c1-424b-9868-57a2d4851a1d" />
    <TestList name="All Loaded Results" id="19431567-8539-422a-85d7-44ee4e166bda" />
  </TestLists>
  <ResultSummary outcome="Completed">
    <Counters total="2" executed="2" passed="2" failed="0" error="0" timeout="0" aborted="0" inconclusive="0" passedButRunAborted="0" notRunnable="0" notExecuted="0" disconnected="0" warning="0" completed="0" inProgress="0" pending="0" />
    <Output>
      <StdOut>[xUnit.net 00:00:00.00] xUnit.net VSTest Adapter v3.1.5+1b188a7b0a (64-bit .NET 8.0.31)&#xD;
[xUnit.net 00:00:00.38]   Discovering: SQCD.Agv.WireToGateG2Tests&#xD;
[xUnit.net 00:00:00.96]   Discovered:  SQCD.Agv.WireToGateG2Tests&#xD;
[xUnit.net 00:00:01.36]   Starting:    SQCD.Agv.WireToGateG2Tests&#xD;
[xUnit.net 00:00:30.35]   Finished:    SQCD.Agv.WireToGateG2Tests (ID = '1f4b8461a76719b8122d6b13eccd6597254cf7f45da3b83e58313862baca6411')&#xD;
</StdOut>
    </Output>
  </ResultSummary>
</TestRun>