<?xml version="1.0" encoding="utf-8"?>
<TestRun id="61b6acca-bb76-4900-bbd6-1712d28ffbd1" name="szy@LAB-WIN-01 2026-09-19 01:34:43" runUser="LAB-WIN-01\szy" xmlns="http://microsoft.com/schemas/VisualStudio/TeamTest/2010">
  <Times creation="2026-09-19T01:34:43.8541880+08:00" queuing="2026-09-19T01:34:43.8541882+08:00" start="2026-09-19T01:34:42.1871159+08:00" finish="2026-09-19T01:34:43.8593810+08:00" />
  <TestSettings name="default" id="95546481-5b05-44ca-9bcd-d2de7927676b">
    <Deployment runDeploymentRoot="szy_LAB-WIN-01_2026-09-19_01_34_43" />
  </TestSettings>
  <Results>
    <UnitTestResult executionId="cb051b19-72b0-4cf9-9743-03bef665fda3" testId="24ba1146-32f2-d9e7-ab5b-cce93f9ddfad" testName="SQCD.Agv.UnitTests.OnboardControllerTests.SuccessfulResultIsRetriedWithSameMessageAfterConnectionRecovers" computerName="LAB-WIN-01" duration="00:00:00.2777354" startTime="2026-09-19T01:34:43.4079499+08:00" endTime="2026-09-19T01:34:43.6964234+08:00" testType="13cdc9d9-ddb5-4fa4-a97d-d965ccfc6d4b" outcome="Passed" testListId="8c84fa94-04c1-424b-9868-57a2d4851a1d" relativeResultsDirectory="cb051b19-72b0-4cf9-9743-03bef665fda3" />
    <UnitTestResult executionId="4050a5d0-255b-454a-af64-c79da00d5963" testId="4b7613ba-d8c4-344a-20b6-e7dbd6122fe1" testName="SQCD.Agv.UnitTests.WireToGateSlotOperationExecutorTests.LoadUsesOnlyServerFrozenSlotsAndJournalsBeforePulses" computerName="LAB-WIN-01" duration="00:00:00.2992175" startTime="2026-09-19T01:34:43.4079430+08:00" endTime="2026-09-19T01:34:43.7138739+08:00" testType="13cdc9d9-ddb5-4fa4-a97d-d965ccfc6d4b" outcome="Passed" testListId="8c84fa94-04c1-424b-9868-57a2d4851a1d" relativeResultsDirectory="4050a5d0-255b-454a-af64-c79da00d5963" />
  </Results>
  <TestDefinitions>
    <UnitTest name="SQCD.Agv.UnitTests.OnboardControllerTests.SuccessfulResultIsRetriedWithSameMessageAfterConnectionRecovers" storage="c:\users\szy\desktop\8005-workspace-v2\worktrees\tmp-g2-8005-agv-onboard-hmi\tests\sqcd.agv.unittests\bin\release\net8.0\win-x64\sqcd.agv.unittests.dll" id="24ba1146-32f2-d9e7-ab5b-cce93f9ddfad">
      <Execution id="cb051b19-72b0-4cf9-9743-03bef665fda3" />
      <TestMethod codeBase="C:\Users\szy\Desktop\8005-workspace-v2\worktrees\tmp-g2-8005-agv-onboard-hmi\tests\SQCD.Agv.UnitTests\bin\Release\net8.0\win-x64\SQCD.Agv.UnitTests.dll" adapterTypeName="executor://xunit/VsTestRunner3/netcore/" className="SQCD.Agv.UnitTests.OnboardControllerTests" name="SuccessfulResultIsRetriedWithSameMessageAfterConnectionRecovers" />
    </UnitTest>
    <UnitTest name="SQCD.Agv.UnitTests.WireToGateSlotOperationExecutorTests.LoadUsesOnlyServerFrozenSlotsAndJournalsBeforePulses" storage="c:\users\szy\desktop\8005-workspace-v2\worktrees\tmp-g2-8005-agv-onboard-hmi\tests\sqcd.agv.unittests\bin\release\net8.0\win-x64\sqcd.agv.unittests.dll" id="4b7613ba-d8c4-344a-20b6-e7dbd6122fe1">
      <Execution id="4050a5d0-255b-454a-af64-c79da00d5963" />
      <TestMethod codeBase="C:\Users\szy\Desktop\8005-workspace-v2\worktrees\tmp-g2-8005-agv-onboard-hmi\tests\SQCD.Agv.UnitTests\bin\Release\net8.0\win-x64\SQCD.Agv.UnitTests.dll" adapterTypeName="executor://xunit/VsTestRunner3/netcore/" className="SQCD.Agv.UnitTests.WireToGateSlotOperationExecutorTests" name="LoadUsesOnlyServerFrozenSlotsAndJournalsBeforePulses" />
    </UnitTest>
  </TestDefinitions>
  <TestEntries>
    <TestEntry testId="24ba1146-32f2-d9e7-ab5b-cce93f9ddfad" executionId="cb051b19-72b0-4cf9-9743-03bef665fda3" testListId="8c84fa94-04c1-424b-9868-57a2d4851a1d" />
    <TestEntry testId="4b7613ba-d8c4-344a-20b6-e7dbd6122fe1" executionId="4050a5d0-255b-454a-af64-c79da00d5963" testListId="8c84fa94-04c1-424b-9868-57a2d4851a1d" />
  </TestEntries>
  <TestLists>
    <TestList name="Results Not in a List" id="8c84fa94-04c1-424b-9868-57a2d4851a1d" />
    <TestList name="All Loaded Results" id="19431567-8539-422a-85d7-44ee4e166bda" />
  </TestLists>
  <ResultSummary outcome="Completed">
    <Counters total="2" executed="2" passed="2" failed="0" error="0" timeout="0" aborted="0" inconclusive="0" passedButRunAborted="0" notRunnable="0" notExecuted="0" disconnected="0" warning="0" completed="0" inProgress="0" pending="0" />
    <Output>
      <StdOut>[xUnit.net 00:00:00.00] xUnit.net VSTest Adapter v3.1.5+1b188a7b0a (64-bit .NET 8.0.31)&#xD;
[xUnit.net 00:00:00.20]   Discovering: SQCD.Agv.UnitTests&#xD;
[xUnit.net 00:00:00.60]   Discovered:  SQCD.Agv.UnitTests&#xD;
[xUnit.net 00:00:00.81]   Starting:    SQCD.Agv.UnitTests&#xD;
[xUnit.net 00:00:01.18]   Finished:    SQCD.Agv.UnitTests (ID = '8724dec3e387d55562c060f5d299c86fc65051e0ff49a79ad19eb7415ce7ebe4')&#xD;
</StdOut>
    </Output>
  </ResultSummary>
</TestRun>