<?xml version="1.0" encoding="utf-8"?>
<TestRun id="7df8edcf-b123-457c-8ce1-55d808ceb875" name="szy@LAB-WIN-01 2026-09-19 01:34:44" runUser="LAB-WIN-01\szy" xmlns="http://microsoft.com/schemas/VisualStudio/TeamTest/2010">
  <Times creation="2026-09-19T01:34:44.0593637+08:00" queuing="2026-09-19T01:34:44.0593642+08:00" start="2026-09-19T01:34:42.1885098+08:00" finish="2026-09-19T01:35:07.4084175+08:00" />
  <TestSettings name="default" id="145327ff-00f8-4d0d-b284-aa373d134f88">
    <Deployment runDeploymentRoot="szy_LAB-WIN-01_2026-09-19_01_34_44" />
  </TestSettings>
  <Results>
    <UnitTestResult executionId="58fb396f-02ae-4950-8865-d132b3ee7daa" testId="79d321e6-e462-2056-2d24-68467b7dc936" testName="SQCD.Agv.WireToGateG2Tests.WireToGateG2Tests.LostOperationResultAckIsReplayedAndTheSameConnectionCompletesTheHandshake" computerName="LAB-WIN-01" duration="00:00:00.1143540" startTime="2026-09-19T01:34:43.7846932+08:00" endTime="2026-09-19T01:34:43.8991565+08:00" testType="13cdc9d9-ddb5-4fa4-a97d-d965ccfc6d4b" outcome="Passed" testListId="8c84fa94-04c1-424b-9868-57a2d4851a1d" relativeResultsDirectory="58fb396f-02ae-4950-8865-d132b3ee7daa" />
    <UnitTestResult executionId="88b38ba8-7856-4ca9-9afe-5c0dddc3048f" testId="3160a39f-0051-7736-db7d-1265f10a1ed9" testName="SQCD.Agv.WireToGateG2Tests.WireToGateG2Tests.SameJourneyRevisionsWithStablePayloadAreAcceptedAcrossSessionGenerations" computerName="LAB-WIN-01" duration="00:00:00.4181495" startTime="2026-09-19T01:34:43.3465410+08:00" endTime="2026-09-19T01:34:43.7742477+08:00" testType="13cdc9d9-ddb5-4fa4-a97d-d965ccfc6d4b" outcome="Passed" testListId="8c84fa94-04c1-424b-9868-57a2d4851a1d" relativeResultsDirectory="88b38ba8-7856-4ca9-9afe-5c0dddc3048f" />
    <UnitTestResult executionId="b14c272e-a518-4146-a13d-80cf56519272" testId="ab8187a5-d7d6-1829-3f92-afa90501f31f" testName="SQCD.Agv.WireToGateG2Tests.WireToGateG2Tests.ReconnectDuringRecoverySupersedesInterruptedReportWithFreshHandshake" computerName="LAB-WIN-01" duration="00:00:00.1112742" startTime="2026-09-19T01:34:43.8998301+08:00" endTime="2026-09-19T01:34:44.0111623+08:00" testType="13cdc9d9-ddb5-4fa4-a97d-d965ccfc6d4b" outcome="Passed" testListId="8c84fa94-04c1-424b-9868-57a2d4851a1d" relativeResultsDirectory="b14c272e-a518-4146-a13d-80cf56519272" />
    <UnitTestResult executionId="7d44fdc1-8d72-49a3-a20b-b96ed8631d92" testId="c4c6e2b4-6b27-2d8e-b9ba-5d4cbe4c6f39" testName="SQCD.Agv.WireToGateG2Tests.WireToGateG2Tests.BusinessResendsSafetyStateAfterSessionGenerationChangeWhileVehicleIdle" computerName="LAB-WIN-01" duration="00:00:00.0872624" startTime="2026-09-19T01:34:44.1603215+08:00" endTime="2026-09-19T01:34:44.2476607+08:00" testType="13cdc9d9-ddb5-4fa4-a97d-d965ccfc6d4b" outcome="Passed" testListId="8c84fa94-04c1-424b-9868-57a2d4851a1d" relativeResultsDirectory="7d44fdc1-8d72-49a3-a20b-b96ed8631d92" />
    <UnitTestResult executionId="7797bd07-ebd7-4795-a2f4-85a9e1d29188" testId="48706cca-dbc8-98a5-1556-9acf111b5eb1" testName="SQCD.Agv.WireToGateG2Tests.WireToGateG2Tests.BusinessSafetySendFailureDisconnectsAndReplaysPendingRevision" computerName="LAB-WIN-01" duration="00:00:00.1475448" startTime="2026-09-19T01:34:44.0122164+08:00" endTime="2026-09-19T01:34:44.1598191+08:00" testType="13cdc9d9-ddb5-4fa4-a97d-d965ccfc6d4b" outcome="Passed" testListId="8c84fa94-04c1-424b-9868-57a2d4851a1d" relativeResultsDirectory="7797bd07-ebd7-4795-a2f4-85a9e1d29188" />
  </Results>
  <TestDefinitions>
    <UnitTest name="SQCD.Agv.WireToGateG2Tests.WireToGateG2Tests.BusinessSafetySendFailureDisconnectsAndReplaysPendingRevision" storage="c:\users\szy\desktop\8005-workspace-v2\worktrees\tmp-g2-8005-agv-onboard-hmi\tests\sqcd.agv.wiretogateg2tests\bin\release\net8.0-windows\win-x64\sqcd.agv.wiretogateg2tests.dll" id="48706cca-dbc8-98a5-1556-9acf111b5eb1">
      <Execution id="7797bd07-ebd7-4795-a2f4-85a9e1d29188" />
      <TestMethod codeBase="C:\Users\szy\Desktop\8005-workspace-v2\worktrees\tmp-g2-8005-agv-onboard-hmi\tests\SQCD.Agv.WireToGateG2Tests\bin\Release\net8.0-windows\win-x64\SQCD.Agv.WireToGateG2Tests.dll" adapterTypeName="executor://xunit/VsTestRunner3/netcore/" className="SQCD.Agv.WireToGateG2Tests.WireToGateG2Tests" name="BusinessSafetySendFailureDisconnectsAndReplaysPendingRevision" />
    </UnitTest>
    <UnitTest name="SQCD.Agv.WireToGateG2Tests.WireToGateG2Tests.SameJourneyRevisionsWithStablePayloadAreAcceptedAcrossSessionGenerations" storage="c:\users\szy\desktop\8005-workspace-v2\worktrees\tmp-g2-8005-agv-onboard-hmi\tests\sqcd.agv.wiretogateg2tests\bin\release\net8.0-windows\win-x64\sqcd.agv.wiretogateg2tests.dll" id="3160a39f-0051-7736-db7d-1265f10a1ed9">
      <Execution id="88b38ba8-7856-4ca9-9afe-5c0dddc3048f" />
      <TestMethod codeBase="C:\Users\szy\Desktop\8005-workspace-v2\worktrees\tmp-g2-8005-agv-onboard-hmi\tests\SQCD.Agv.WireToGateG2Tests\bin\Release\net8.0-windows\win-x64\SQCD.Agv.WireToGateG2Tests.dll" adapterTypeName="executor://xunit/VsTestRunner3/netcore/" className="SQCD.Agv.WireToGateG2Tests.WireToGateG2Tests" name="SameJourneyRevisionsWithStablePayloadAreAcceptedAcrossSessionGenerations" />
    </UnitTest>
    <UnitTest name="SQCD.Agv.WireToGateG2Tests.WireToGateG2Tests.BusinessResendsSafetyStateAfterSessionGenerationChangeWhileVehicleIdle" storage="c:\users\szy\desktop\8005-workspace-v2\worktrees\tmp-g2-8005-agv-onboard-hmi\tests\sqcd.agv.wiretogateg2tests\bin\release\net8.0-windows\win-x64\sqcd.agv.wiretogateg2tests.dll" id="c4c6e2b4-6b27-2d8e-b9ba-5d4cbe4c6f39">
      <Execution id="7d44fdc1-8d72-49a3-a20b-b96ed8631d92" />
      <TestMethod codeBase="C:\Users\szy\Desktop\8005-workspace-v2\worktrees\tmp-g2-8005-agv-onboard-hmi\tests\SQCD.Agv.WireToGateG2Tests\bin\Release\net8.0-windows\win-x64\SQCD.Agv.WireToGateG2Tests.dll" adapterTypeName="executor://xunit/VsTestRunner3/netcore/" className="SQCD.Agv.WireToGateG2Tests.WireToGateG2Tests" name="BusinessResendsSafetyStateAfterSessionGenerationChangeWhileVehicleIdle" />
    </UnitTest>
    <UnitTest name="SQCD.Agv.WireToGateG2Tests.WireToGateG2Tests.ReconnectDuringRecoverySupersedesInterruptedReportWithFreshHandshake" storage="c:\users\szy\desktop\8005-workspace-v2\worktrees\tmp-g2-8005-agv-onboard-hmi\tests\sqcd.agv.wiretogateg2tests\bin\release\net8.0-windows\win-x64\sqcd.agv.wiretogateg2tests.dll" id="ab8187a5-d7d6-1829-3f92-afa90501f31f">
      <Execution id="b14c272e-a518-4146-a13d-80cf56519272" />
      <TestMethod codeBase="C:\Users\szy\Desktop\8005-workspace-v2\worktrees\tmp-g2-8005-agv-onboard-hmi\tests\SQCD.Agv.WireToGateG2Tests\bin\Release\net8.0-windows\win-x64\SQCD.Agv.WireToGateG2Tests.dll" adapterTypeName="executor://xunit/VsTestRunner3/netcore/" className="SQCD.Agv.WireToGateG2Tests.WireToGateG2Tests" name="ReconnectDuringRecoverySupersedesInterruptedReportWithFreshHandshake" />
    </UnitTest>
    <UnitTest name="SQCD.Agv.WireToGateG2Tests.WireToGateG2Tests.LostOperationResultAckIsReplayedAndTheSameConnectionCompletesTheHandshake" storage="c:\users\szy\desktop\8005-workspace-v2\worktrees\tmp-g2-8005-agv-onboard-hmi\tests\sqcd.agv.wiretogateg2tests\bin\release\net8.0-windows\win-x64\sqcd.agv.wiretogateg2tests.dll" id="79d321e6-e462-2056-2d24-68467b7dc936">
      <Execution id="58fb396f-02ae-4950-8865-d132b3ee7daa" />
      <TestMethod codeBase="C:\Users\szy\Desktop\8005-workspace-v2\worktrees\tmp-g2-8005-agv-onboard-hmi\tests\SQCD.Agv.WireToGateG2Tests\bin\Release\net8.0-windows\win-x64\SQCD.Agv.WireToGateG2Tests.dll" adapterTypeName="executor://xunit/VsTestRunner3/netcore/" className="SQCD.Agv.WireToGateG2Tests.WireToGateG2Tests" name="LostOperationResultAckIsReplayedAndTheSameConnectionCompletesTheHandshake" />
    </UnitTest>
  </TestDefinitions>
  <TestEntries>
    <TestEntry testId="79d321e6-e462-2056-2d24-68467b7dc936" executionId="58fb396f-02ae-4950-8865-d132b3ee7daa" testListId="8c84fa94-04c1-424b-9868-57a2d4851a1d" />
    <TestEntry testId="3160a39f-0051-7736-db7d-1265f10a1ed9" executionId="88b38ba8-7856-4ca9-9afe-5c0dddc3048f" testListId="8c84fa94-04c1-424b-9868-57a2d4851a1d" />
    <TestEntry testId="ab8187a5-d7d6-1829-3f92-afa90501f31f" executionId="b14c272e-a518-4146-a13d-80cf56519272" testListId="8c84fa94-04c1-424b-9868-57a2d4851a1d" />
    <TestEntry testId="c4c6e2b4-6b27-2d8e-b9ba-5d4cbe4c6f39" executionId="7d44fdc1-8d72-49a3-a20b-b96ed8631d92" testListId="8c84fa94-04c1-424b-9868-57a2d4851a1d" />
    <TestEntry testId="48706cca-dbc8-98a5-1556-9acf111b5eb1" executionId="7797bd07-ebd7-4795-a2f4-85a9e1d29188" testListId="8c84fa94-04c1-424b-9868-57a2d4851a1d" />
  </TestEntries>
  <TestLists>
    <TestList name="Results Not in a List" id="8c84fa94-04c1-424b-9868-57a2d4851a1d" />
    <TestList name="All Loaded Results" id="19431567-8539-422a-85d7-44ee4e166bda" />
  </TestLists>
  <ResultSummary outcome="Completed">
    <Counters total="5" executed="5" passed="5" failed="0" error="0" timeout="0" aborted="0" inconclusive="0" passedButRunAborted="0" notRunnable="0" notExecuted="0" disconnected="0" warning="0" completed="0" inProgress="0" pending="0" />
    <Output>
      <StdOut>[xUnit.net 00:00:00.00] xUnit.net VSTest Adapter v3.1.5+1b188a7b0a (64-bit .NET 8.0.31)&#xD;
[xUnit.net 00:00:00.20]   Discovering: SQCD.Agv.WireToGateG2Tests&#xD;
[xUnit.net 00:00:00.54]   Discovered:  SQCD.Agv.WireToGateG2Tests&#xD;
[xUnit.net 00:00:00.74]   Starting:    SQCD.Agv.WireToGateG2Tests&#xD;
[xUnit.net 00:00:24.81]   Finished:    SQCD.Agv.WireToGateG2Tests (ID = '9dfbd529c501784baadf1cffecaffbddcb5f3a3bd191f3bf3c609cac025661a3')&#xD;
</StdOut>
    </Output>
  </ResultSummary>
</TestRun>