<?xml version="1.0" encoding="utf-8"?>
<TestRun id="b94857cd-9521-46cc-bd29-c448128450ec" name="szy@LAB-WIN-01 2026-09-12 22:53:40" runUser="LAB-WIN-01\szy" xmlns="http://microsoft.com/schemas/VisualStudio/TeamTest/2010">
  <Times creation="2026-09-12T22:53:40.0807653+08:00" queuing="2026-09-12T22:53:40.0807657+08:00" start="2026-09-12T22:53:38.5265083+08:00" finish="2026-09-12T22:53:40.0848210+08:00" />
  <TestSettings name="default" id="d33276b0-45d8-4d55-90ec-de5a2ffc2ca3">
    <Deployment runDeploymentRoot="szy_LAB-WIN-01_2026-09-12_22_53_40" />
  </TestSettings>
  <Results>
    <UnitTestResult executionId="eaebc425-b670-4cb1-a06f-37f1e4591d57" testId="18c28ecf-ca43-70b7-7541-a447ae37d45b" testName="SQCD.Agv.WireToGateG2Tests.WireToGateG2Tests.AnAlarmRaisedMidSessionIsPublishedAsTheWholeCurrentSetAndTheSessionCarriesOn" computerName="LAB-WIN-01" duration="00:00:00.0452108" startTime="2026-09-12T22:53:39.9096269+08:00" endTime="2026-09-12T22:53:39.9548995+08:00" testType="13cdc9d9-ddb5-4fa4-a97d-d965ccfc6d4b" outcome="Passed" testListId="8c84fa94-04c1-424b-9868-57a2d4851a1d" relativeResultsDirectory="eaebc425-b670-4cb1-a06f-37f1e4591d57" />
    <UnitTestResult executionId="03beff3c-05cd-44e8-805d-459b8e5b7f6c" testId="6dbb3a26-2e4f-722a-8442-004582124d61" testName="SQCD.Agv.WireToGateG2Tests.WireToGateG2Tests.TheAlarmMonitorPublishesWhatItEvaluatedAndOnlyWhenTheServerDoesNotAlreadyHoldIt" computerName="LAB-WIN-01" duration="00:00:00.2291316" startTime="2026-09-12T22:53:39.6171422+08:00" endTime="2026-09-12T22:53:39.8536616+08:00" testType="13cdc9d9-ddb5-4fa4-a97d-d965ccfc6d4b" outcome="Passed" testListId="8c84fa94-04c1-424b-9868-57a2d4851a1d" relativeResultsDirectory="03beff3c-05cd-44e8-805d-459b8e5b7f6c" />
    <UnitTestResult executionId="72c9694c-0d07-4fc0-b905-d20db29c615d" testId="5f6ae6df-c8b7-c4bf-4593-83735dd230ac" testName="SQCD.Agv.WireToGateG2Tests.WireToGateG2Tests.TheOnboardAlarmSnapshotIsPublishedInTheHandshakeAndAckedUnderItsOwnKind" computerName="LAB-WIN-01" duration="00:00:00.0477145" startTime="2026-09-12T22:53:39.8607815+08:00" endTime="2026-09-12T22:53:39.9086254+08:00" testType="13cdc9d9-ddb5-4fa4-a97d-d965ccfc6d4b" outcome="Passed" testListId="8c84fa94-04c1-424b-9868-57a2d4851a1d" relativeResultsDirectory="72c9694c-0d07-4fc0-b905-d20db29c615d" />
  </Results>
  <TestDefinitions>
    <UnitTest name="SQCD.Agv.WireToGateG2Tests.WireToGateG2Tests.TheOnboardAlarmSnapshotIsPublishedInTheHandshakeAndAckedUnderItsOwnKind" storage="c:\users\szy\8005-b3\onboard-g2-98f4e06\tests\sqcd.agv.wiretogateg2tests\bin\release\net8.0-windows\win-x64\sqcd.agv.wiretogateg2tests.dll" id="5f6ae6df-c8b7-c4bf-4593-83735dd230ac">
      <Execution id="72c9694c-0d07-4fc0-b905-d20db29c615d" />
      <TestMethod codeBase="C:\Users\szy\8005-b3\onboard-g2-98f4e06\tests\SQCD.Agv.WireToGateG2Tests\bin\Release\net8.0-windows\win-x64\SQCD.Agv.WireToGateG2Tests.dll" adapterTypeName="executor://xunit/VsTestRunner3/netcore/" className="SQCD.Agv.WireToGateG2Tests.WireToGateG2Tests" name="TheOnboardAlarmSnapshotIsPublishedInTheHandshakeAndAckedUnderItsOwnKind" />
    </UnitTest>
    <UnitTest name="SQCD.Agv.WireToGateG2Tests.WireToGateG2Tests.AnAlarmRaisedMidSessionIsPublishedAsTheWholeCurrentSetAndTheSessionCarriesOn" storage="c:\users\szy\8005-b3\onboard-g2-98f4e06\tests\sqcd.agv.wiretogateg2tests\bin\release\net8.0-windows\win-x64\sqcd.agv.wiretogateg2tests.dll" id="18c28ecf-ca43-70b7-7541-a447ae37d45b">
      <Execution id="eaebc425-b670-4cb1-a06f-37f1e4591d57" />
      <TestMethod codeBase="C:\Users\szy\8005-b3\onboard-g2-98f4e06\tests\SQCD.Agv.WireToGateG2Tests\bin\Release\net8.0-windows\win-x64\SQCD.Agv.WireToGateG2Tests.dll" adapterTypeName="executor://xunit/VsTestRunner3/netcore/" className="SQCD.Agv.WireToGateG2Tests.WireToGateG2Tests" name="AnAlarmRaisedMidSessionIsPublishedAsTheWholeCurrentSetAndTheSessionCarriesOn" />
    </UnitTest>
    <UnitTest name="SQCD.Agv.WireToGateG2Tests.WireToGateG2Tests.TheAlarmMonitorPublishesWhatItEvaluatedAndOnlyWhenTheServerDoesNotAlreadyHoldIt" storage="c:\users\szy\8005-b3\onboard-g2-98f4e06\tests\sqcd.agv.wiretogateg2tests\bin\release\net8.0-windows\win-x64\sqcd.agv.wiretogateg2tests.dll" id="6dbb3a26-2e4f-722a-8442-004582124d61">
      <Execution id="03beff3c-05cd-44e8-805d-459b8e5b7f6c" />
      <TestMethod codeBase="C:\Users\szy\8005-b3\onboard-g2-98f4e06\tests\SQCD.Agv.WireToGateG2Tests\bin\Release\net8.0-windows\win-x64\SQCD.Agv.WireToGateG2Tests.dll" adapterTypeName="executor://xunit/VsTestRunner3/netcore/" className="SQCD.Agv.WireToGateG2Tests.WireToGateG2Tests" name="TheAlarmMonitorPublishesWhatItEvaluatedAndOnlyWhenTheServerDoesNotAlreadyHoldIt" />
    </UnitTest>
  </TestDefinitions>
  <TestEntries>
    <TestEntry testId="18c28ecf-ca43-70b7-7541-a447ae37d45b" executionId="eaebc425-b670-4cb1-a06f-37f1e4591d57" testListId="8c84fa94-04c1-424b-9868-57a2d4851a1d" />
    <TestEntry testId="6dbb3a26-2e4f-722a-8442-004582124d61" executionId="03beff3c-05cd-44e8-805d-459b8e5b7f6c" testListId="8c84fa94-04c1-424b-9868-57a2d4851a1d" />
    <TestEntry testId="5f6ae6df-c8b7-c4bf-4593-83735dd230ac" executionId="72c9694c-0d07-4fc0-b905-d20db29c615d" testListId="8c84fa94-04c1-424b-9868-57a2d4851a1d" />
  </TestEntries>
  <TestLists>
    <TestList name="Results Not in a List" id="8c84fa94-04c1-424b-9868-57a2d4851a1d" />
    <TestList name="All Loaded Results" id="19431567-8539-422a-85d7-44ee4e166bda" />
  </TestLists>
  <ResultSummary outcome="Completed">
    <Counters total="3" executed="3" passed="3" failed="0" error="0" timeout="0" aborted="0" inconclusive="0" passedButRunAborted="0" notRunnable="0" notExecuted="0" disconnected="0" warning="0" completed="0" inProgress="0" pending="0" />
    <Output>
      <StdOut>[xUnit.net 00:00:00.00] xUnit.net VSTest Adapter v3.1.5+1b188a7b0a (64-bit .NET 8.0.31)&#xD;
[xUnit.net 00:00:00.21]   Discovering: SQCD.Agv.WireToGateG2Tests&#xD;
[xUnit.net 00:00:00.48]   Discovered:  SQCD.Agv.WireToGateG2Tests&#xD;
[xUnit.net 00:00:00.69]   Starting:    SQCD.Agv.WireToGateG2Tests&#xD;
[xUnit.net 00:00:01.09]   Finished:    SQCD.Agv.WireToGateG2Tests (ID = '095135ee1cfc9a89cf8ac0f82d0f90bbc4586fafa961773899794bce99077f56')&#xD;
</StdOut>
    </Output>
  </ResultSummary>
</TestRun>