<?xml version="1.0" encoding="utf-8"?>
<TestRun id="99862ab1-c9a2-46b8-a589-4dcf857b7abc" name="szy@LAB-WIN-01 2026-09-09 14:09:55" runUser="LAB-WIN-01\szy" xmlns="http://microsoft.com/schemas/VisualStudio/TeamTest/2010">
  <Times creation="2026-09-09T14:09:55.1478735+08:00" queuing="2026-09-09T14:09:55.1478741+08:00" start="2026-09-09T14:09:52.7350036+08:00" finish="2026-09-09T14:09:55.1568395+08:00" />
  <TestSettings name="default" id="f88b2197-6b50-41f9-af5d-80c8c8019846">
    <Deployment runDeploymentRoot="szy_LAB-WIN-01_2026-09-09_14_09_55" />
  </TestSettings>
  <Results>
    <UnitTestResult executionId="cbd983b3-749b-4c43-8162-c80e1e191ee9" testId="8178a5a7-8bcf-7484-7209-784c3851ceb9" testName="SQCD.Agv.UnitTests.WireToGateRecoveryVectorExecutorTests.ClearSkipsEmptySlotsAndUnlocksOnlyOccupiedSlots" computerName="LAB-WIN-01" duration="00:00:00.0610608" startTime="2026-09-09T14:09:54.9579745+08:00" endTime="2026-09-09T14:09:55.0191986+08:00" testType="13cdc9d9-ddb5-4fa4-a97d-d965ccfc6d4b" outcome="Passed" testListId="8c84fa94-04c1-424b-9868-57a2d4851a1d" relativeResultsDirectory="cbd983b3-749b-4c43-8162-c80e1e191ee9" />
    <UnitTestResult executionId="da5f54fd-96c2-4a85-ace8-aba2741c93cb" testId="31297fa5-5731-bcd2-354b-19148b490185" testName="SQCD.Agv.UnitTests.WireToGateRecoveryVectorExecutorTests.CorrectionRequiresEmptyThenOccupiedSequence" computerName="LAB-WIN-01" duration="00:00:00.5883986" startTime="2026-09-09T14:09:54.3604647+08:00" endTime="2026-09-09T14:09:54.9570062+08:00" testType="13cdc9d9-ddb5-4fa4-a97d-d965ccfc6d4b" outcome="Passed" testListId="8c84fa94-04c1-424b-9868-57a2d4851a1d" relativeResultsDirectory="da5f54fd-96c2-4a85-ace8-aba2741c93cb" />
    <UnitTestResult executionId="4635c3f2-8642-46c7-a272-27b164ecfaa4" testId="700a6586-3aba-cb6b-62fe-92e3cf727f76" testName="SQCD.Agv.UnitTests.WireToGateSlotOperationExecutorTests.LoadUsesOnlyServerFrozenSlotsAndJournalsBeforePulses" computerName="LAB-WIN-01" duration="00:00:00.6574316" startTime="2026-09-09T14:09:54.3604683+08:00" endTime="2026-09-09T14:09:55.0274927+08:00" testType="13cdc9d9-ddb5-4fa4-a97d-d965ccfc6d4b" outcome="Passed" testListId="8c84fa94-04c1-424b-9868-57a2d4851a1d" relativeResultsDirectory="4635c3f2-8642-46c7-a272-27b164ecfaa4" />
    <UnitTestResult executionId="fb0a3d87-6cbd-4b65-9e90-0ec8776dd2c2" testId="b69f1e9a-c9e2-c701-4de4-e0ac4e713465" testName="SQCD.Agv.UnitTests.OnboardControllerTests.AuthoritativeJourneyMustContainMatchingSublotBeforeScan" computerName="LAB-WIN-01" duration="00:00:00.3863232" startTime="2026-09-09T14:09:54.3604596+08:00" endTime="2026-09-09T14:09:54.7585320+08:00" testType="13cdc9d9-ddb5-4fa4-a97d-d965ccfc6d4b" outcome="Passed" testListId="8c84fa94-04c1-424b-9868-57a2d4851a1d" relativeResultsDirectory="fb0a3d87-6cbd-4b65-9e90-0ec8776dd2c2" />
  </Results>
  <TestDefinitions>
    <UnitTest name="SQCD.Agv.UnitTests.WireToGateSlotOperationExecutorTests.LoadUsesOnlyServerFrozenSlotsAndJournalsBeforePulses" storage="c:\users\szy\desktop\8005-fp\8005-agv-onboard-hmi\tests\sqcd.agv.unittests\bin\release\net8.0\win-x64\sqcd.agv.unittests.dll" id="700a6586-3aba-cb6b-62fe-92e3cf727f76">
      <Execution id="4635c3f2-8642-46c7-a272-27b164ecfaa4" />
      <TestMethod codeBase="C:\Users\szy\Desktop\8005-fp\8005-agv-onboard-hmi\tests\SQCD.Agv.UnitTests\bin\Release\net8.0\win-x64\SQCD.Agv.UnitTests.dll" adapterTypeName="executor://xunit/VsTestRunner3/netcore/" className="SQCD.Agv.UnitTests.WireToGateSlotOperationExecutorTests" name="LoadUsesOnlyServerFrozenSlotsAndJournalsBeforePulses" />
    </UnitTest>
    <UnitTest name="SQCD.Agv.UnitTests.WireToGateRecoveryVectorExecutorTests.ClearSkipsEmptySlotsAndUnlocksOnlyOccupiedSlots" storage="c:\users\szy\desktop\8005-fp\8005-agv-onboard-hmi\tests\sqcd.agv.unittests\bin\release\net8.0\win-x64\sqcd.agv.unittests.dll" id="8178a5a7-8bcf-7484-7209-784c3851ceb9">
      <Execution id="cbd983b3-749b-4c43-8162-c80e1e191ee9" />
      <TestMethod codeBase="C:\Users\szy\Desktop\8005-fp\8005-agv-onboard-hmi\tests\SQCD.Agv.UnitTests\bin\Release\net8.0\win-x64\SQCD.Agv.UnitTests.dll" adapterTypeName="executor://xunit/VsTestRunner3/netcore/" className="SQCD.Agv.UnitTests.WireToGateRecoveryVectorExecutorTests" name="ClearSkipsEmptySlotsAndUnlocksOnlyOccupiedSlots" />
    </UnitTest>
    <UnitTest name="SQCD.Agv.UnitTests.WireToGateRecoveryVectorExecutorTests.CorrectionRequiresEmptyThenOccupiedSequence" storage="c:\users\szy\desktop\8005-fp\8005-agv-onboard-hmi\tests\sqcd.agv.unittests\bin\release\net8.0\win-x64\sqcd.agv.unittests.dll" id="31297fa5-5731-bcd2-354b-19148b490185">
      <Execution id="da5f54fd-96c2-4a85-ace8-aba2741c93cb" />
      <TestMethod codeBase="C:\Users\szy\Desktop\8005-fp\8005-agv-onboard-hmi\tests\SQCD.Agv.UnitTests\bin\Release\net8.0\win-x64\SQCD.Agv.UnitTests.dll" adapterTypeName="executor://xunit/VsTestRunner3/netcore/" className="SQCD.Agv.UnitTests.WireToGateRecoveryVectorExecutorTests" name="CorrectionRequiresEmptyThenOccupiedSequence" />
    </UnitTest>
    <UnitTest name="SQCD.Agv.UnitTests.OnboardControllerTests.AuthoritativeJourneyMustContainMatchingSublotBeforeScan" storage="c:\users\szy\desktop\8005-fp\8005-agv-onboard-hmi\tests\sqcd.agv.unittests\bin\release\net8.0\win-x64\sqcd.agv.unittests.dll" id="b69f1e9a-c9e2-c701-4de4-e0ac4e713465">
      <Execution id="fb0a3d87-6cbd-4b65-9e90-0ec8776dd2c2" />
      <TestMethod codeBase="C:\Users\szy\Desktop\8005-fp\8005-agv-onboard-hmi\tests\SQCD.Agv.UnitTests\bin\Release\net8.0\win-x64\SQCD.Agv.UnitTests.dll" adapterTypeName="executor://xunit/VsTestRunner3/netcore/" className="SQCD.Agv.UnitTests.OnboardControllerTests" name="AuthoritativeJourneyMustContainMatchingSublotBeforeScan" />
    </UnitTest>
  </TestDefinitions>
  <TestEntries>
    <TestEntry testId="8178a5a7-8bcf-7484-7209-784c3851ceb9" executionId="cbd983b3-749b-4c43-8162-c80e1e191ee9" testListId="8c84fa94-04c1-424b-9868-57a2d4851a1d" />
    <TestEntry testId="31297fa5-5731-bcd2-354b-19148b490185" executionId="da5f54fd-96c2-4a85-ace8-aba2741c93cb" testListId="8c84fa94-04c1-424b-9868-57a2d4851a1d" />
    <TestEntry testId="700a6586-3aba-cb6b-62fe-92e3cf727f76" executionId="4635c3f2-8642-46c7-a272-27b164ecfaa4" testListId="8c84fa94-04c1-424b-9868-57a2d4851a1d" />
    <TestEntry testId="b69f1e9a-c9e2-c701-4de4-e0ac4e713465" executionId="fb0a3d87-6cbd-4b65-9e90-0ec8776dd2c2" testListId="8c84fa94-04c1-424b-9868-57a2d4851a1d" />
  </TestEntries>
  <TestLists>
    <TestList name="Results Not in a List" id="8c84fa94-04c1-424b-9868-57a2d4851a1d" />
    <TestList name="All Loaded Results" id="19431567-8539-422a-85d7-44ee4e166bda" />
  </TestLists>
  <ResultSummary outcome="Completed">
    <Counters total="4" executed="4" passed="4" failed="0" error="0" timeout="0" aborted="0" inconclusive="0" passedButRunAborted="0" notRunnable="0" notExecuted="0" disconnected="0" warning="0" completed="0" inProgress="0" pending="0" />
    <Output>
      <StdOut>[xUnit.net 00:00:00.00] xUnit.net VSTest Adapter v3.1.5+1b188a7b0a (64-bit .NET 8.0.31)&#xD;
[xUnit.net 00:00:00.31]   Discovering: SQCD.Agv.UnitTests&#xD;
[xUnit.net 00:00:00.75]   Discovered:  SQCD.Agv.UnitTests&#xD;
[xUnit.net 00:00:01.04]   Starting:    SQCD.Agv.UnitTests&#xD;
[xUnit.net 00:00:01.80]   Finished:    SQCD.Agv.UnitTests (ID = '5c3ee8df26e548aa7048c4e6e0807758da949c49ebc4a3197eaa6322e97fef3f')&#xD;
</StdOut>
    </Output>
  </ResultSummary>
</TestRun>