<?xml version="1.0" encoding="utf-8"?>
<TestRun id="5ea23b88-4fdd-47aa-8832-fca71373df49" name="szy@LAB-WIN-01 2026-09-13 22:41:13" runUser="LAB-WIN-01\szy" xmlns="http://microsoft.com/schemas/VisualStudio/TeamTest/2010">
  <Times creation="2026-09-13T22:41:13.1158445+08:00" queuing="2026-09-13T22:41:13.1158452+08:00" start="2026-09-13T22:41:12.1741086+08:00" finish="2026-09-13T22:41:13.1162622+08:00" />
  <TestSettings name="default" id="b3af52bb-ae69-4af5-b01f-7fac0d54c686">
    <Deployment runDeploymentRoot="szy_LAB-WIN-01_2026-09-13_22_41_13" />
  </TestSettings>
  <TestLists>
    <TestList name="Results Not in a List" id="8c84fa94-04c1-424b-9868-57a2d4851a1d" />
    <TestList name="All Loaded Results" id="19431567-8539-422a-85d7-44ee4e166bda" />
  </TestLists>
  <ResultSummary outcome="Completed">
    <Counters total="0" executed="0" passed="0" failed="0" error="0" timeout="0" aborted="0" inconclusive="0" passedButRunAborted="0" notRunnable="0" notExecuted="0" disconnected="0" warning="0" completed="0" inProgress="0" pending="0" />
    <Output>
      <StdOut>[xUnit.net 00:00:00.00] xUnit.net VSTest Adapter v3.1.5+1b188a7b0a (64-bit .NET 8.0.31)&#xD;
[xUnit.net 00:00:00.20]   Discovering: SQCD.Agv.UnitTests&#xD;
[xUnit.net 00:00:00.53]   Discovered:  SQCD.Agv.UnitTests&#xD;
</StdOut>
    </Output>
    <RunInfos>
      <RunInfo computerName="LAB-WIN-01" outcome="Warning" timestamp="2026-09-13T22:41:13.0582238+08:00">
        <Text>No test matches the given testcase filter `IntegrationSlice=FP-IS-15` in C:\Users\szy\8005-b3\hmi-b3\tests\SQCD.Agv.UnitTests\bin\Release\net8.0\win-x64\SQCD.Agv.UnitTests.dll</Text>
      </RunInfo>
    </RunInfos>
  </ResultSummary>
</TestRun>