<?xml version="1.0" encoding="utf-8"?>
<TestRun id="63c08203-4977-42e8-ad31-2aea83364147" name="szy@LAB-WIN-01 2026-09-14 00:01:29" runUser="LAB-WIN-01\szy" xmlns="http://microsoft.com/schemas/VisualStudio/TeamTest/2010">
  <Times creation="2026-09-14T00:01:29.1898065+08:00" queuing="2026-09-14T00:01:29.1898069+08:00" start="2026-09-14T00:01:27.3487523+08:00" finish="2026-09-14T00:01:29.4081425+08:00" />
  <TestSettings name="default" id="c57512b0-8f18-4ef0-9163-3ef8c2952404">
    <Deployment runDeploymentRoot="szy_LAB-WIN-01_2026-09-14_00_01_29" />
  </TestSettings>
  <Results>
    <UnitTestResult executionId="08e641eb-bde8-4219-9253-2a875a3baa03" testId="6803a3a4-d48a-70ef-1514-bf0b3898f710" testName="SQCD.Agv.WireToGateG2Tests.WireToGateG2Tests.ManualChargingReturnToServiceAcceptedResultIsCorrelatedToRequestedMessage" computerName="LAB-WIN-01" duration="00:00:00.0424738" startTime="2026-09-14T00:01:29.2386913+08:00" endTime="2026-09-14T00:01:29.2812183+08:00" testType="13cdc9d9-ddb5-4fa4-a97d-d965ccfc6d4b" outcome="Passed" testListId="8c84fa94-04c1-424b-9868-57a2d4851a1d" relativeResultsDirectory="08e641eb-bde8-4219-9253-2a875a3baa03" />
    <UnitTestResult executionId="1d8ab112-f318-460e-afcb-2b1e23c97269" testId="b349ee39-1f95-c45a-5d80-8672f6ed44bb" testName="SQCD.Agv.WireToGateG2Tests.RecoveryVectorG2Tests.ForcedMechanicalRecoveryOutcomeIsReportedWithNeitherProofClaimed" computerName="LAB-WIN-01" duration="00:00:00.1725557" startTime="2026-09-14T00:01:29.1650098+08:00" endTime="2026-09-14T00:01:29.3376214+08:00" testType="13cdc9d9-ddb5-4fa4-a97d-d965ccfc6d4b" outcome="Passed" testListId="8c84fa94-04c1-424b-9868-57a2d4851a1d" relativeResultsDirectory="1d8ab112-f318-460e-afcb-2b1e23c97269" />
    <UnitTestResult executionId="88803443-fe58-47e4-bf17-ec7320dbd6b4" testId="1d20d9e9-bd46-6d7c-de9e-07a1e99ab115" testName="SQCD.Agv.WireToGateG2Tests.WireToGateG2Tests.MissingManualChargingReturnToServiceResultTimesOutExplicitly" computerName="LAB-WIN-01" duration="00:00:00.1386253" startTime="2026-09-14T00:01:29.0551235+08:00" endTime="2026-09-14T00:01:29.1938095+08:00" testType="13cdc9d9-ddb5-4fa4-a97d-d965ccfc6d4b" outcome="Passed" testListId="8c84fa94-04c1-424b-9868-57a2d4851a1d" relativeResultsDirectory="88803443-fe58-47e4-bf17-ec7320dbd6b4" />
    <UnitTestResult executionId="b0ae4567-9ebd-48cf-be33-3b61c65e29c2" testId="38d3ceac-eb5f-6cc2-972b-aae1fe2287f0" testName="SQCD.Agv.WireToGateG2Tests.RecoveryVectorG2Tests.FaultCargoCommandNamingADifferentHandoffIsRefusedWithoutSlotIo" computerName="LAB-WIN-01" duration="00:00:00.0874307" startTime="2026-09-14T00:01:28.9807815+08:00" endTime="2026-09-14T00:01:29.0682662+08:00" testType="13cdc9d9-ddb5-4fa4-a97d-d965ccfc6d4b" outcome="Passed" testListId="8c84fa94-04c1-424b-9868-57a2d4851a1d" relativeResultsDirectory="b0ae4567-9ebd-48cf-be33-3b61c65e29c2" />
    <UnitTestResult executionId="53f158d9-bbed-4e39-8e4a-3a2f7293b979" testId="377e08ea-0596-a9d4-46ec-fe19699f313b" testName="SQCD.Agv.WireToGateG2Tests.WireToGateG2Tests.AnUnknownResultIsReportedAsPendingAfterARestartAndReplayedOnceTheReportIsAcknowledged" computerName="LAB-WIN-01" duration="00:00:00.4855886" startTime="2026-09-14T00:01:28.3891253+08:00" endTime="2026-09-14T00:01:28.8806059+08:00" testType="13cdc9d9-ddb5-4fa4-a97d-d965ccfc6d4b" outcome="Passed" testListId="8c84fa94-04c1-424b-9868-57a2d4851a1d" relativeResultsDirectory="53f158d9-bbed-4e39-8e4a-3a2f7293b979" />
    <UnitTestResult executionId="d63385cc-8fc6-4fac-9226-7c2eb44918e5" testId="45edc318-109e-4499-66a1-420f55c9cc1e" testName="SQCD.Agv.WireToGateG2Tests.RecoveryVectorG2Tests.ForcedRecoveryGenerationIsNotRaisedByACommandRefusedOnScope" computerName="LAB-WIN-01" duration="00:00:00.3789616" startTime="2026-09-14T00:01:28.3891247+08:00" endTime="2026-09-14T00:01:28.7772448+08:00" testType="13cdc9d9-ddb5-4fa4-a97d-d965ccfc6d4b" outcome="Passed" testListId="8c84fa94-04c1-424b-9868-57a2d4851a1d" relativeResultsDirectory="d63385cc-8fc6-4fac-9226-7c2eb44918e5" />
    <UnitTestResult executionId="b6d4f7a4-4673-4040-8e54-a36af40a2ae6" testId="f8760c22-1ab4-1b38-d1bb-0b0d3c088b52" testName="SQCD.Agv.WireToGateG2Tests.WireToGateG2Tests.RecoverySessionAndActionResponsesAreCorrelatedWithoutPhysicalIo" computerName="LAB-WIN-01" duration="00:00:00.0432516" startTime="2026-09-14T00:01:29.1948523+08:00" endTime="2026-09-14T00:01:29.2381666+08:00" testType="13cdc9d9-ddb5-4fa4-a97d-d965ccfc6d4b" outcome="Passed" testListId="8c84fa94-04c1-424b-9868-57a2d4851a1d" relativeResultsDirectory="b6d4f7a4-4673-4040-8e54-a36af40a2ae6" />
    <UnitTestResult executionId="61d63da2-8513-4c37-9fee-95a029e26938" testId="327b79e6-b2b9-dd5b-c2ad-e94df224f1b9" testName="SQCD.Agv.WireToGateG2Tests.WireToGateG2Tests.ManualChargingReturnToServiceRejectedResultPreservesRegisteredProblem" computerName="LAB-WIN-01" duration="00:00:00.0384302" startTime="2026-09-14T00:01:29.2817668+08:00" endTime="2026-09-14T00:01:29.3202527+08:00" testType="13cdc9d9-ddb5-4fa4-a97d-d965ccfc6d4b" outcome="Passed" testListId="8c84fa94-04c1-424b-9868-57a2d4851a1d" relativeResultsDirectory="61d63da2-8513-4c37-9fee-95a029e26938" />
    <UnitTestResult executionId="1e8abcbc-607a-4f5b-b3e8-f9eaa119a211" testId="92e80a3f-f5f4-585d-96e0-2b28b7aca2aa" testName="SQCD.Agv.WireToGateG2Tests.RecoveryVectorG2Tests.AuthorizedFaultCargoCommandIsExecutedAndItsOutcomeIsReported" computerName="LAB-WIN-01" duration="00:00:00.1931947" startTime="2026-09-14T00:01:28.7868060+08:00" endTime="2026-09-14T00:01:28.9800926+08:00" testType="13cdc9d9-ddb5-4fa4-a97d-d965ccfc6d4b" outcome="Passed" testListId="8c84fa94-04c1-424b-9868-57a2d4851a1d" relativeResultsDirectory="1e8abcbc-607a-4f5b-b3e8-f9eaa119a211" />
    <UnitTestResult executionId="38d69f91-7a0d-4e58-a171-c8929bd59193" testId="96a478c0-5fd9-d5b7-cda2-103c632d32a2" testName="SQCD.Agv.WireToGateG2Tests.RecoveryVectorG2Tests.StaleForcedRecoveryGenerationIsRefusedWithoutSlotIoOrResult" computerName="LAB-WIN-01" duration="00:00:00.0953131" startTime="2026-09-14T00:01:29.0688951+08:00" endTime="2026-09-14T00:01:29.1642816+08:00" testType="13cdc9d9-ddb5-4fa4-a97d-d965ccfc6d4b" outcome="Passed" testListId="8c84fa94-04c1-424b-9868-57a2d4851a1d" relativeResultsDirectory="38d69f91-7a0d-4e58-a171-c8929bd59193" />
    <UnitTestResult executionId="5decb94a-4ed7-48f4-8994-b8d46d81a711" testId="d3e75b3d-172b-c521-f134-61cdc3492851" testName="SQCD.Agv.WireToGateG2Tests.WireToGateG2Tests.DuplicateManualChargingReturnToServiceResultDoesNotRaiseSecondCommand" computerName="LAB-WIN-01" duration="00:00:00.1654909" startTime="2026-09-14T00:01:28.8888680+08:00" endTime="2026-09-14T00:01:29.0544278+08:00" testType="13cdc9d9-ddb5-4fa4-a97d-d965ccfc6d4b" outcome="Passed" testListId="8c84fa94-04c1-424b-9868-57a2d4851a1d" relativeResultsDirectory="5decb94a-4ed7-48f4-8994-b8d46d81a711" />
  </Results>
  <TestDefinitions>
    <UnitTest name="SQCD.Agv.WireToGateG2Tests.WireToGateG2Tests.DuplicateManualChargingReturnToServiceResultDoesNotRaiseSecondCommand" storage="c:\users\szy\8005-b3\hmi-b3\tests\sqcd.agv.wiretogateg2tests\bin\release\net8.0-windows\win-x64\sqcd.agv.wiretogateg2tests.dll" id="d3e75b3d-172b-c521-f134-61cdc3492851">
      <Execution id="5decb94a-4ed7-48f4-8994-b8d46d81a711" />
      <TestMethod codeBase="C:\Users\szy\8005-b3\hmi-b3\tests\SQCD.Agv.WireToGateG2Tests\bin\Release\net8.0-windows\win-x64\SQCD.Agv.WireToGateG2Tests.dll" adapterTypeName="executor://xunit/VsTestRunner3/netcore/" className="SQCD.Agv.WireToGateG2Tests.WireToGateG2Tests" name="DuplicateManualChargingReturnToServiceResultDoesNotRaiseSecondCommand" />
    </UnitTest>
    <UnitTest name="SQCD.Agv.WireToGateG2Tests.WireToGateG2Tests.MissingManualChargingReturnToServiceResultTimesOutExplicitly" storage="c:\users\szy\8005-b3\hmi-b3\tests\sqcd.agv.wiretogateg2tests\bin\release\net8.0-windows\win-x64\sqcd.agv.wiretogateg2tests.dll" id="1d20d9e9-bd46-6d7c-de9e-07a1e99ab115">
      <Execution id="88803443-fe58-47e4-bf17-ec7320dbd6b4" />
      <TestMethod codeBase="C:\Users\szy\8005-b3\hmi-b3\tests\SQCD.Agv.WireToGateG2Tests\bin\Release\net8.0-windows\win-x64\SQCD.Agv.WireToGateG2Tests.dll" adapterTypeName="executor://xunit/VsTestRunner3/netcore/" className="SQCD.Agv.WireToGateG2Tests.WireToGateG2Tests" name="MissingManualChargingReturnToServiceResultTimesOutExplicitly" />
    </UnitTest>
    <UnitTest name="SQCD.Agv.WireToGateG2Tests.WireToGateG2Tests.AnUnknownResultIsReportedAsPendingAfterARestartAndReplayedOnceTheReportIsAcknowledged" storage="c:\users\szy\8005-b3\hmi-b3\tests\sqcd.agv.wiretogateg2tests\bin\release\net8.0-windows\win-x64\sqcd.agv.wiretogateg2tests.dll" id="377e08ea-0596-a9d4-46ec-fe19699f313b">
      <Execution id="53f158d9-bbed-4e39-8e4a-3a2f7293b979" />
      <TestMethod codeBase="C:\Users\szy\8005-b3\hmi-b3\tests\SQCD.Agv.WireToGateG2Tests\bin\Release\net8.0-windows\win-x64\SQCD.Agv.WireToGateG2Tests.dll" adapterTypeName="executor://xunit/VsTestRunner3/netcore/" className="SQCD.Agv.WireToGateG2Tests.WireToGateG2Tests" name="AnUnknownResultIsReportedAsPendingAfterARestartAndReplayedOnceTheReportIsAcknowledged" />
    </UnitTest>
    <UnitTest name="SQCD.Agv.WireToGateG2Tests.WireToGateG2Tests.ManualChargingReturnToServiceAcceptedResultIsCorrelatedToRequestedMessage" storage="c:\users\szy\8005-b3\hmi-b3\tests\sqcd.agv.wiretogateg2tests\bin\release\net8.0-windows\win-x64\sqcd.agv.wiretogateg2tests.dll" id="6803a3a4-d48a-70ef-1514-bf0b3898f710">
      <Execution id="08e641eb-bde8-4219-9253-2a875a3baa03" />
      <TestMethod codeBase="C:\Users\szy\8005-b3\hmi-b3\tests\SQCD.Agv.WireToGateG2Tests\bin\Release\net8.0-windows\win-x64\SQCD.Agv.WireToGateG2Tests.dll" adapterTypeName="executor://xunit/VsTestRunner3/netcore/" className="SQCD.Agv.WireToGateG2Tests.WireToGateG2Tests" name="ManualChargingReturnToServiceAcceptedResultIsCorrelatedToRequestedMessage" />
    </UnitTest>
    <UnitTest name="SQCD.Agv.WireToGateG2Tests.WireToGateG2Tests.ManualChargingReturnToServiceRejectedResultPreservesRegisteredProblem" storage="c:\users\szy\8005-b3\hmi-b3\tests\sqcd.agv.wiretogateg2tests\bin\release\net8.0-windows\win-x64\sqcd.agv.wiretogateg2tests.dll" id="327b79e6-b2b9-dd5b-c2ad-e94df224f1b9">
      <Execution id="61d63da2-8513-4c37-9fee-95a029e26938" />
      <TestMethod codeBase="C:\Users\szy\8005-b3\hmi-b3\tests\SQCD.Agv.WireToGateG2Tests\bin\Release\net8.0-windows\win-x64\SQCD.Agv.WireToGateG2Tests.dll" adapterTypeName="executor://xunit/VsTestRunner3/netcore/" className="SQCD.Agv.WireToGateG2Tests.WireToGateG2Tests" name="ManualChargingReturnToServiceRejectedResultPreservesRegisteredProblem" />
    </UnitTest>
    <UnitTest name="SQCD.Agv.WireToGateG2Tests.RecoveryVectorG2Tests.ForcedMechanicalRecoveryOutcomeIsReportedWithNeitherProofClaimed" storage="c:\users\szy\8005-b3\hmi-b3\tests\sqcd.agv.wiretogateg2tests\bin\release\net8.0-windows\win-x64\sqcd.agv.wiretogateg2tests.dll" id="b349ee39-1f95-c45a-5d80-8672f6ed44bb">
      <Execution id="1d8ab112-f318-460e-afcb-2b1e23c97269" />
      <TestMethod codeBase="C:\Users\szy\8005-b3\hmi-b3\tests\SQCD.Agv.WireToGateG2Tests\bin\Release\net8.0-windows\win-x64\SQCD.Agv.WireToGateG2Tests.dll" adapterTypeName="executor://xunit/VsTestRunner3/netcore/" className="SQCD.Agv.WireToGateG2Tests.RecoveryVectorG2Tests" name="ForcedMechanicalRecoveryOutcomeIsReportedWithNeitherProofClaimed" />
    </UnitTest>
    <UnitTest name="SQCD.Agv.WireToGateG2Tests.RecoveryVectorG2Tests.FaultCargoCommandNamingADifferentHandoffIsRefusedWithoutSlotIo" storage="c:\users\szy\8005-b3\hmi-b3\tests\sqcd.agv.wiretogateg2tests\bin\release\net8.0-windows\win-x64\sqcd.agv.wiretogateg2tests.dll" id="38d3ceac-eb5f-6cc2-972b-aae1fe2287f0">
      <Execution id="b0ae4567-9ebd-48cf-be33-3b61c65e29c2" />
      <TestMethod codeBase="C:\Users\szy\8005-b3\hmi-b3\tests\SQCD.Agv.WireToGateG2Tests\bin\Release\net8.0-windows\win-x64\SQCD.Agv.WireToGateG2Tests.dll" adapterTypeName="executor://xunit/VsTestRunner3/netcore/" className="SQCD.Agv.WireToGateG2Tests.RecoveryVectorG2Tests" name="FaultCargoCommandNamingADifferentHandoffIsRefusedWithoutSlotIo" />
    </UnitTest>
    <UnitTest name="SQCD.Agv.WireToGateG2Tests.WireToGateG2Tests.RecoverySessionAndActionResponsesAreCorrelatedWithoutPhysicalIo" storage="c:\users\szy\8005-b3\hmi-b3\tests\sqcd.agv.wiretogateg2tests\bin\release\net8.0-windows\win-x64\sqcd.agv.wiretogateg2tests.dll" id="f8760c22-1ab4-1b38-d1bb-0b0d3c088b52">
      <Execution id="b6d4f7a4-4673-4040-8e54-a36af40a2ae6" />
      <TestMethod codeBase="C:\Users\szy\8005-b3\hmi-b3\tests\SQCD.Agv.WireToGateG2Tests\bin\Release\net8.0-windows\win-x64\SQCD.Agv.WireToGateG2Tests.dll" adapterTypeName="executor://xunit/VsTestRunner3/netcore/" className="SQCD.Agv.WireToGateG2Tests.WireToGateG2Tests" name="RecoverySessionAndActionResponsesAreCorrelatedWithoutPhysicalIo" />
    </UnitTest>
    <UnitTest name="SQCD.Agv.WireToGateG2Tests.RecoveryVectorG2Tests.AuthorizedFaultCargoCommandIsExecutedAndItsOutcomeIsReported" storage="c:\users\szy\8005-b3\hmi-b3\tests\sqcd.agv.wiretogateg2tests\bin\release\net8.0-windows\win-x64\sqcd.agv.wiretogateg2tests.dll" id="92e80a3f-f5f4-585d-96e0-2b28b7aca2aa">
      <Execution id="1e8abcbc-607a-4f5b-b3e8-f9eaa119a211" />
      <TestMethod codeBase="C:\Users\szy\8005-b3\hmi-b3\tests\SQCD.Agv.WireToGateG2Tests\bin\Release\net8.0-windows\win-x64\SQCD.Agv.WireToGateG2Tests.dll" adapterTypeName="executor://xunit/VsTestRunner3/netcore/" className="SQCD.Agv.WireToGateG2Tests.RecoveryVectorG2Tests" name="AuthorizedFaultCargoCommandIsExecutedAndItsOutcomeIsReported" />
    </UnitTest>
    <UnitTest name="SQCD.Agv.WireToGateG2Tests.RecoveryVectorG2Tests.ForcedRecoveryGenerationIsNotRaisedByACommandRefusedOnScope" storage="c:\users\szy\8005-b3\hmi-b3\tests\sqcd.agv.wiretogateg2tests\bin\release\net8.0-windows\win-x64\sqcd.agv.wiretogateg2tests.dll" id="45edc318-109e-4499-66a1-420f55c9cc1e">
      <Execution id="d63385cc-8fc6-4fac-9226-7c2eb44918e5" />
      <TestMethod codeBase="C:\Users\szy\8005-b3\hmi-b3\tests\SQCD.Agv.WireToGateG2Tests\bin\Release\net8.0-windows\win-x64\SQCD.Agv.WireToGateG2Tests.dll" adapterTypeName="executor://xunit/VsTestRunner3/netcore/" className="SQCD.Agv.WireToGateG2Tests.RecoveryVectorG2Tests" name="ForcedRecoveryGenerationIsNotRaisedByACommandRefusedOnScope" />
    </UnitTest>
    <UnitTest name="SQCD.Agv.WireToGateG2Tests.RecoveryVectorG2Tests.StaleForcedRecoveryGenerationIsRefusedWithoutSlotIoOrResult" storage="c:\users\szy\8005-b3\hmi-b3\tests\sqcd.agv.wiretogateg2tests\bin\release\net8.0-windows\win-x64\sqcd.agv.wiretogateg2tests.dll" id="96a478c0-5fd9-d5b7-cda2-103c632d32a2">
      <Execution id="38d69f91-7a0d-4e58-a171-c8929bd59193" />
      <TestMethod codeBase="C:\Users\szy\8005-b3\hmi-b3\tests\SQCD.Agv.WireToGateG2Tests\bin\Release\net8.0-windows\win-x64\SQCD.Agv.WireToGateG2Tests.dll" adapterTypeName="executor://xunit/VsTestRunner3/netcore/" className="SQCD.Agv.WireToGateG2Tests.RecoveryVectorG2Tests" name="StaleForcedRecoveryGenerationIsRefusedWithoutSlotIoOrResult" />
    </UnitTest>
  </TestDefinitions>
  <TestEntries>
    <TestEntry testId="6803a3a4-d48a-70ef-1514-bf0b3898f710" executionId="08e641eb-bde8-4219-9253-2a875a3baa03" testListId="8c84fa94-04c1-424b-9868-57a2d4851a1d" />
    <TestEntry testId="b349ee39-1f95-c45a-5d80-8672f6ed44bb" executionId="1d8ab112-f318-460e-afcb-2b1e23c97269" testListId="8c84fa94-04c1-424b-9868-57a2d4851a1d" />
    <TestEntry testId="1d20d9e9-bd46-6d7c-de9e-07a1e99ab115" executionId="88803443-fe58-47e4-bf17-ec7320dbd6b4" testListId="8c84fa94-04c1-424b-9868-57a2d4851a1d" />
    <TestEntry testId="38d3ceac-eb5f-6cc2-972b-aae1fe2287f0" executionId="b0ae4567-9ebd-48cf-be33-3b61c65e29c2" testListId="8c84fa94-04c1-424b-9868-57a2d4851a1d" />
    <TestEntry testId="377e08ea-0596-a9d4-46ec-fe19699f313b" executionId="53f158d9-bbed-4e39-8e4a-3a2f7293b979" testListId="8c84fa94-04c1-424b-9868-57a2d4851a1d" />
    <TestEntry testId="45edc318-109e-4499-66a1-420f55c9cc1e" executionId="d63385cc-8fc6-4fac-9226-7c2eb44918e5" testListId="8c84fa94-04c1-424b-9868-57a2d4851a1d" />
    <TestEntry testId="f8760c22-1ab4-1b38-d1bb-0b0d3c088b52" executionId="b6d4f7a4-4673-4040-8e54-a36af40a2ae6" testListId="8c84fa94-04c1-424b-9868-57a2d4851a1d" />
    <TestEntry testId="327b79e6-b2b9-dd5b-c2ad-e94df224f1b9" executionId="61d63da2-8513-4c37-9fee-95a029e26938" testListId="8c84fa94-04c1-424b-9868-57a2d4851a1d" />
    <TestEntry testId="92e80a3f-f5f4-585d-96e0-2b28b7aca2aa" executionId="1e8abcbc-607a-4f5b-b3e8-f9eaa119a211" testListId="8c84fa94-04c1-424b-9868-57a2d4851a1d" />
    <TestEntry testId="96a478c0-5fd9-d5b7-cda2-103c632d32a2" executionId="38d69f91-7a0d-4e58-a171-c8929bd59193" testListId="8c84fa94-04c1-424b-9868-57a2d4851a1d" />
    <TestEntry testId="d3e75b3d-172b-c521-f134-61cdc3492851" executionId="5decb94a-4ed7-48f4-8994-b8d46d81a711" testListId="8c84fa94-04c1-424b-9868-57a2d4851a1d" />
  </TestEntries>
  <TestLists>
    <TestList name="Results Not in a List" id="8c84fa94-04c1-424b-9868-57a2d4851a1d" />
    <TestList name="All Loaded Results" id="19431567-8539-422a-85d7-44ee4e166bda" />
  </TestLists>
  <ResultSummary outcome="Completed">
    <Counters total="11" executed="11" passed="11" failed="0" error="0" timeout="0" aborted="0" inconclusive="0" passedButRunAborted="0" notRunnable="0" notExecuted="0" disconnected="0" warning="0" completed="0" inProgress="0" pending="0" />
    <Output>
      <StdOut>[xUnit.net 00:00:00.00] xUnit.net VSTest Adapter v3.1.5+1b188a7b0a (64-bit .NET 8.0.31)&#xD;
[xUnit.net 00:00:00.19]   Discovering: SQCD.Agv.WireToGateG2Tests&#xD;
[xUnit.net 00:00:00.45]   Discovered:  SQCD.Agv.WireToGateG2Tests&#xD;
[xUnit.net 00:00:00.65]   Starting:    SQCD.Agv.WireToGateG2Tests&#xD;
[xUnit.net 00:00:01.66]   Finished:    SQCD.Agv.WireToGateG2Tests (ID = 'd6d9776723557d28074b4394b5df9d34f4671b5758f9b7bf22398f0084de1550')&#xD;
</StdOut>
    </Output>
  </ResultSummary>
</TestRun>