<?xml version="1.0" encoding="utf-8"?>
<TestRun id="70f8a1a7-1697-449c-ae30-1c7ee16e9ff6" name="szy@LAB-WIN-01 2026-09-13 22:37:16" runUser="LAB-WIN-01\szy" xmlns="http://microsoft.com/schemas/VisualStudio/TeamTest/2010">
  <Times creation="2026-09-13T22:37:16.6757509+08:00" queuing="2026-09-13T22:37:16.6757514+08:00" start="2026-09-13T22:37:14.7777237+08:00" finish="2026-09-13T22:37:16.6805122+08:00" />
  <TestSettings name="default" id="fceb9986-da53-4096-ae45-a093eb93a750">
    <Deployment runDeploymentRoot="szy_LAB-WIN-01_2026-09-13_22_37_16" />
  </TestSettings>
  <Results>
    <UnitTestResult executionId="add138f1-febf-4c9a-9343-c7c414488b7e" testId="9206fef9-3abc-cdec-d758-729381fc7722" testName="SQCD.Agv.UnitTests.WireToGateRecoveryVectorExecutorTests.ClearSkipsEmptySlotsAndUnlocksOnlyOccupiedSlots" computerName="LAB-WIN-01" duration="00:00:00.0571147" startTime="2026-09-13T22:37:16.4652887+08:00" endTime="2026-09-13T22:37:16.5225072+08:00" testType="13cdc9d9-ddb5-4fa4-a97d-d965ccfc6d4b" outcome="Passed" testListId="8c84fa94-04c1-424b-9868-57a2d4851a1d" relativeResultsDirectory="add138f1-febf-4c9a-9343-c7c414488b7e" />
    <UnitTestResult executionId="3f71425b-1825-4ec6-ab95-5c9b79f3464e" testId="8c5bb7e7-80ed-88b1-f82c-5faa79ccaca2" testName="SQCD.Agv.UnitTests.WireToGateSlotOperationExecutorTests.LoadUsesOnlyServerFrozenSlotsAndJournalsBeforePulses" computerName="LAB-WIN-01" duration="00:00:00.6003703" startTime="2026-09-13T22:37:15.9229246+08:00" endTime="2026-09-13T22:37:16.5321606+08:00" testType="13cdc9d9-ddb5-4fa4-a97d-d965ccfc6d4b" outcome="Passed" testListId="8c84fa94-04c1-424b-9868-57a2d4851a1d" relativeResultsDirectory="3f71425b-1825-4ec6-ab95-5c9b79f3464e" />
    <UnitTestResult executionId="d2920e0b-e335-4ee1-8a35-f65a2a545d10" testId="6602fde8-1f81-7b0a-f2c9-b130e4c27255" testName="SQCD.Agv.UnitTests.OnboardControllerTests.AuthoritativeJourneyMustContainMatchingSublotBeforeScan" computerName="LAB-WIN-01" duration="00:00:00.3713951" startTime="2026-09-13T22:37:15.9229200+08:00" endTime="2026-09-13T22:37:16.3038473+08:00" testType="13cdc9d9-ddb5-4fa4-a97d-d965ccfc6d4b" outcome="Passed" testListId="8c84fa94-04c1-424b-9868-57a2d4851a1d" relativeResultsDirectory="d2920e0b-e335-4ee1-8a35-f65a2a545d10" />
    <UnitTestResult executionId="3b66fe4f-1fda-47df-97c1-feaa4f75167a" testId="97904812-c155-4f5c-c24f-24b14750a886" testName="SQCD.Agv.UnitTests.WireToGateRecoveryVectorExecutorTests.CorrectionRequiresEmptyThenOccupiedSequence" computerName="LAB-WIN-01" duration="00:00:00.5332555" startTime="2026-09-13T22:37:15.9229148+08:00" endTime="2026-09-13T22:37:16.4638294+08:00" testType="13cdc9d9-ddb5-4fa4-a97d-d965ccfc6d4b" outcome="Passed" testListId="8c84fa94-04c1-424b-9868-57a2d4851a1d" relativeResultsDirectory="3b66fe4f-1fda-47df-97c1-feaa4f75167a" />
  </Results>
  <TestDefinitions>
    <UnitTest name="SQCD.Agv.UnitTests.WireToGateRecoveryVectorExecutorTests.ClearSkipsEmptySlotsAndUnlocksOnlyOccupiedSlots" storage="c:\users\szy\8005-b3\hmi-b3\tests\sqcd.agv.unittests\bin\release\net8.0\win-x64\sqcd.agv.unittests.dll" id="9206fef9-3abc-cdec-d758-729381fc7722">
      <Execution id="add138f1-febf-4c9a-9343-c7c414488b7e" />
      <TestMethod codeBase="C:\Users\szy\8005-b3\hmi-b3\tests\SQCD.Agv.UnitTests\bin\Release\net8.0\win-x64\SQCD.Agv.UnitTests.dll" adapterTypeName="executor://xunit/VsTestRunner3/netcore/" className="SQCD.Agv.UnitTests.WireToGateRecoveryVectorExecutorTests" name="ClearSkipsEmptySlotsAndUnlocksOnlyOccupiedSlots" />
    </UnitTest>
    <UnitTest name="SQCD.Agv.UnitTests.WireToGateRecoveryVectorExecutorTests.CorrectionRequiresEmptyThenOccupiedSequence" storage="c:\users\szy\8005-b3\hmi-b3\tests\sqcd.agv.unittests\bin\release\net8.0\win-x64\sqcd.agv.unittests.dll" id="97904812-c155-4f5c-c24f-24b14750a886">
      <Execution id="3b66fe4f-1fda-47df-97c1-feaa4f75167a" />
      <TestMethod codeBase="C:\Users\szy\8005-b3\hmi-b3\tests\SQCD.Agv.UnitTests\bin\Release\net8.0\win-x64\SQCD.Agv.UnitTests.dll" adapterTypeName="executor://xunit/VsTestRunner3/netcore/" className="SQCD.Agv.UnitTests.WireToGateRecoveryVectorExecutorTests" name="CorrectionRequiresEmptyThenOccupiedSequence" />
    </UnitTest>
    <UnitTest name="SQCD.Agv.UnitTests.OnboardControllerTests.AuthoritativeJourneyMustContainMatchingSublotBeforeScan" storage="c:\users\szy\8005-b3\hmi-b3\tests\sqcd.agv.unittests\bin\release\net8.0\win-x64\sqcd.agv.unittests.dll" id="6602fde8-1f81-7b0a-f2c9-b130e4c27255">
      <Execution id="d2920e0b-e335-4ee1-8a35-f65a2a545d10" />
      <TestMethod codeBase="C:\Users\szy\8005-b3\hmi-b3\tests\SQCD.Agv.UnitTests\bin\Release\net8.0\win-x64\SQCD.Agv.UnitTests.dll" adapterTypeName="executor://xunit/VsTestRunner3/netcore/" className="SQCD.Agv.UnitTests.OnboardControllerTests" name="AuthoritativeJourneyMustContainMatchingSublotBeforeScan" />
    </UnitTest>
    <UnitTest name="SQCD.Agv.UnitTests.WireToGateSlotOperationExecutorTests.LoadUsesOnlyServerFrozenSlotsAndJournalsBeforePulses" storage="c:\users\szy\8005-b3\hmi-b3\tests\sqcd.agv.unittests\bin\release\net8.0\win-x64\sqcd.agv.unittests.dll" id="8c5bb7e7-80ed-88b1-f82c-5faa79ccaca2">
      <Execution id="3f71425b-1825-4ec6-ab95-5c9b79f3464e" />
      <TestMethod codeBase="C:\Users\szy\8005-b3\hmi-b3\tests\SQCD.Agv.UnitTests\bin\Release\net8.0\win-x64\SQCD.Agv.UnitTests.dll" adapterTypeName="executor://xunit/VsTestRunner3/netcore/" className="SQCD.Agv.UnitTests.WireToGateSlotOperationExecutorTests" name="LoadUsesOnlyServerFrozenSlotsAndJournalsBeforePulses" />
    </UnitTest>
  </TestDefinitions>
  <TestEntries>
    <TestEntry testId="9206fef9-3abc-cdec-d758-729381fc7722" executionId="add138f1-febf-4c9a-9343-c7c414488b7e" testListId="8c84fa94-04c1-424b-9868-57a2d4851a1d" />
    <TestEntry testId="8c5bb7e7-80ed-88b1-f82c-5faa79ccaca2" executionId="3f71425b-1825-4ec6-ab95-5c9b79f3464e" testListId="8c84fa94-04c1-424b-9868-57a2d4851a1d" />
    <TestEntry testId="6602fde8-1f81-7b0a-f2c9-b130e4c27255" executionId="d2920e0b-e335-4ee1-8a35-f65a2a545d10" testListId="8c84fa94-04c1-424b-9868-57a2d4851a1d" />
    <TestEntry testId="97904812-c155-4f5c-c24f-24b14750a886" executionId="3b66fe4f-1fda-47df-97c1-feaa4f75167a" testListId="8c84fa94-04c1-424b-9868-57a2d4851a1d" />
  </TestEntries>
  <TestLists>
    <TestList name="Results Not in a List" id="8c84fa94-04c1-424b-9868-57a2d4851a1d" />
    <TestList name="All Loaded Results" id="19431567-8539-422a-85d7-44ee4e166bda" />
  </TestLists>
  <ResultSummary outcome="Completed">
    <Counters total="4" executed="4" passed="4" failed="0" error="0" timeout="0" aborted="0" inconclusive="0" passedButRunAborted="0" notRunnable="0" notExecuted="0" disconnected="0" warning="0" completed="0" inProgress="0" pending="0" />
    <Output>
      <StdOut>[xUnit.net 00:00:00.00] xUnit.net VSTest Adapter v3.1.5+1b188a7b0a (64-bit .NET 8.0.31)&#xD;
[xUnit.net 00:00:00.20]   Discovering: SQCD.Agv.UnitTests&#xD;
[xUnit.net 00:00:00.53]   Discovered:  SQCD.Agv.UnitTests&#xD;
[xUnit.net 00:00:00.73]   Starting:    SQCD.Agv.UnitTests&#xD;
[xUnit.net 00:00:01.41]   Finished:    SQCD.Agv.UnitTests (ID = '2636e28e8d300550c239002ed2f5387d3b7f532c63e15fa622bea62f745cc40c')&#xD;
</StdOut>
    </Output>
  </ResultSummary>
</TestRun>