<?xml version="1.0" encoding="utf-8"?>
<TestRun id="cd4934bb-b397-49d9-84ab-0435528e4a49" name="szy@LAB-WIN-01 2026-09-12 22:47:33" runUser="LAB-WIN-01\szy" xmlns="http://microsoft.com/schemas/VisualStudio/TeamTest/2010">
  <Times creation="2026-09-12T22:47:33.8550112+08:00" queuing="2026-09-12T22:47:33.8550115+08:00" start="2026-09-12T22:47:30.9047583+08:00" finish="2026-09-12T22:47:33.8601600+08:00" />
  <TestSettings name="default" id="a3b0bd96-3b4f-4ece-8fa2-13d0b6b9eeff">
    <Deployment runDeploymentRoot="szy_LAB-WIN-01_2026-09-12_22_47_33" />
  </TestSettings>
  <Results>
    <UnitTestResult executionId="7980f1a3-6e02-40ee-8b01-bda08935b2fc" testId="113c1a5e-ac13-0914-7d96-931a8a9f48cb" testName="SQCD.Agv.WireToGateG2Tests.WireToGateG2Tests.DemandAcceptanceSnapshotsArePersistedBeforeAcknowledgement" computerName="LAB-WIN-01" duration="00:00:00.5794184" startTime="2026-09-12T22:47:32.9398634+08:00" endTime="2026-09-12T22:47:33.5337724+08:00" testType="13cdc9d9-ddb5-4fa4-a97d-d965ccfc6d4b" outcome="Passed" testListId="8c84fa94-04c1-424b-9868-57a2d4851a1d" relativeResultsDirectory="7980f1a3-6e02-40ee-8b01-bda08935b2fc" />
    <UnitTestResult executionId="415a52c8-e779-4d97-8b8d-5ab74bc394c7" testId="4177da9d-cf70-f555-4ded-34d47ca2450d" testName="SQCD.Agv.WireToGateG2Tests.WireToGateG2Tests.DropoffStopSnapshotsAreProjectedRatherThanRefused" computerName="LAB-WIN-01" duration="00:00:00.0746821" startTime="2026-09-12T22:47:33.5474970+08:00" endTime="2026-09-12T22:47:33.6223262+08:00" testType="13cdc9d9-ddb5-4fa4-a97d-d965ccfc6d4b" outcome="Passed" testListId="8c84fa94-04c1-424b-9868-57a2d4851a1d" relativeResultsDirectory="415a52c8-e779-4d97-8b8d-5ab74bc394c7" />
    <UnitTestResult executionId="edf25cdd-4757-4b2f-82a1-b99897e07665" testId="76f7a53d-ddbb-0ed0-b3d8-ad4310663e9d" testName="SQCD.Agv.WireToGateG2Tests.WireToGateG2Tests.PersistedDemandProjectionIsRestoredWhenServerDoesNotResendIt" computerName="LAB-WIN-01" duration="00:00:00.1105955" startTime="2026-09-12T22:47:33.6233018+08:00" endTime="2026-09-12T22:47:33.7339695+08:00" testType="13cdc9d9-ddb5-4fa4-a97d-d965ccfc6d4b" outcome="Passed" testListId="8c84fa94-04c1-424b-9868-57a2d4851a1d" relativeResultsDirectory="edf25cdd-4757-4b2f-82a1-b99897e07665" />
  </Results>
  <TestDefinitions>
    <UnitTest name="SQCD.Agv.WireToGateG2Tests.WireToGateG2Tests.DropoffStopSnapshotsAreProjectedRatherThanRefused" storage="c:\users\szy\8005-b3\onboard-g2-98f4e06\tests\sqcd.agv.wiretogateg2tests\bin\release\net8.0-windows\win-x64\sqcd.agv.wiretogateg2tests.dll" id="4177da9d-cf70-f555-4ded-34d47ca2450d">
      <Execution id="415a52c8-e779-4d97-8b8d-5ab74bc394c7" />
      <TestMethod codeBase="C:\Users\szy\8005-b3\onboard-g2-98f4e06\tests\SQCD.Agv.WireToGateG2Tests\bin\Release\net8.0-windows\win-x64\SQCD.Agv.WireToGateG2Tests.dll" adapterTypeName="executor://xunit/VsTestRunner3/netcore/" className="SQCD.Agv.WireToGateG2Tests.WireToGateG2Tests" name="DropoffStopSnapshotsAreProjectedRatherThanRefused" />
    </UnitTest>
    <UnitTest name="SQCD.Agv.WireToGateG2Tests.WireToGateG2Tests.PersistedDemandProjectionIsRestoredWhenServerDoesNotResendIt" storage="c:\users\szy\8005-b3\onboard-g2-98f4e06\tests\sqcd.agv.wiretogateg2tests\bin\release\net8.0-windows\win-x64\sqcd.agv.wiretogateg2tests.dll" id="76f7a53d-ddbb-0ed0-b3d8-ad4310663e9d">
      <Execution id="edf25cdd-4757-4b2f-82a1-b99897e07665" />
      <TestMethod codeBase="C:\Users\szy\8005-b3\onboard-g2-98f4e06\tests\SQCD.Agv.WireToGateG2Tests\bin\Release\net8.0-windows\win-x64\SQCD.Agv.WireToGateG2Tests.dll" adapterTypeName="executor://xunit/VsTestRunner3/netcore/" className="SQCD.Agv.WireToGateG2Tests.WireToGateG2Tests" name="PersistedDemandProjectionIsRestoredWhenServerDoesNotResendIt" />
    </UnitTest>
    <UnitTest name="SQCD.Agv.WireToGateG2Tests.WireToGateG2Tests.DemandAcceptanceSnapshotsArePersistedBeforeAcknowledgement" storage="c:\users\szy\8005-b3\onboard-g2-98f4e06\tests\sqcd.agv.wiretogateg2tests\bin\release\net8.0-windows\win-x64\sqcd.agv.wiretogateg2tests.dll" id="113c1a5e-ac13-0914-7d96-931a8a9f48cb">
      <Execution id="7980f1a3-6e02-40ee-8b01-bda08935b2fc" />
      <TestMethod codeBase="C:\Users\szy\8005-b3\onboard-g2-98f4e06\tests\SQCD.Agv.WireToGateG2Tests\bin\Release\net8.0-windows\win-x64\SQCD.Agv.WireToGateG2Tests.dll" adapterTypeName="executor://xunit/VsTestRunner3/netcore/" className="SQCD.Agv.WireToGateG2Tests.WireToGateG2Tests" name="DemandAcceptanceSnapshotsArePersistedBeforeAcknowledgement" />
    </UnitTest>
  </TestDefinitions>
  <TestEntries>
    <TestEntry testId="113c1a5e-ac13-0914-7d96-931a8a9f48cb" executionId="7980f1a3-6e02-40ee-8b01-bda08935b2fc" testListId="8c84fa94-04c1-424b-9868-57a2d4851a1d" />
    <TestEntry testId="4177da9d-cf70-f555-4ded-34d47ca2450d" executionId="415a52c8-e779-4d97-8b8d-5ab74bc394c7" testListId="8c84fa94-04c1-424b-9868-57a2d4851a1d" />
    <TestEntry testId="76f7a53d-ddbb-0ed0-b3d8-ad4310663e9d" executionId="edf25cdd-4757-4b2f-82a1-b99897e07665" testListId="8c84fa94-04c1-424b-9868-57a2d4851a1d" />
  </TestEntries>
  <TestLists>
    <TestList name="Results Not in a List" id="8c84fa94-04c1-424b-9868-57a2d4851a1d" />
    <TestList name="All Loaded Results" id="19431567-8539-422a-85d7-44ee4e166bda" />
  </TestLists>
  <ResultSummary outcome="Completed">
    <Counters total="3" executed="3" passed="3" failed="0" error="0" timeout="0" aborted="0" inconclusive="0" passedButRunAborted="0" notRunnable="0" notExecuted="0" disconnected="0" warning="0" completed="0" inProgress="0" pending="0" />
    <Output>
      <StdOut>[xUnit.net 00:00:00.00] xUnit.net VSTest Adapter v3.1.5+1b188a7b0a (64-bit .NET 8.0.31)&#xD;
[xUnit.net 00:00:00.35]   Discovering: SQCD.Agv.WireToGateG2Tests&#xD;
[xUnit.net 00:00:00.76]   Discovered:  SQCD.Agv.WireToGateG2Tests&#xD;
[xUnit.net 00:00:01.19]   Starting:    SQCD.Agv.WireToGateG2Tests&#xD;
[xUnit.net 00:00:02.14]   Finished:    SQCD.Agv.WireToGateG2Tests (ID = '095135ee1cfc9a89cf8ac0f82d0f90bbc4586fafa961773899794bce99077f56')&#xD;
</StdOut>
    </Output>
  </ResultSummary>
</TestRun>