<?xml version="1.0" encoding="utf-8"?>
<TestRun id="ebb81e6e-fdc3-4d0a-a305-33d82ca31b00" name="szy@LAB-WIN-01 2026-09-12 19:53:28" runUser="LAB-WIN-01\szy" xmlns="http://microsoft.com/schemas/VisualStudio/TeamTest/2010">
  <Times creation="2026-09-12T19:53:28.9215363+08:00" queuing="2026-09-12T19:53:28.9215366+08:00" start="2026-09-12T19:53:25.5542871+08:00" finish="2026-09-12T19:53:28.9276334+08:00" />
  <TestSettings name="default" id="4a7c6416-57be-4877-a7a9-1514a64e87e9">
    <Deployment runDeploymentRoot="szy_LAB-WIN-01_2026-09-12_19_53_28" />
  </TestSettings>
  <Results>
    <UnitTestResult executionId="126e2412-c010-4cb0-91ed-7709b231865a" testId="84d0f8f2-6cde-cfe5-9ed1-dbd732e05503" testName="SQCD.Agv.WireToGateG2Tests.WireToGateG2Tests.BusinessSafetySendFailureDisconnectsAndReplaysPendingRevision" computerName="LAB-WIN-01" duration="00:00:00.1547160" startTime="2026-09-12T19:53:28.6551084+08:00" endTime="2026-09-12T19:53:28.8098870+08:00" testType="13cdc9d9-ddb5-4fa4-a97d-d965ccfc6d4b" outcome="Passed" testListId="8c84fa94-04c1-424b-9868-57a2d4851a1d" relativeResultsDirectory="126e2412-c010-4cb0-91ed-7709b231865a" />
    <UnitTestResult executionId="aa975841-53e6-4a6b-a9dc-82a1e7c5cc3a" testId="4a8d1791-886e-623a-01c6-a8503cf8f1c5" testName="SQCD.Agv.WireToGateG2Tests.WireToGateG2Tests.ReconnectDuringRecoveryRebindsDurableReportWithoutUnlockSideEffects" computerName="LAB-WIN-01" duration="00:00:00.1246385" startTime="2026-09-12T19:53:28.5289445+08:00" endTime="2026-09-12T19:53:28.6541433+08:00" testType="13cdc9d9-ddb5-4fa4-a97d-d965ccfc6d4b" outcome="Passed" testListId="8c84fa94-04c1-424b-9868-57a2d4851a1d" relativeResultsDirectory="aa975841-53e6-4a6b-a9dc-82a1e7c5cc3a" />
    <UnitTestResult executionId="6fd52da4-2de5-4879-a399-56dfed71c681" testId="b2afb356-6e3e-4d2a-0f3a-5cc433ac0057" testName="SQCD.Agv.WireToGateG2Tests.WireToGateG2Tests.SameJourneyRevisionsWithStablePayloadAreAcceptedAcrossSessionGenerations" computerName="LAB-WIN-01" duration="00:00:00.7266967" startTime="2026-09-12T19:53:27.7681740+08:00" endTime="2026-09-12T19:53:28.5111532+08:00" testType="13cdc9d9-ddb5-4fa4-a97d-d965ccfc6d4b" outcome="Passed" testListId="8c84fa94-04c1-424b-9868-57a2d4851a1d" relativeResultsDirectory="6fd52da4-2de5-4879-a399-56dfed71c681" />
  </Results>
  <TestDefinitions>
    <UnitTest name="SQCD.Agv.WireToGateG2Tests.WireToGateG2Tests.ReconnectDuringRecoveryRebindsDurableReportWithoutUnlockSideEffects" storage="c:\users\szy\8005-b3\hmi-g2-ad0e507\tests\sqcd.agv.wiretogateg2tests\bin\release\net8.0-windows\win-x64\sqcd.agv.wiretogateg2tests.dll" id="4a8d1791-886e-623a-01c6-a8503cf8f1c5">
      <Execution id="aa975841-53e6-4a6b-a9dc-82a1e7c5cc3a" />
      <TestMethod codeBase="C:\Users\szy\8005-b3\hmi-g2-ad0e507\tests\SQCD.Agv.WireToGateG2Tests\bin\Release\net8.0-windows\win-x64\SQCD.Agv.WireToGateG2Tests.dll" adapterTypeName="executor://xunit/VsTestRunner3/netcore/" className="SQCD.Agv.WireToGateG2Tests.WireToGateG2Tests" name="ReconnectDuringRecoveryRebindsDurableReportWithoutUnlockSideEffects" />
    </UnitTest>
    <UnitTest name="SQCD.Agv.WireToGateG2Tests.WireToGateG2Tests.SameJourneyRevisionsWithStablePayloadAreAcceptedAcrossSessionGenerations" storage="c:\users\szy\8005-b3\hmi-g2-ad0e507\tests\sqcd.agv.wiretogateg2tests\bin\release\net8.0-windows\win-x64\sqcd.agv.wiretogateg2tests.dll" id="b2afb356-6e3e-4d2a-0f3a-5cc433ac0057">
      <Execution id="6fd52da4-2de5-4879-a399-56dfed71c681" />
      <TestMethod codeBase="C:\Users\szy\8005-b3\hmi-g2-ad0e507\tests\SQCD.Agv.WireToGateG2Tests\bin\Release\net8.0-windows\win-x64\SQCD.Agv.WireToGateG2Tests.dll" adapterTypeName="executor://xunit/VsTestRunner3/netcore/" className="SQCD.Agv.WireToGateG2Tests.WireToGateG2Tests" name="SameJourneyRevisionsWithStablePayloadAreAcceptedAcrossSessionGenerations" />
    </UnitTest>
    <UnitTest name="SQCD.Agv.WireToGateG2Tests.WireToGateG2Tests.BusinessSafetySendFailureDisconnectsAndReplaysPendingRevision" storage="c:\users\szy\8005-b3\hmi-g2-ad0e507\tests\sqcd.agv.wiretogateg2tests\bin\release\net8.0-windows\win-x64\sqcd.agv.wiretogateg2tests.dll" id="84d0f8f2-6cde-cfe5-9ed1-dbd732e05503">
      <Execution id="126e2412-c010-4cb0-91ed-7709b231865a" />
      <TestMethod codeBase="C:\Users\szy\8005-b3\hmi-g2-ad0e507\tests\SQCD.Agv.WireToGateG2Tests\bin\Release\net8.0-windows\win-x64\SQCD.Agv.WireToGateG2Tests.dll" adapterTypeName="executor://xunit/VsTestRunner3/netcore/" className="SQCD.Agv.WireToGateG2Tests.WireToGateG2Tests" name="BusinessSafetySendFailureDisconnectsAndReplaysPendingRevision" />
    </UnitTest>
  </TestDefinitions>
  <TestEntries>
    <TestEntry testId="84d0f8f2-6cde-cfe5-9ed1-dbd732e05503" executionId="126e2412-c010-4cb0-91ed-7709b231865a" testListId="8c84fa94-04c1-424b-9868-57a2d4851a1d" />
    <TestEntry testId="4a8d1791-886e-623a-01c6-a8503cf8f1c5" executionId="aa975841-53e6-4a6b-a9dc-82a1e7c5cc3a" testListId="8c84fa94-04c1-424b-9868-57a2d4851a1d" />
    <TestEntry testId="b2afb356-6e3e-4d2a-0f3a-5cc433ac0057" executionId="6fd52da4-2de5-4879-a399-56dfed71c681" testListId="8c84fa94-04c1-424b-9868-57a2d4851a1d" />
  </TestEntries>
  <TestLists>
    <TestList name="Results Not in a List" id="8c84fa94-04c1-424b-9868-57a2d4851a1d" />
    <TestList name="All Loaded Results" id="19431567-8539-422a-85d7-44ee4e166bda" />
  </TestLists>
  <ResultSummary outcome="Completed">
    <Counters total="3" executed="3" passed="3" failed="0" error="0" timeout="0" aborted="0" inconclusive="0" passedButRunAborted="0" notRunnable="0" notExecuted="0" disconnected="0" warning="0" completed="0" inProgress="0" pending="0" />
    <Output>
      <StdOut>[xUnit.net 00:00:00.00] xUnit.net VSTest Adapter v3.1.5+1b188a7b0a (64-bit .NET 8.0.31)&#xD;
[xUnit.net 00:00:00.45]   Discovering: SQCD.Agv.WireToGateG2Tests&#xD;
[xUnit.net 00:00:00.82]   Discovered:  SQCD.Agv.WireToGateG2Tests&#xD;
[xUnit.net 00:00:01.11]   Starting:    SQCD.Agv.WireToGateG2Tests&#xD;
[xUnit.net 00:00:02.28]   Finished:    SQCD.Agv.WireToGateG2Tests (ID = '407d4ddbe6a2c11ddf646f3d76c4172ee280f96fd0d8b2d32bc2f59c74d188d8')&#xD;
</StdOut>
    </Output>
  </ResultSummary>
</TestRun>