<?xml version="1.0" encoding="utf-8"?>
<TestRun id="9abf23ca-a1a1-451d-9a2b-1b09aa914b45" name="szy@LAB-WIN-01 2026-09-14 17:54:29" runUser="LAB-WIN-01\szy" xmlns="http://microsoft.com/schemas/VisualStudio/TeamTest/2010">
  <Times creation="2026-09-14T17:54:29.2973800+08:00" queuing="2026-09-14T17:54:29.2973802+08:00" start="2026-09-14T17:54:27.8427184+08:00" finish="2026-09-14T17:54:29.3011400+08:00" />
  <TestSettings name="default" id="e8c50b2e-ce08-47bc-9aa2-3435ac511215">
    <Deployment runDeploymentRoot="szy_LAB-WIN-01_2026-09-14_17_54_29" />
  </TestSettings>
  <Results>
    <UnitTestResult executionId="4fb7f559-2d9e-4ed5-90b7-443308f8ee56" testId="0e450af2-ec94-2e9d-1b94-95d1992115f2" testName="SQCD.Agv.WireToGateG2Tests.WireToGateG2Tests.SlotConfigurationActivationVerifiesTheFingerprintAndReportsTheOutcome" computerName="LAB-WIN-01" duration="00:00:00.2351210" startTime="2026-09-14T17:54:28.8903842+08:00" endTime="2026-09-14T17:54:29.1339349+08:00" testType="13cdc9d9-ddb5-4fa4-a97d-d965ccfc6d4b" outcome="Passed" testListId="8c84fa94-04c1-424b-9868-57a2d4851a1d" relativeResultsDirectory="4fb7f559-2d9e-4ed5-90b7-443308f8ee56" />
    <UnitTestResult executionId="5323d590-d94f-4c4d-bf57-c1888e829e68" testId="a4053509-0c56-7fe0-9750-98604102ca96" testName="SQCD.Agv.WireToGateG2Tests.WireToGateG2Tests.SlotConfigurationActivationIsRejectedWithTheStableCodeWhenTheFingerprintDisagrees" computerName="LAB-WIN-01" duration="00:00:00.0420926" startTime="2026-09-14T17:54:29.1418623+08:00" endTime="2026-09-14T17:54:29.1840601+08:00" testType="13cdc9d9-ddb5-4fa4-a97d-d965ccfc6d4b" outcome="Passed" testListId="8c84fa94-04c1-424b-9868-57a2d4851a1d" relativeResultsDirectory="5323d590-d94f-4c4d-bf57-c1888e829e68" />
  </Results>
  <TestDefinitions>
    <UnitTest name="SQCD.Agv.WireToGateG2Tests.WireToGateG2Tests.SlotConfigurationActivationVerifiesTheFingerprintAndReportsTheOutcome" storage="c:\users\szy\8005-b3\hmi-b3\tests\sqcd.agv.wiretogateg2tests\bin\release\net8.0-windows\win-x64\sqcd.agv.wiretogateg2tests.dll" id="0e450af2-ec94-2e9d-1b94-95d1992115f2">
      <Execution id="4fb7f559-2d9e-4ed5-90b7-443308f8ee56" />
      <TestMethod codeBase="C:\Users\szy\8005-b3\hmi-b3\tests\SQCD.Agv.WireToGateG2Tests\bin\Release\net8.0-windows\win-x64\SQCD.Agv.WireToGateG2Tests.dll" adapterTypeName="executor://xunit/VsTestRunner3/netcore/" className="SQCD.Agv.WireToGateG2Tests.WireToGateG2Tests" name="SlotConfigurationActivationVerifiesTheFingerprintAndReportsTheOutcome" />
    </UnitTest>
    <UnitTest name="SQCD.Agv.WireToGateG2Tests.WireToGateG2Tests.SlotConfigurationActivationIsRejectedWithTheStableCodeWhenTheFingerprintDisagrees" storage="c:\users\szy\8005-b3\hmi-b3\tests\sqcd.agv.wiretogateg2tests\bin\release\net8.0-windows\win-x64\sqcd.agv.wiretogateg2tests.dll" id="a4053509-0c56-7fe0-9750-98604102ca96">
      <Execution id="5323d590-d94f-4c4d-bf57-c1888e829e68" />
      <TestMethod codeBase="C:\Users\szy\8005-b3\hmi-b3\tests\SQCD.Agv.WireToGateG2Tests\bin\Release\net8.0-windows\win-x64\SQCD.Agv.WireToGateG2Tests.dll" adapterTypeName="executor://xunit/VsTestRunner3/netcore/" className="SQCD.Agv.WireToGateG2Tests.WireToGateG2Tests" name="SlotConfigurationActivationIsRejectedWithTheStableCodeWhenTheFingerprintDisagrees" />
    </UnitTest>
  </TestDefinitions>
  <TestEntries>
    <TestEntry testId="0e450af2-ec94-2e9d-1b94-95d1992115f2" executionId="4fb7f559-2d9e-4ed5-90b7-443308f8ee56" testListId="8c84fa94-04c1-424b-9868-57a2d4851a1d" />
    <TestEntry testId="a4053509-0c56-7fe0-9750-98604102ca96" executionId="5323d590-d94f-4c4d-bf57-c1888e829e68" testListId="8c84fa94-04c1-424b-9868-57a2d4851a1d" />
  </TestEntries>
  <TestLists>
    <TestList name="Results Not in a List" id="8c84fa94-04c1-424b-9868-57a2d4851a1d" />
    <TestList name="All Loaded Results" id="19431567-8539-422a-85d7-44ee4e166bda" />
  </TestLists>
  <ResultSummary outcome="Completed">
    <Counters total="2" executed="2" passed="2" failed="0" error="0" timeout="0" aborted="0" inconclusive="0" passedButRunAborted="0" notRunnable="0" notExecuted="0" disconnected="0" warning="0" completed="0" inProgress="0" pending="0" />
    <Output>
      <StdOut>[xUnit.net 00:00:00.00] xUnit.net VSTest Adapter v3.1.5+1b188a7b0a (64-bit .NET 8.0.31)&#xD;
[xUnit.net 00:00:00.20]   Discovering: SQCD.Agv.WireToGateG2Tests&#xD;
[xUnit.net 00:00:00.46]   Discovered:  SQCD.Agv.WireToGateG2Tests&#xD;
[xUnit.net 00:00:00.65]   Starting:    SQCD.Agv.WireToGateG2Tests&#xD;
[xUnit.net 00:00:01.01]   Finished:    SQCD.Agv.WireToGateG2Tests (ID = 'd6d9776723557d28074b4394b5df9d34f4671b5758f9b7bf22398f0084de1550')&#xD;
</StdOut>
    </Output>
  </ResultSummary>
</TestRun>