<?xml version="1.0" encoding="utf-8"?>
<TestRun id="e18baa83-b62c-4f02-8873-648b2adb2734" name="szy@LAB-WIN-01 2026-09-14 17:51:11" runUser="LAB-WIN-01\szy" xmlns="http://microsoft.com/schemas/VisualStudio/TeamTest/2010">
  <Times creation="2026-09-14T17:51:11.4754191+08:00" queuing="2026-09-14T17:51:11.4754194+08:00" start="2026-09-14T17:51:09.8052687+08:00" finish="2026-09-14T17:51:11.4796593+08:00" />
  <TestSettings name="default" id="cb787c98-3cfe-41d1-8b97-775cf7434b62">
    <Deployment runDeploymentRoot="szy_LAB-WIN-01_2026-09-14_17_51_11" />
  </TestSettings>
  <Results>
    <UnitTestResult executionId="aad17807-86bb-4fa1-bf73-a6b03a21f51f" testId="8c5bb7e7-80ed-88b1-f82c-5faa79ccaca2" testName="SQCD.Agv.UnitTests.WireToGateSlotOperationExecutorTests.LoadUsesOnlyServerFrozenSlotsAndJournalsBeforePulses" computerName="LAB-WIN-01" duration="00:00:00.4719440" startTime="2026-09-14T17:51:10.8690337+08:00" endTime="2026-09-14T17:51:11.3480912+08:00" testType="13cdc9d9-ddb5-4fa4-a97d-d965ccfc6d4b" outcome="Passed" testListId="8c84fa94-04c1-424b-9868-57a2d4851a1d" relativeResultsDirectory="aad17807-86bb-4fa1-bf73-a6b03a21f51f" />
    <UnitTestResult executionId="51bd4694-9108-485a-a1b4-292fdfac5f50" testId="9206fef9-3abc-cdec-d758-729381fc7722" testName="SQCD.Agv.UnitTests.WireToGateRecoveryVectorExecutorTests.ClearSkipsEmptySlotsAndUnlocksOnlyOccupiedSlots" computerName="LAB-WIN-01" duration="00:00:00.0478364" startTime="2026-09-14T17:51:11.2859056+08:00" endTime="2026-09-14T17:51:11.3338272+08:00" testType="13cdc9d9-ddb5-4fa4-a97d-d965ccfc6d4b" outcome="Passed" testListId="8c84fa94-04c1-424b-9868-57a2d4851a1d" relativeResultsDirectory="51bd4694-9108-485a-a1b4-292fdfac5f50" />
    <UnitTestResult executionId="41f4696f-87dc-4971-a687-f0c0519ef5b0" testId="6602fde8-1f81-7b0a-f2c9-b130e4c27255" testName="SQCD.Agv.UnitTests.OnboardControllerTests.AuthoritativeJourneyMustContainMatchingSublotBeforeScan" computerName="LAB-WIN-01" duration="00:00:00.2727037" startTime="2026-09-14T17:51:10.8690310+08:00" endTime="2026-09-14T17:51:11.1496593+08:00" testType="13cdc9d9-ddb5-4fa4-a97d-d965ccfc6d4b" outcome="Passed" testListId="8c84fa94-04c1-424b-9868-57a2d4851a1d" relativeResultsDirectory="41f4696f-87dc-4971-a687-f0c0519ef5b0" />
    <UnitTestResult executionId="6797a718-0741-4e27-b9f0-11a07517b936" testId="97904812-c155-4f5c-c24f-24b14750a886" testName="SQCD.Agv.UnitTests.WireToGateRecoveryVectorExecutorTests.CorrectionRequiresEmptyThenOccupiedSequence" computerName="LAB-WIN-01" duration="00:00:00.4094740" startTime="2026-09-14T17:51:10.8690275+08:00" endTime="2026-09-14T17:51:11.2846922+08:00" testType="13cdc9d9-ddb5-4fa4-a97d-d965ccfc6d4b" outcome="Passed" testListId="8c84fa94-04c1-424b-9868-57a2d4851a1d" relativeResultsDirectory="6797a718-0741-4e27-b9f0-11a07517b936" />
  </Results>
  <TestDefinitions>
    <UnitTest name="SQCD.Agv.UnitTests.WireToGateRecoveryVectorExecutorTests.ClearSkipsEmptySlotsAndUnlocksOnlyOccupiedSlots" storage="c:\users\szy\8005-b3\hmi-b3\tests\sqcd.agv.unittests\bin\release\net8.0\win-x64\sqcd.agv.unittests.dll" id="9206fef9-3abc-cdec-d758-729381fc7722">
      <Execution id="51bd4694-9108-485a-a1b4-292fdfac5f50" />
      <TestMethod codeBase="C:\Users\szy\8005-b3\hmi-b3\tests\SQCD.Agv.UnitTests\bin\Release\net8.0\win-x64\SQCD.Agv.UnitTests.dll" adapterTypeName="executor://xunit/VsTestRunner3/netcore/" className="SQCD.Agv.UnitTests.WireToGateRecoveryVectorExecutorTests" name="ClearSkipsEmptySlotsAndUnlocksOnlyOccupiedSlots" />
    </UnitTest>
    <UnitTest name="SQCD.Agv.UnitTests.WireToGateRecoveryVectorExecutorTests.CorrectionRequiresEmptyThenOccupiedSequence" storage="c:\users\szy\8005-b3\hmi-b3\tests\sqcd.agv.unittests\bin\release\net8.0\win-x64\sqcd.agv.unittests.dll" id="97904812-c155-4f5c-c24f-24b14750a886">
      <Execution id="6797a718-0741-4e27-b9f0-11a07517b936" />
      <TestMethod codeBase="C:\Users\szy\8005-b3\hmi-b3\tests\SQCD.Agv.UnitTests\bin\Release\net8.0\win-x64\SQCD.Agv.UnitTests.dll" adapterTypeName="executor://xunit/VsTestRunner3/netcore/" className="SQCD.Agv.UnitTests.WireToGateRecoveryVectorExecutorTests" name="CorrectionRequiresEmptyThenOccupiedSequence" />
    </UnitTest>
    <UnitTest name="SQCD.Agv.UnitTests.OnboardControllerTests.AuthoritativeJourneyMustContainMatchingSublotBeforeScan" storage="c:\users\szy\8005-b3\hmi-b3\tests\sqcd.agv.unittests\bin\release\net8.0\win-x64\sqcd.agv.unittests.dll" id="6602fde8-1f81-7b0a-f2c9-b130e4c27255">
      <Execution id="41f4696f-87dc-4971-a687-f0c0519ef5b0" />
      <TestMethod codeBase="C:\Users\szy\8005-b3\hmi-b3\tests\SQCD.Agv.UnitTests\bin\Release\net8.0\win-x64\SQCD.Agv.UnitTests.dll" adapterTypeName="executor://xunit/VsTestRunner3/netcore/" className="SQCD.Agv.UnitTests.OnboardControllerTests" name="AuthoritativeJourneyMustContainMatchingSublotBeforeScan" />
    </UnitTest>
    <UnitTest name="SQCD.Agv.UnitTests.WireToGateSlotOperationExecutorTests.LoadUsesOnlyServerFrozenSlotsAndJournalsBeforePulses" storage="c:\users\szy\8005-b3\hmi-b3\tests\sqcd.agv.unittests\bin\release\net8.0\win-x64\sqcd.agv.unittests.dll" id="8c5bb7e7-80ed-88b1-f82c-5faa79ccaca2">
      <Execution id="aad17807-86bb-4fa1-bf73-a6b03a21f51f" />
      <TestMethod codeBase="C:\Users\szy\8005-b3\hmi-b3\tests\SQCD.Agv.UnitTests\bin\Release\net8.0\win-x64\SQCD.Agv.UnitTests.dll" adapterTypeName="executor://xunit/VsTestRunner3/netcore/" className="SQCD.Agv.UnitTests.WireToGateSlotOperationExecutorTests" name="LoadUsesOnlyServerFrozenSlotsAndJournalsBeforePulses" />
    </UnitTest>
  </TestDefinitions>
  <TestEntries>
    <TestEntry testId="8c5bb7e7-80ed-88b1-f82c-5faa79ccaca2" executionId="aad17807-86bb-4fa1-bf73-a6b03a21f51f" testListId="8c84fa94-04c1-424b-9868-57a2d4851a1d" />
    <TestEntry testId="9206fef9-3abc-cdec-d758-729381fc7722" executionId="51bd4694-9108-485a-a1b4-292fdfac5f50" testListId="8c84fa94-04c1-424b-9868-57a2d4851a1d" />
    <TestEntry testId="6602fde8-1f81-7b0a-f2c9-b130e4c27255" executionId="41f4696f-87dc-4971-a687-f0c0519ef5b0" testListId="8c84fa94-04c1-424b-9868-57a2d4851a1d" />
    <TestEntry testId="97904812-c155-4f5c-c24f-24b14750a886" executionId="6797a718-0741-4e27-b9f0-11a07517b936" testListId="8c84fa94-04c1-424b-9868-57a2d4851a1d" />
  </TestEntries>
  <TestLists>
    <TestList name="Results Not in a List" id="8c84fa94-04c1-424b-9868-57a2d4851a1d" />
    <TestList name="All Loaded Results" id="19431567-8539-422a-85d7-44ee4e166bda" />
  </TestLists>
  <ResultSummary outcome="Completed">
    <Counters total="4" executed="4" passed="4" failed="0" error="0" timeout="0" aborted="0" inconclusive="0" passedButRunAborted="0" notRunnable="0" notExecuted="0" disconnected="0" warning="0" completed="0" inProgress="0" pending="0" />
    <Output>
      <StdOut>[xUnit.net 00:00:00.00] xUnit.net VSTest Adapter v3.1.5+1b188a7b0a (64-bit .NET 8.0.31)&#xD;
[xUnit.net 00:00:00.19]   Discovering: SQCD.Agv.UnitTests&#xD;
[xUnit.net 00:00:00.48]   Discovered:  SQCD.Agv.UnitTests&#xD;
[xUnit.net 00:00:00.67]   Starting:    SQCD.Agv.UnitTests&#xD;
[xUnit.net 00:00:01.22]   Finished:    SQCD.Agv.UnitTests (ID = '2636e28e8d300550c239002ed2f5387d3b7f532c63e15fa622bea62f745cc40c')&#xD;
</StdOut>
    </Output>
  </ResultSummary>
</TestRun>