<?xml version="1.0" encoding="utf-8"?>
<TestRun id="060fa26a-a40f-403d-b6ec-77550d3e04b8" name="szy@LAB-WIN-01 2026-09-14 17:51:11" runUser="LAB-WIN-01\szy" xmlns="http://microsoft.com/schemas/VisualStudio/TeamTest/2010">
  <Times creation="2026-09-14T17:51:11.4345718+08:00" queuing="2026-09-14T17:51:11.4345720+08:00" start="2026-09-14T17:51:09.8052686+08:00" finish="2026-09-14T17:51:11.4392365+08:00" />
  <TestSettings name="default" id="6d97f5c8-f4eb-46e2-ad29-3c42d26fc220">
    <Deployment runDeploymentRoot="szy_LAB-WIN-01_2026-09-14_17_51_11" />
  </TestSettings>
  <Results>
    <UnitTestResult executionId="b1209f16-9563-4e3c-8b03-6838f9370678" testId="05b426de-3714-3466-b13d-9db72edba81d" testName="SQCD.Agv.WireToGateG2Tests.WireToGateG2Tests.FormalSlotOperationCommandIsValidatedAndRaisedWithoutPhysicalSideEffect" computerName="LAB-WIN-01" duration="00:00:00.0497985" startTime="2026-09-14T17:51:11.2551714+08:00" endTime="2026-09-14T17:51:11.3050633+08:00" testType="13cdc9d9-ddb5-4fa4-a97d-d965ccfc6d4b" outcome="Passed" testListId="8c84fa94-04c1-424b-9868-57a2d4851a1d" relativeResultsDirectory="b1209f16-9563-4e3c-8b03-6838f9370678" />
    <UnitTestResult executionId="705e17bc-0f02-4290-90c2-0bbaccdddc3a" testId="89db69db-93db-92e0-ac0c-44e190c2d7ba" testName="SQCD.Agv.WireToGateG2Tests.WireToGateG2Tests.ACompletedLoadOffersTheCorrectionEntryAsSoonAsItsResultIsRecorded" computerName="LAB-WIN-01" duration="00:00:00.4097060" startTime="2026-09-14T17:51:10.8279870+08:00" endTime="2026-09-14T17:51:11.2459818+08:00" testType="13cdc9d9-ddb5-4fa4-a97d-d965ccfc6d4b" outcome="Passed" testListId="8c84fa94-04c1-424b-9868-57a2d4851a1d" relativeResultsDirectory="705e17bc-0f02-4290-90c2-0bbaccdddc3a" />
  </Results>
  <TestDefinitions>
    <UnitTest name="SQCD.Agv.WireToGateG2Tests.WireToGateG2Tests.FormalSlotOperationCommandIsValidatedAndRaisedWithoutPhysicalSideEffect" storage="c:\users\szy\8005-b3\hmi-b3\tests\sqcd.agv.wiretogateg2tests\bin\release\net8.0-windows\win-x64\sqcd.agv.wiretogateg2tests.dll" id="05b426de-3714-3466-b13d-9db72edba81d">
      <Execution id="b1209f16-9563-4e3c-8b03-6838f9370678" />
      <TestMethod codeBase="C:\Users\szy\8005-b3\hmi-b3\tests\SQCD.Agv.WireToGateG2Tests\bin\Release\net8.0-windows\win-x64\SQCD.Agv.WireToGateG2Tests.dll" adapterTypeName="executor://xunit/VsTestRunner3/netcore/" className="SQCD.Agv.WireToGateG2Tests.WireToGateG2Tests" name="FormalSlotOperationCommandIsValidatedAndRaisedWithoutPhysicalSideEffect" />
    </UnitTest>
    <UnitTest name="SQCD.Agv.WireToGateG2Tests.WireToGateG2Tests.ACompletedLoadOffersTheCorrectionEntryAsSoonAsItsResultIsRecorded" storage="c:\users\szy\8005-b3\hmi-b3\tests\sqcd.agv.wiretogateg2tests\bin\release\net8.0-windows\win-x64\sqcd.agv.wiretogateg2tests.dll" id="89db69db-93db-92e0-ac0c-44e190c2d7ba">
      <Execution id="705e17bc-0f02-4290-90c2-0bbaccdddc3a" />
      <TestMethod codeBase="C:\Users\szy\8005-b3\hmi-b3\tests\SQCD.Agv.WireToGateG2Tests\bin\Release\net8.0-windows\win-x64\SQCD.Agv.WireToGateG2Tests.dll" adapterTypeName="executor://xunit/VsTestRunner3/netcore/" className="SQCD.Agv.WireToGateG2Tests.WireToGateG2Tests" name="ACompletedLoadOffersTheCorrectionEntryAsSoonAsItsResultIsRecorded" />
    </UnitTest>
  </TestDefinitions>
  <TestEntries>
    <TestEntry testId="05b426de-3714-3466-b13d-9db72edba81d" executionId="b1209f16-9563-4e3c-8b03-6838f9370678" testListId="8c84fa94-04c1-424b-9868-57a2d4851a1d" />
    <TestEntry testId="89db69db-93db-92e0-ac0c-44e190c2d7ba" executionId="705e17bc-0f02-4290-90c2-0bbaccdddc3a" testListId="8c84fa94-04c1-424b-9868-57a2d4851a1d" />
  </TestEntries>
  <TestLists>
    <TestList name="Results Not in a List" id="8c84fa94-04c1-424b-9868-57a2d4851a1d" />
    <TestList name="All Loaded Results" id="19431567-8539-422a-85d7-44ee4e166bda" />
  </TestLists>
  <ResultSummary outcome="Completed">
    <Counters total="2" executed="2" passed="2" failed="0" error="0" timeout="0" aborted="0" inconclusive="0" passedButRunAborted="0" notRunnable="0" notExecuted="0" disconnected="0" warning="0" completed="0" inProgress="0" pending="0" />
    <Output>
      <StdOut>[xUnit.net 00:00:00.00] xUnit.net VSTest Adapter v3.1.5+1b188a7b0a (64-bit .NET 8.0.31)&#xD;
[xUnit.net 00:00:00.19]   Discovering: SQCD.Agv.WireToGateG2Tests&#xD;
[xUnit.net 00:00:00.44]   Discovered:  SQCD.Agv.WireToGateG2Tests&#xD;
[xUnit.net 00:00:00.64]   Starting:    SQCD.Agv.WireToGateG2Tests&#xD;
[xUnit.net 00:00:01.18]   Finished:    SQCD.Agv.WireToGateG2Tests (ID = 'd6d9776723557d28074b4394b5df9d34f4671b5758f9b7bf22398f0084de1550')&#xD;
</StdOut>
    </Output>
  </ResultSummary>
</TestRun>