<?xml version="1.0" encoding="utf-8"?>
<TestRun id="41f1c073-3396-4ffb-936c-3e62a49cdb7a" name="szy@LAB-WIN-01 2026-09-18 23:35:36" runUser="LAB-WIN-01\szy" xmlns="http://microsoft.com/schemas/VisualStudio/TeamTest/2010">
  <Times creation="2026-09-18T23:35:36.1294898+08:00" queuing="2026-09-18T23:35:36.1294907+08:00" start="2026-09-18T23:35:33.6525385+08:00" finish="2026-09-18T23:35:38.6661485+08:00" />
  <TestSettings name="default" id="881bea0d-8f3e-47a8-ab62-a8cdcdbd53be">
    <Deployment runDeploymentRoot="szy_LAB-WIN-01_2026-09-18_23_35_36" />
  </TestSettings>
  <Results>
    <UnitTestResult executionId="d4bf7eca-ac64-41ab-9f02-8e758d66d54a" testId="9e03b33a-dc07-f4d9-d576-74953871e2fb" testName="SQCD.Agv.UnitTests.WireToGateSlotOperationExecutorTests.ADoorOpenedElsewhereMidOperationStopsTheNextUnlock" computerName="LAB-WIN-01" duration="00:00:00.0790035" startTime="2026-09-18T23:35:36.5131037+08:00" endTime="2026-09-18T23:35:36.5921911+08:00" testType="13cdc9d9-ddb5-4fa4-a97d-d965ccfc6d4b" outcome="Passed" testListId="8c84fa94-04c1-424b-9868-57a2d4851a1d" relativeResultsDirectory="d4bf7eca-ac64-41ab-9f02-8e758d66d54a" />
    <UnitTestResult executionId="959e7cf9-4901-4b8a-ae8e-520c82a64477" testId="40ca9aaf-2dd1-4a3a-2f9b-f4940febcded" testName="SQCD.Agv.UnitTests.WireToGateSlotOperationExecutorTests.AnInterruptedSlotWhoseUnlockOutputIsStuckActiveIsUnknownNotCompleted" computerName="LAB-WIN-01" duration="00:00:00.0639972" startTime="2026-09-18T23:35:38.3911717+08:00" endTime="2026-09-18T23:35:38.4552448+08:00" testType="13cdc9d9-ddb5-4fa4-a97d-d965ccfc6d4b" outcome="Passed" testListId="8c84fa94-04c1-424b-9868-57a2d4851a1d" relativeResultsDirectory="959e7cf9-4901-4b8a-ae8e-520c82a64477" />
    <UnitTestResult executionId="890d8c08-4440-4706-9fcb-ab4b0d93ad73" testId="5e19d311-a36a-2b18-1c83-ed4ec7e704af" testName="SQCD.Agv.UnitTests.WireToGateSlotOperationExecutorTests.AnInterruptedSettlementWithoutIoKeepsOnlyTheInterruptedSlotActive" computerName="LAB-WIN-01" duration="00:00:00.0675455" startTime="2026-09-18T23:35:37.8867033+08:00" endTime="2026-09-18T23:35:37.9543287+08:00" testType="13cdc9d9-ddb5-4fa4-a97d-d965ccfc6d4b" outcome="Passed" testListId="8c84fa94-04c1-424b-9868-57a2d4851a1d" relativeResultsDirectory="890d8c08-4440-4706-9fcb-ab4b0d93ad73" />
    <UnitTestResult executionId="0bb39af2-f776-4527-9ff3-6761d2abd295" testId="fd833c6d-251b-49ab-950c-924d3f65b131" testName="SQCD.Agv.UnitTests.WireToGateSlotOperationExecutorTests.AnAttemptWithAPendingLoadCancellationIsNotSettledAsInterrupted" computerName="LAB-WIN-01" duration="00:00:00.0456334" startTime="2026-09-18T23:35:37.7764676+08:00" endTime="2026-09-18T23:35:37.8221655+08:00" testType="13cdc9d9-ddb5-4fa4-a97d-d965ccfc6d4b" outcome="Passed" testListId="8c84fa94-04c1-424b-9868-57a2d4851a1d" relativeResultsDirectory="0bb39af2-f776-4527-9ff3-6761d2abd295" />
    <UnitTestResult executionId="ec551400-ad9a-467c-8050-06b2f7da0a17" testId="d69fc642-4ab1-672c-b6d2-d994a33c0f2c" testName="SQCD.Agv.UnitTests.WireToGateRecoveryVectorExecutorTests.AFailedVectorSlotKeepsItsUnknownAndSlotsNeverStartedKeepTheirReadings" computerName="LAB-WIN-01" duration="00:00:00.1063252" startTime="2026-09-18T23:35:35.8483033+08:00" endTime="2026-09-18T23:35:35.9547078+08:00" testType="13cdc9d9-ddb5-4fa4-a97d-d965ccfc6d4b" outcome="Passed" testListId="8c84fa94-04c1-424b-9868-57a2d4851a1d" relativeResultsDirectory="ec551400-ad9a-467c-8050-06b2f7da0a17" />
    <UnitTestResult executionId="4b007d39-1c6b-48b9-9c08-9bae64a0eeb2" testId="05eeb20c-a51b-9825-7e46-ceff29c3832f" testName="SQCD.Agv.UnitTests.OnboardControllerTests.SingleUnknownIoStateIdentifiesAffectedPhysicalSlot" computerName="LAB-WIN-01" duration="00:00:00.0790351" startTime="2026-09-18T23:35:35.6101038+08:00" endTime="2026-09-18T23:35:35.6995825+08:00" testType="13cdc9d9-ddb5-4fa4-a97d-d965ccfc6d4b" outcome="Passed" testListId="8c84fa94-04c1-424b-9868-57a2d4851a1d" relativeResultsDirectory="4b007d39-1c6b-48b9-9c08-9bae64a0eeb2" />
    <UnitTestResult executionId="90a78db5-92be-444c-84e3-ac0696685779" testId="8eda47a2-9c39-c5ad-dfc1-8ec218789a42" testName="SQCD.Agv.UnitTests.WireToGateRecoveryVectorExecutorTests.AHandedOverDoorThatEndsUnknownStopsTheClearBeforeAnyOtherDoorOpens(stuckOutput: True)" computerName="LAB-WIN-01" duration="00:00:00.1038208" startTime="2026-09-18T23:35:36.2191742+08:00" endTime="2026-09-18T23:35:36.3230820+08:00" testType="13cdc9d9-ddb5-4fa4-a97d-d965ccfc6d4b" outcome="Passed" testListId="8c84fa94-04c1-424b-9868-57a2d4851a1d" relativeResultsDirectory="90a78db5-92be-444c-84e3-ac0696685779" />
    <UnitTestResult executionId="984f14d6-48e4-4a50-9c03-77a723d2c0ca" testId="40ed28ca-449a-8549-a0e0-e9b6b1d76553" testName="SQCD.Agv.UnitTests.WireToGateSlotOperationExecutorTests.AnInterruptedSlotWhoseDoorIsStillOpenStaysInTheActiveSet" computerName="LAB-WIN-01" duration="00:00:00.0609119" startTime="2026-09-18T23:35:38.2583423+08:00" endTime="2026-09-18T23:35:38.3193202+08:00" testType="13cdc9d9-ddb5-4fa4-a97d-d965ccfc6d4b" outcome="Passed" testListId="8c84fa94-04c1-424b-9868-57a2d4851a1d" relativeResultsDirectory="984f14d6-48e4-4a50-9c03-77a723d2c0ca" />
    <UnitTestResult executionId="43934836-1195-408b-b172-5a5627aa563e" testId="1b82739b-a124-9017-91ad-81fe0afcd042" testName="SQCD.Agv.UnitTests.WireToGateSlotOperationExecutorTests.EverySlotOfACompletedInterruptedSettlementMeetsTheServerCompletionCondition" computerName="LAB-WIN-01" duration="00:00:00.0627441" startTime="2026-09-18T23:35:37.8228992+08:00" endTime="2026-09-18T23:35:37.8857300+08:00" testType="13cdc9d9-ddb5-4fa4-a97d-d965ccfc6d4b" outcome="Passed" testListId="8c84fa94-04c1-424b-9868-57a2d4851a1d" relativeResultsDirectory="43934836-1195-408b-b172-5a5627aa563e" />
    <UnitTestResult executionId="1de66a0c-603c-47b4-8fce-effefedb4c5e" testId="ae54db65-a74b-ead7-5930-4b77af5187d7" testName="SQCD.Agv.UnitTests.WireToGateSlotOperationExecutorTests.AnUnlockOutputThatDoesNotResetAfterThePulseIsUnknownAndNotReopened" computerName="LAB-WIN-01" duration="00:00:00.4464971" startTime="2026-09-18T23:35:35.6101089+08:00" endTime="2026-09-18T23:35:36.0695526+08:00" testType="13cdc9d9-ddb5-4fa4-a97d-d965ccfc6d4b" outcome="Passed" testListId="8c84fa94-04c1-424b-9868-57a2d4851a1d" relativeResultsDirectory="1de66a0c-603c-47b4-8fce-effefedb4c5e" />
    <UnitTestResult executionId="3aa55a00-52e9-4876-96f5-8a359285d3e9" testId="dd6d3673-a32d-80c0-4fca-594327192682" testName="SQCD.Agv.UnitTests.WireToGateSlotOperationExecutorTests.ALockFeedbackLostWhileWaitingIsUnknown" computerName="LAB-WIN-01" duration="00:00:00.0981466" startTime="2026-09-18T23:35:36.0791617+08:00" endTime="2026-09-18T23:35:36.1777923+08:00" testType="13cdc9d9-ddb5-4fa4-a97d-d965ccfc6d4b" outcome="Passed" testListId="8c84fa94-04c1-424b-9868-57a2d4851a1d" relativeResultsDirectory="3aa55a00-52e9-4876-96f5-8a359285d3e9" />
    <UnitTestResult executionId="bb9bb9df-c676-4b31-a2fb-e42d0e0b53b0" testId="b0d9bb69-e1e9-1c0e-fd98-7b3c3f6e2ec2" testName="SQCD.Agv.UnitTests.WireToGateSlotOperationExecutorTests.AnOccupancyReadingLostWhileWaitingIsUnknown" computerName="LAB-WIN-01" duration="00:00:00.0451369" startTime="2026-09-18T23:35:38.2122717+08:00" endTime="2026-09-18T23:35:38.2575044+08:00" testType="13cdc9d9-ddb5-4fa4-a97d-d965ccfc6d4b" outcome="Passed" testListId="8c84fa94-04c1-424b-9868-57a2d4851a1d" relativeResultsDirectory="bb9bb9df-c676-4b31-a2fb-e42d0e0b53b0" />
    <UnitTestResult executionId="6132e7fd-63ca-4902-b517-3d83275183cf" testId="cdfe466b-60df-daa9-3102-049fbe8505b0" testName="SQCD.Agv.UnitTests.WireToGateSlotOperationExecutorTests.ADoorShutOverTheBasketWithTheUnlockOutputStuckActiveIsUnknownNotCompleted" computerName="LAB-WIN-01" duration="00:00:00.2556425" startTime="2026-09-18T23:35:37.9551583+08:00" endTime="2026-09-18T23:35:38.2108731+08:00" testType="13cdc9d9-ddb5-4fa4-a97d-d965ccfc6d4b" outcome="Passed" testListId="8c84fa94-04c1-424b-9868-57a2d4851a1d" relativeResultsDirectory="6132e7fd-63ca-4902-b517-3d83275183cf" />
    <UnitTestResult executionId="9cfe011d-c3dd-419b-a54c-c6c40bc17822" testId="0809231e-e60e-8a84-2f2b-2dd61c0cf4de" testName="SQCD.Agv.UnitTests.WireToGateRecoveryVectorExecutorTests.UnknownSnapshotFailsClosedWithoutUnlock" computerName="LAB-WIN-01" duration="00:00:00.2183433" startTime="2026-09-18T23:35:35.6101657+08:00" endTime="2026-09-18T23:35:35.8388326+08:00" testType="13cdc9d9-ddb5-4fa4-a97d-d965ccfc6d4b" outcome="Passed" testListId="8c84fa94-04c1-424b-9868-57a2d4851a1d" relativeResultsDirectory="9cfe011d-c3dd-419b-a54c-c6c40bc17822" />
    <UnitTestResult executionId="70782f0a-e534-45f7-9d81-2dc039900a06" testId="f3307646-a4e7-8f3e-d3df-333ed6195358" testName="SQCD.Agv.UnitTests.WireToGateRecoveryVectorExecutorTests.AHandedOverDoorThatEndsUnknownStopsTheClearBeforeAnyOtherDoorOpens(stuckOutput: False)" computerName="LAB-WIN-01" duration="00:00:00.1103968" startTime="2026-09-18T23:35:36.1080626+08:00" endTime="2026-09-18T23:35:36.2185261+08:00" testType="13cdc9d9-ddb5-4fa4-a97d-d965ccfc6d4b" outcome="Passed" testListId="8c84fa94-04c1-424b-9868-57a2d4851a1d" relativeResultsDirectory="70782f0a-e534-45f7-9d81-2dc039900a06" />
    <UnitTestResult executionId="6b4b7b09-e111-4763-bef5-06c72f50f2fb" testId="a3b5ac48-4392-cc5a-4c3d-60a66fec3efb" testName="SQCD.Agv.UnitTests.WireToGateSlotOperationExecutorTests.SettlingWithNothingUnsettledFailsClosed" computerName="LAB-WIN-01" duration="00:00:00.0271141" startTime="2026-09-18T23:35:36.4141528+08:00" endTime="2026-09-18T23:35:36.4413325+08:00" testType="13cdc9d9-ddb5-4fa4-a97d-d965ccfc6d4b" outcome="Passed" testListId="8c84fa94-04c1-424b-9868-57a2d4851a1d" relativeResultsDirectory="6b4b7b09-e111-4763-bef5-06c72f50f2fb" />
    <UnitTestResult executionId="1c82467c-e365-4779-92d2-697a3ca69713" testId="36b9395e-a72e-8408-1dcc-a22cb3dfda43" testName="SQCD.Agv.UnitTests.WireToGateSlotOperationExecutorTests.ADoorOutsideTheCommandThatIsNotShutRefusesTheUnlock(condition: &quot;output-active&quot;, reason: &quot;UNLOCK_OUTPUT_NOT_RESET&quot;)" computerName="LAB-WIN-01" duration="00:00:00.0608637" startTime="2026-09-18T23:35:36.3518581+08:00" endTime="2026-09-18T23:35:36.4128176+08:00" testType="13cdc9d9-ddb5-4fa4-a97d-d965ccfc6d4b" outcome="Passed" testListId="8c84fa94-04c1-424b-9868-57a2d4851a1d" relativeResultsDirectory="1c82467c-e365-4779-92d2-697a3ca69713" />
    <UnitTestResult executionId="a0dac89d-93d1-4bf5-8968-473f68c47274" testId="c455d871-4d86-253e-3a23-ca98d204afe1" testName="SQCD.Agv.UnitTests.WireToGateSlotOperationExecutorTests.UnknownSnapshotFailsClosedWithoutUnlock" computerName="LAB-WIN-01" duration="00:00:00.0264035" startTime="2026-09-18T23:35:36.5929704+08:00" endTime="2026-09-18T23:35:36.6194422+08:00" testType="13cdc9d9-ddb5-4fa4-a97d-d965ccfc6d4b" outcome="Passed" testListId="8c84fa94-04c1-424b-9868-57a2d4851a1d" relativeResultsDirectory="a0dac89d-93d1-4bf5-8968-473f68c47274" />
    <UnitTestResult executionId="e98a81e6-6be2-45d2-ad57-982632de4753" testId="e9dff89c-9fca-d955-bb9f-143d2b9e8e4e" testName="SQCD.Agv.UnitTests.WireToGateSlotOperationExecutorTests.AnOperationInterruptedWhileWaitingSettlesAsUnknownWithRealReadingsAndNoPulse" computerName="LAB-WIN-01" duration="00:00:00.0699017" startTime="2026-09-18T23:35:38.3202219+08:00" endTime="2026-09-18T23:35:38.3902004+08:00" testType="13cdc9d9-ddb5-4fa4-a97d-d965ccfc6d4b" outcome="Passed" testListId="8c84fa94-04c1-424b-9868-57a2d4851a1d" relativeResultsDirectory="e98a81e6-6be2-45d2-ad57-982632de4753" />
    <UnitTestResult executionId="1eb3c5d7-b1f0-4e9d-8dda-d5656b536665" testId="cfdad188-fe89-7aab-e321-ddc28ef4af4e" testName="SQCD.Agv.UnitTests.WireToGateSlotOperationExecutorTests.AnOperationTheOperatorFinishedAfterTheProcessDiedSettlesAsCompleted" computerName="LAB-WIN-01" duration="00:00:00.0697663" startTime="2026-09-18T23:35:36.4422087+08:00" endTime="2026-09-18T23:35:36.5120560+08:00" testType="13cdc9d9-ddb5-4fa4-a97d-d965ccfc6d4b" outcome="Passed" testListId="8c84fa94-04c1-424b-9868-57a2d4851a1d" relativeResultsDirectory="1eb3c5d7-b1f0-4e9d-8dda-d5656b536665" />
    <UnitTestResult executionId="c93d837e-09a1-4799-b930-b89f9ad29ea9" testId="7c48b503-c1f1-bd52-f558-6c1bedbf0c79" testName="SQCD.Agv.UnitTests.ControlServerVehicleSafetySignalProviderTests.ExpiredEvidenceIsUnknownAndDoesNotPreserveStopped" computerName="LAB-WIN-01" duration="00:00:00.1251040" startTime="2026-09-18T23:35:35.6101594+08:00" endTime="2026-09-18T23:35:35.7455837+08:00" testType="13cdc9d9-ddb5-4fa4-a97d-d965ccfc6d4b" outcome="Passed" testListId="8c84fa94-04c1-424b-9868-57a2d4851a1d" relativeResultsDirectory="c93d837e-09a1-4799-b930-b89f9ad29ea9" />
    <UnitTestResult executionId="7c2cc833-7287-4704-bf81-2f983cdb207b" testId="d9456525-e5bf-1fff-6b38-1e092d820e02" testName="SQCD.Agv.UnitTests.OnboardControllerTests.AllUnknownIoStatesAreReportedWithoutImplyingSingleSlotFault" computerName="LAB-WIN-01" duration="00:00:00.0040170" startTime="2026-09-18T23:35:35.7012594+08:00" endTime="2026-09-18T23:35:35.7054090+08:00" testType="13cdc9d9-ddb5-4fa4-a97d-d965ccfc6d4b" outcome="Passed" testListId="8c84fa94-04c1-424b-9868-57a2d4851a1d" relativeResultsDirectory="7c2cc833-7287-4704-bf81-2f983cdb207b" />
    <UnitTestResult executionId="9bf54c62-d1a5-4457-af88-c8e11a3060de" testId="01e4e86b-ee77-089d-8447-3efab6f53378" testName="SQCD.Agv.UnitTests.WireToGateRecoveryVectorExecutorTests.ActiveUnlockCheckpointIsNotPulsedAgainAfterUncertainFailure" computerName="LAB-WIN-01" duration="00:00:00.0851726" startTime="2026-09-18T23:35:35.9557752+08:00" endTime="2026-09-18T23:35:36.0410256+08:00" testType="13cdc9d9-ddb5-4fa4-a97d-d965ccfc6d4b" outcome="Passed" testListId="8c84fa94-04c1-424b-9868-57a2d4851a1d" relativeResultsDirectory="9bf54c62-d1a5-4457-af88-c8e11a3060de" />
    <UnitTestResult executionId="7adf83b3-6f2a-4b60-81ab-2962859e005d" testId="6d6d91a4-d1fe-1a36-0166-4ce4f033836f" testName="SQCD.Agv.UnitTests.WireToGateSlotOperationExecutorTests.ADoorOutsideTheCommandThatIsNotShutRefusesTheUnlock(condition: &quot;open&quot;, reason: &quot;LOCK_NOT_CLOSED&quot;)" computerName="LAB-WIN-01" duration="00:00:00.0814740" startTime="2026-09-18T23:35:36.2697970+08:00" endTime="2026-09-18T23:35:36.3513460+08:00" testType="13cdc9d9-ddb5-4fa4-a97d-d965ccfc6d4b" outcome="Passed" testListId="8c84fa94-04c1-424b-9868-57a2d4851a1d" relativeResultsDirectory="7adf83b3-6f2a-4b60-81ab-2962859e005d" />
    <UnitTestResult executionId="45846342-ae63-463b-a85f-b35788044d8a" testId="9e02db33-9345-4fcc-d728-5dd4023b51cd" testName="SQCD.Agv.UnitTests.WireToGateSlotOperationExecutorTests.AnInterruptedOperationWithOnlyOneOfItsSlotsDoneIsNotCompleted" computerName="LAB-WIN-01" duration="00:00:00.0640355" startTime="2026-09-18T23:35:36.6202356+08:00" endTime="2026-09-18T23:35:36.6843374+08:00" testType="13cdc9d9-ddb5-4fa4-a97d-d965ccfc6d4b" outcome="Passed" testListId="8c84fa94-04c1-424b-9868-57a2d4851a1d" relativeResultsDirectory="45846342-ae63-463b-a85f-b35788044d8a" />
    <UnitTestResult executionId="6c9a2f2f-e295-4f55-9953-b9adc34d08ce" testId="a110d2e9-c923-b28a-d248-beef606f4769" testName="SQCD.Agv.UnitTests.WireToGateSlotOperationExecutorTests.ADoorOutsideTheCommandThatIsNotShutRefusesTheUnlock(condition: &quot;unreadable&quot;, reason: &quot;SLOT_STATE_UNKNOWN&quot;)" computerName="LAB-WIN-01" duration="00:00:00.0882689" startTime="2026-09-18T23:35:36.1803195+08:00" endTime="2026-09-18T23:35:36.2687340+08:00" testType="13cdc9d9-ddb5-4fa4-a97d-d965ccfc6d4b" outcome="Passed" testListId="8c84fa94-04c1-424b-9868-57a2d4851a1d" relativeResultsDirectory="6c9a2f2f-e295-4f55-9953-b9adc34d08ce" />
    <UnitTestResult executionId="daae93ec-6cb2-438e-b82c-b450a5b58639" testId="6169e15a-3fe0-21cf-48b3-8819fbcc72da" testName="SQCD.Agv.UnitTests.WireToGateSlotOperationExecutorTests.SlotsNeverStartedKeepTheirRealReadingsAndTheFailedSlotKeepsItsUnknown" computerName="LAB-WIN-01" duration="00:00:01.0904282" startTime="2026-09-18T23:35:36.6852519+08:00" endTime="2026-09-18T23:35:37.7757595+08:00" testType="13cdc9d9-ddb5-4fa4-a97d-d965ccfc6d4b" outcome="Passed" testListId="8c84fa94-04c1-424b-9868-57a2d4851a1d" relativeResultsDirectory="daae93ec-6cb2-438e-b82c-b450a5b58639" />
    <UnitTestResult executionId="2b573bb3-d52f-403f-a5e2-d612eb9c7aa8" testId="473825c8-9949-3f56-ef77-f4868e83add6" testName="SQCD.Agv.UnitTests.WireToGateRecoveryVectorExecutorTests.ARefusedVectorPutsTheReasonOnlyOnTheSlotThatFailsThePrecheck" computerName="LAB-WIN-01" duration="00:00:00.0637491" startTime="2026-09-18T23:35:36.0421335+08:00" endTime="2026-09-18T23:35:36.1059646+08:00" testType="13cdc9d9-ddb5-4fa4-a97d-d965ccfc6d4b" outcome="Passed" testListId="8c84fa94-04c1-424b-9868-57a2d4851a1d" relativeResultsDirectory="2b573bb3-d52f-403f-a5e2-d612eb9c7aa8" />
    <UnitTestResult executionId="9dbbf1c8-1c4b-445c-8150-49c57830ac04" testId="4310953f-6915-eaf6-3ec8-4b40fb5cc5f4" testName="SQCD.Agv.UnitTests.WireToGateSlotOperationExecutorTests.AnInterruptedOperationSettledWithoutIoSaysItCannotReadTheSlots" computerName="LAB-WIN-01" duration="00:00:00.0594165" startTime="2026-09-18T23:35:38.4562623+08:00" endTime="2026-09-18T23:35:38.5157664+08:00" testType="13cdc9d9-ddb5-4fa4-a97d-d965ccfc6d4b" outcome="Passed" testListId="8c84fa94-04c1-424b-9868-57a2d4851a1d" relativeResultsDirectory="9dbbf1c8-1c4b-445c-8150-49c57830ac04" />
    <UnitTestResult executionId="1ecc18dc-8b26-4d34-8e83-dcf26f176ee3" testId="f8dee9a9-4c98-d601-5f16-7898e3b4fe15" testName="SQCD.Agv.UnitTests.SafetyRulesTests.StaleSnapshotIsRejectedBeforeUnlockAndDeparture" computerName="LAB-WIN-01" duration="00:00:00.0265240" startTime="2026-09-18T23:35:35.6101461+08:00" endTime="2026-09-18T23:35:35.6511461+08:00" testType="13cdc9d9-ddb5-4fa4-a97d-d965ccfc6d4b" outcome="Passed" testListId="8c84fa94-04c1-424b-9868-57a2d4851a1d" relativeResultsDirectory="1ecc18dc-8b26-4d34-8e83-dcf26f176ee3" />
  </Results>
  <TestDefinitions>
    <UnitTest name="SQCD.Agv.UnitTests.WireToGateSlotOperationExecutorTests.SettlingWithNothingUnsettledFailsClosed" storage="c:\users\szy\desktop\8005-workspace-v2\worktrees\b5-36-8005-agv-onboard-hmi\tests\sqcd.agv.unittests\bin\release\net8.0\win-x64\sqcd.agv.unittests.dll" id="a3b5ac48-4392-cc5a-4c3d-60a66fec3efb">
      <Execution id="6b4b7b09-e111-4763-bef5-06c72f50f2fb" />
      <TestMethod codeBase="C:\Users\szy\Desktop\8005-workspace-v2\worktrees\b5-36-8005-agv-onboard-hmi\tests\SQCD.Agv.UnitTests\bin\Release\net8.0\win-x64\SQCD.Agv.UnitTests.dll" adapterTypeName="executor://xunit/VsTestRunner3/netcore/" className="SQCD.Agv.UnitTests.WireToGateSlotOperationExecutorTests" name="SettlingWithNothingUnsettledFailsClosed" />
    </UnitTest>
    <UnitTest name="SQCD.Agv.UnitTests.SafetyRulesTests.StaleSnapshotIsRejectedBeforeUnlockAndDeparture" storage="c:\users\szy\desktop\8005-workspace-v2\worktrees\b5-36-8005-agv-onboard-hmi\tests\sqcd.agv.unittests\bin\release\net8.0\win-x64\sqcd.agv.unittests.dll" id="f8dee9a9-4c98-d601-5f16-7898e3b4fe15">
      <Execution id="1ecc18dc-8b26-4d34-8e83-dcf26f176ee3" />
      <TestMethod codeBase="C:\Users\szy\Desktop\8005-workspace-v2\worktrees\b5-36-8005-agv-onboard-hmi\tests\SQCD.Agv.UnitTests\bin\Release\net8.0\win-x64\SQCD.Agv.UnitTests.dll" adapterTypeName="executor://xunit/VsTestRunner3/netcore/" className="SQCD.Agv.UnitTests.SafetyRulesTests" name="StaleSnapshotIsRejectedBeforeUnlockAndDeparture" />
    </UnitTest>
    <UnitTest name="SQCD.Agv.UnitTests.WireToGateRecoveryVectorExecutorTests.AHandedOverDoorThatEndsUnknownStopsTheClearBeforeAnyOtherDoorOpens(stuckOutput: False)" storage="c:\users\szy\desktop\8005-workspace-v2\worktrees\b5-36-8005-agv-onboard-hmi\tests\sqcd.agv.unittests\bin\release\net8.0\win-x64\sqcd.agv.unittests.dll" id="f3307646-a4e7-8f3e-d3df-333ed6195358">
      <Execution id="70782f0a-e534-45f7-9d81-2dc039900a06" />
      <TestMethod codeBase="C:\Users\szy\Desktop\8005-workspace-v2\worktrees\b5-36-8005-agv-onboard-hmi\tests\SQCD.Agv.UnitTests\bin\Release\net8.0\win-x64\SQCD.Agv.UnitTests.dll" adapterTypeName="executor://xunit/VsTestRunner3/netcore/" className="SQCD.Agv.UnitTests.WireToGateRecoveryVectorExecutorTests" name="AHandedOverDoorThatEndsUnknownStopsTheClearBeforeAnyOtherDoorOpens" />
    </UnitTest>
    <UnitTest name="SQCD.Agv.UnitTests.WireToGateSlotOperationExecutorTests.EverySlotOfACompletedInterruptedSettlementMeetsTheServerCompletionCondition" storage="c:\users\szy\desktop\8005-workspace-v2\worktrees\b5-36-8005-agv-onboard-hmi\tests\sqcd.agv.unittests\bin\release\net8.0\win-x64\sqcd.agv.unittests.dll" id="1b82739b-a124-9017-91ad-81fe0afcd042">
      <Execution id="43934836-1195-408b-b172-5a5627aa563e" />
      <TestMethod codeBase="C:\Users\szy\Desktop\8005-workspace-v2\worktrees\b5-36-8005-agv-onboard-hmi\tests\SQCD.Agv.UnitTests\bin\Release\net8.0\win-x64\SQCD.Agv.UnitTests.dll" adapterTypeName="executor://xunit/VsTestRunner3/netcore/" className="SQCD.Agv.UnitTests.WireToGateSlotOperationExecutorTests" name="EverySlotOfACompletedInterruptedSettlementMeetsTheServerCompletionCondition" />
    </UnitTest>
    <UnitTest name="SQCD.Agv.UnitTests.WireToGateSlotOperationExecutorTests.SlotsNeverStartedKeepTheirRealReadingsAndTheFailedSlotKeepsItsUnknown" storage="c:\users\szy\desktop\8005-workspace-v2\worktrees\b5-36-8005-agv-onboard-hmi\tests\sqcd.agv.unittests\bin\release\net8.0\win-x64\sqcd.agv.unittests.dll" id="6169e15a-3fe0-21cf-48b3-8819fbcc72da">
      <Execution id="daae93ec-6cb2-438e-b82c-b450a5b58639" />
      <TestMethod codeBase="C:\Users\szy\Desktop\8005-workspace-v2\worktrees\b5-36-8005-agv-onboard-hmi\tests\SQCD.Agv.UnitTests\bin\Release\net8.0\win-x64\SQCD.Agv.UnitTests.dll" adapterTypeName="executor://xunit/VsTestRunner3/netcore/" className="SQCD.Agv.UnitTests.WireToGateSlotOperationExecutorTests" name="SlotsNeverStartedKeepTheirRealReadingsAndTheFailedSlotKeepsItsUnknown" />
    </UnitTest>
    <UnitTest name="SQCD.Agv.UnitTests.WireToGateRecoveryVectorExecutorTests.ARefusedVectorPutsTheReasonOnlyOnTheSlotThatFailsThePrecheck" storage="c:\users\szy\desktop\8005-workspace-v2\worktrees\b5-36-8005-agv-onboard-hmi\tests\sqcd.agv.unittests\bin\release\net8.0\win-x64\sqcd.agv.unittests.dll" id="473825c8-9949-3f56-ef77-f4868e83add6">
      <Execution id="2b573bb3-d52f-403f-a5e2-d612eb9c7aa8" />
      <TestMethod codeBase="C:\Users\szy\Desktop\8005-workspace-v2\worktrees\b5-36-8005-agv-onboard-hmi\tests\SQCD.Agv.UnitTests\bin\Release\net8.0\win-x64\SQCD.Agv.UnitTests.dll" adapterTypeName="executor://xunit/VsTestRunner3/netcore/" className="SQCD.Agv.UnitTests.WireToGateRecoveryVectorExecutorTests" name="ARefusedVectorPutsTheReasonOnlyOnTheSlotThatFailsThePrecheck" />
    </UnitTest>
    <UnitTest name="SQCD.Agv.UnitTests.WireToGateRecoveryVectorExecutorTests.AFailedVectorSlotKeepsItsUnknownAndSlotsNeverStartedKeepTheirReadings" storage="c:\users\szy\desktop\8005-workspace-v2\worktrees\b5-36-8005-agv-onboard-hmi\tests\sqcd.agv.unittests\bin\release\net8.0\win-x64\sqcd.agv.unittests.dll" id="d69fc642-4ab1-672c-b6d2-d994a33c0f2c">
      <Execution id="ec551400-ad9a-467c-8050-06b2f7da0a17" />
      <TestMethod codeBase="C:\Users\szy\Desktop\8005-workspace-v2\worktrees\b5-36-8005-agv-onboard-hmi\tests\SQCD.Agv.UnitTests\bin\Release\net8.0\win-x64\SQCD.Agv.UnitTests.dll" adapterTypeName="executor://xunit/VsTestRunner3/netcore/" className="SQCD.Agv.UnitTests.WireToGateRecoveryVectorExecutorTests" name="AFailedVectorSlotKeepsItsUnknownAndSlotsNeverStartedKeepTheirReadings" />
    </UnitTest>
    <UnitTest name="SQCD.Agv.UnitTests.WireToGateSlotOperationExecutorTests.ADoorShutOverTheBasketWithTheUnlockOutputStuckActiveIsUnknownNotCompleted" storage="c:\users\szy\desktop\8005-workspace-v2\worktrees\b5-36-8005-agv-onboard-hmi\tests\sqcd.agv.unittests\bin\release\net8.0\win-x64\sqcd.agv.unittests.dll" id="cdfe466b-60df-daa9-3102-049fbe8505b0">
      <Execution id="6132e7fd-63ca-4902-b517-3d83275183cf" />
      <TestMethod codeBase="C:\Users\szy\Desktop\8005-workspace-v2\worktrees\b5-36-8005-agv-onboard-hmi\tests\SQCD.Agv.UnitTests\bin\Release\net8.0\win-x64\SQCD.Agv.UnitTests.dll" adapterTypeName="executor://xunit/VsTestRunner3/netcore/" className="SQCD.Agv.UnitTests.WireToGateSlotOperationExecutorTests" name="ADoorShutOverTheBasketWithTheUnlockOutputStuckActiveIsUnknownNotCompleted" />
    </UnitTest>
    <UnitTest name="SQCD.Agv.UnitTests.WireToGateSlotOperationExecutorTests.UnknownSnapshotFailsClosedWithoutUnlock" storage="c:\users\szy\desktop\8005-workspace-v2\worktrees\b5-36-8005-agv-onboard-hmi\tests\sqcd.agv.unittests\bin\release\net8.0\win-x64\sqcd.agv.unittests.dll" id="c455d871-4d86-253e-3a23-ca98d204afe1">
      <Execution id="a0dac89d-93d1-4bf5-8968-473f68c47274" />
      <TestMethod codeBase="C:\Users\szy\Desktop\8005-workspace-v2\worktrees\b5-36-8005-agv-onboard-hmi\tests\SQCD.Agv.UnitTests\bin\Release\net8.0\win-x64\SQCD.Agv.UnitTests.dll" adapterTypeName="executor://xunit/VsTestRunner3/netcore/" className="SQCD.Agv.UnitTests.WireToGateSlotOperationExecutorTests" name="UnknownSnapshotFailsClosedWithoutUnlock" />
    </UnitTest>
    <UnitTest name="SQCD.Agv.UnitTests.WireToGateSlotOperationExecutorTests.ADoorOutsideTheCommandThatIsNotShutRefusesTheUnlock(condition: &quot;unreadable&quot;, reason: &quot;SLOT_STATE_UNKNOWN&quot;)" storage="c:\users\szy\desktop\8005-workspace-v2\worktrees\b5-36-8005-agv-onboard-hmi\tests\sqcd.agv.unittests\bin\release\net8.0\win-x64\sqcd.agv.unittests.dll" id="a110d2e9-c923-b28a-d248-beef606f4769">
      <Execution id="6c9a2f2f-e295-4f55-9953-b9adc34d08ce" />
      <TestMethod codeBase="C:\Users\szy\Desktop\8005-workspace-v2\worktrees\b5-36-8005-agv-onboard-hmi\tests\SQCD.Agv.UnitTests\bin\Release\net8.0\win-x64\SQCD.Agv.UnitTests.dll" adapterTypeName="executor://xunit/VsTestRunner3/netcore/" className="SQCD.Agv.UnitTests.WireToGateSlotOperationExecutorTests" name="ADoorOutsideTheCommandThatIsNotShutRefusesTheUnlock" />
    </UnitTest>
    <UnitTest name="SQCD.Agv.UnitTests.WireToGateRecoveryVectorExecutorTests.ActiveUnlockCheckpointIsNotPulsedAgainAfterUncertainFailure" storage="c:\users\szy\desktop\8005-workspace-v2\worktrees\b5-36-8005-agv-onboard-hmi\tests\sqcd.agv.unittests\bin\release\net8.0\win-x64\sqcd.agv.unittests.dll" id="01e4e86b-ee77-089d-8447-3efab6f53378">
      <Execution id="9bf54c62-d1a5-4457-af88-c8e11a3060de" />
      <TestMethod codeBase="C:\Users\szy\Desktop\8005-workspace-v2\worktrees\b5-36-8005-agv-onboard-hmi\tests\SQCD.Agv.UnitTests\bin\Release\net8.0\win-x64\SQCD.Agv.UnitTests.dll" adapterTypeName="executor://xunit/VsTestRunner3/netcore/" className="SQCD.Agv.UnitTests.WireToGateRecoveryVectorExecutorTests" name="ActiveUnlockCheckpointIsNotPulsedAgainAfterUncertainFailure" />
    </UnitTest>
    <UnitTest name="SQCD.Agv.UnitTests.WireToGateSlotOperationExecutorTests.ADoorOutsideTheCommandThatIsNotShutRefusesTheUnlock(condition: &quot;output-active&quot;, reason: &quot;UNLOCK_OUTPUT_NOT_RESET&quot;)" storage="c:\users\szy\desktop\8005-workspace-v2\worktrees\b5-36-8005-agv-onboard-hmi\tests\sqcd.agv.unittests\bin\release\net8.0\win-x64\sqcd.agv.unittests.dll" id="36b9395e-a72e-8408-1dcc-a22cb3dfda43">
      <Execution id="1c82467c-e365-4779-92d2-697a3ca69713" />
      <TestMethod codeBase="C:\Users\szy\Desktop\8005-workspace-v2\worktrees\b5-36-8005-agv-onboard-hmi\tests\SQCD.Agv.UnitTests\bin\Release\net8.0\win-x64\SQCD.Agv.UnitTests.dll" adapterTypeName="executor://xunit/VsTestRunner3/netcore/" className="SQCD.Agv.UnitTests.WireToGateSlotOperationExecutorTests" name="ADoorOutsideTheCommandThatIsNotShutRefusesTheUnlock" />
    </UnitTest>
    <UnitTest name="SQCD.Agv.UnitTests.WireToGateSlotOperationExecutorTests.AnInterruptedSlotWhoseDoorIsStillOpenStaysInTheActiveSet" storage="c:\users\szy\desktop\8005-workspace-v2\worktrees\b5-36-8005-agv-onboard-hmi\tests\sqcd.agv.unittests\bin\release\net8.0\win-x64\sqcd.agv.unittests.dll" id="40ed28ca-449a-8549-a0e0-e9b6b1d76553">
      <Execution id="984f14d6-48e4-4a50-9c03-77a723d2c0ca" />
      <TestMethod codeBase="C:\Users\szy\Desktop\8005-workspace-v2\worktrees\b5-36-8005-agv-onboard-hmi\tests\SQCD.Agv.UnitTests\bin\Release\net8.0\win-x64\SQCD.Agv.UnitTests.dll" adapterTypeName="executor://xunit/VsTestRunner3/netcore/" className="SQCD.Agv.UnitTests.WireToGateSlotOperationExecutorTests" name="AnInterruptedSlotWhoseDoorIsStillOpenStaysInTheActiveSet" />
    </UnitTest>
    <UnitTest name="SQCD.Agv.UnitTests.OnboardControllerTests.SingleUnknownIoStateIdentifiesAffectedPhysicalSlot" storage="c:\users\szy\desktop\8005-workspace-v2\worktrees\b5-36-8005-agv-onboard-hmi\tests\sqcd.agv.unittests\bin\release\net8.0\win-x64\sqcd.agv.unittests.dll" id="05eeb20c-a51b-9825-7e46-ceff29c3832f">
      <Execution id="4b007d39-1c6b-48b9-9c08-9bae64a0eeb2" />
      <TestMethod codeBase="C:\Users\szy\Desktop\8005-workspace-v2\worktrees\b5-36-8005-agv-onboard-hmi\tests\SQCD.Agv.UnitTests\bin\Release\net8.0\win-x64\SQCD.Agv.UnitTests.dll" adapterTypeName="executor://xunit/VsTestRunner3/netcore/" className="SQCD.Agv.UnitTests.OnboardControllerTests" name="SingleUnknownIoStateIdentifiesAffectedPhysicalSlot" />
    </UnitTest>
    <UnitTest name="SQCD.Agv.UnitTests.WireToGateSlotOperationExecutorTests.AnInterruptedOperationWithOnlyOneOfItsSlotsDoneIsNotCompleted" storage="c:\users\szy\desktop\8005-workspace-v2\worktrees\b5-36-8005-agv-onboard-hmi\tests\sqcd.agv.unittests\bin\release\net8.0\win-x64\sqcd.agv.unittests.dll" id="9e02db33-9345-4fcc-d728-5dd4023b51cd">
      <Execution id="45846342-ae63-463b-a85f-b35788044d8a" />
      <TestMethod codeBase="C:\Users\szy\Desktop\8005-workspace-v2\worktrees\b5-36-8005-agv-onboard-hmi\tests\SQCD.Agv.UnitTests\bin\Release\net8.0\win-x64\SQCD.Agv.UnitTests.dll" adapterTypeName="executor://xunit/VsTestRunner3/netcore/" className="SQCD.Agv.UnitTests.WireToGateSlotOperationExecutorTests" name="AnInterruptedOperationWithOnlyOneOfItsSlotsDoneIsNotCompleted" />
    </UnitTest>
    <UnitTest name="SQCD.Agv.UnitTests.WireToGateSlotOperationExecutorTests.AnOperationInterruptedWhileWaitingSettlesAsUnknownWithRealReadingsAndNoPulse" storage="c:\users\szy\desktop\8005-workspace-v2\worktrees\b5-36-8005-agv-onboard-hmi\tests\sqcd.agv.unittests\bin\release\net8.0\win-x64\sqcd.agv.unittests.dll" id="e9dff89c-9fca-d955-bb9f-143d2b9e8e4e">
      <Execution id="e98a81e6-6be2-45d2-ad57-982632de4753" />
      <TestMethod codeBase="C:\Users\szy\Desktop\8005-workspace-v2\worktrees\b5-36-8005-agv-onboard-hmi\tests\SQCD.Agv.UnitTests\bin\Release\net8.0\win-x64\SQCD.Agv.UnitTests.dll" adapterTypeName="executor://xunit/VsTestRunner3/netcore/" className="SQCD.Agv.UnitTests.WireToGateSlotOperationExecutorTests" name="AnOperationInterruptedWhileWaitingSettlesAsUnknownWithRealReadingsAndNoPulse" />
    </UnitTest>
    <UnitTest name="SQCD.Agv.UnitTests.WireToGateSlotOperationExecutorTests.AnInterruptedSettlementWithoutIoKeepsOnlyTheInterruptedSlotActive" storage="c:\users\szy\desktop\8005-workspace-v2\worktrees\b5-36-8005-agv-onboard-hmi\tests\sqcd.agv.unittests\bin\release\net8.0\win-x64\sqcd.agv.unittests.dll" id="5e19d311-a36a-2b18-1c83-ed4ec7e704af">
      <Execution id="890d8c08-4440-4706-9fcb-ab4b0d93ad73" />
      <TestMethod codeBase="C:\Users\szy\Desktop\8005-workspace-v2\worktrees\b5-36-8005-agv-onboard-hmi\tests\SQCD.Agv.UnitTests\bin\Release\net8.0\win-x64\SQCD.Agv.UnitTests.dll" adapterTypeName="executor://xunit/VsTestRunner3/netcore/" className="SQCD.Agv.UnitTests.WireToGateSlotOperationExecutorTests" name="AnInterruptedSettlementWithoutIoKeepsOnlyTheInterruptedSlotActive" />
    </UnitTest>
    <UnitTest name="SQCD.Agv.UnitTests.WireToGateSlotOperationExecutorTests.ALockFeedbackLostWhileWaitingIsUnknown" storage="c:\users\szy\desktop\8005-workspace-v2\worktrees\b5-36-8005-agv-onboard-hmi\tests\sqcd.agv.unittests\bin\release\net8.0\win-x64\sqcd.agv.unittests.dll" id="dd6d3673-a32d-80c0-4fca-594327192682">
      <Execution id="3aa55a00-52e9-4876-96f5-8a359285d3e9" />
      <TestMethod codeBase="C:\Users\szy\Desktop\8005-workspace-v2\worktrees\b5-36-8005-agv-onboard-hmi\tests\SQCD.Agv.UnitTests\bin\Release\net8.0\win-x64\SQCD.Agv.UnitTests.dll" adapterTypeName="executor://xunit/VsTestRunner3/netcore/" className="SQCD.Agv.UnitTests.WireToGateSlotOperationExecutorTests" name="ALockFeedbackLostWhileWaitingIsUnknown" />
    </UnitTest>
    <UnitTest name="SQCD.Agv.UnitTests.WireToGateSlotOperationExecutorTests.AnUnlockOutputThatDoesNotResetAfterThePulseIsUnknownAndNotReopened" storage="c:\users\szy\desktop\8005-workspace-v2\worktrees\b5-36-8005-agv-onboard-hmi\tests\sqcd.agv.unittests\bin\release\net8.0\win-x64\sqcd.agv.unittests.dll" id="ae54db65-a74b-ead7-5930-4b77af5187d7">
      <Execution id="1de66a0c-603c-47b4-8fce-effefedb4c5e" />
      <TestMethod codeBase="C:\Users\szy\Desktop\8005-workspace-v2\worktrees\b5-36-8005-agv-onboard-hmi\tests\SQCD.Agv.UnitTests\bin\Release\net8.0\win-x64\SQCD.Agv.UnitTests.dll" adapterTypeName="executor://xunit/VsTestRunner3/netcore/" className="SQCD.Agv.UnitTests.WireToGateSlotOperationExecutorTests" name="AnUnlockOutputThatDoesNotResetAfterThePulseIsUnknownAndNotReopened" />
    </UnitTest>
    <UnitTest name="SQCD.Agv.UnitTests.WireToGateSlotOperationExecutorTests.AnInterruptedOperationSettledWithoutIoSaysItCannotReadTheSlots" storage="c:\users\szy\desktop\8005-workspace-v2\worktrees\b5-36-8005-agv-onboard-hmi\tests\sqcd.agv.unittests\bin\release\net8.0\win-x64\sqcd.agv.unittests.dll" id="4310953f-6915-eaf6-3ec8-4b40fb5cc5f4">
      <Execution id="9dbbf1c8-1c4b-445c-8150-49c57830ac04" />
      <TestMethod codeBase="C:\Users\szy\Desktop\8005-workspace-v2\worktrees\b5-36-8005-agv-onboard-hmi\tests\SQCD.Agv.UnitTests\bin\Release\net8.0\win-x64\SQCD.Agv.UnitTests.dll" adapterTypeName="executor://xunit/VsTestRunner3/netcore/" className="SQCD.Agv.UnitTests.WireToGateSlotOperationExecutorTests" name="AnInterruptedOperationSettledWithoutIoSaysItCannotReadTheSlots" />
    </UnitTest>
    <UnitTest name="SQCD.Agv.UnitTests.WireToGateSlotOperationExecutorTests.AnAttemptWithAPendingLoadCancellationIsNotSettledAsInterrupted" storage="c:\users\szy\desktop\8005-workspace-v2\worktrees\b5-36-8005-agv-onboard-hmi\tests\sqcd.agv.unittests\bin\release\net8.0\win-x64\sqcd.agv.unittests.dll" id="fd833c6d-251b-49ab-950c-924d3f65b131">
      <Execution id="0bb39af2-f776-4527-9ff3-6761d2abd295" />
      <TestMethod codeBase="C:\Users\szy\Desktop\8005-workspace-v2\worktrees\b5-36-8005-agv-onboard-hmi\tests\SQCD.Agv.UnitTests\bin\Release\net8.0\win-x64\SQCD.Agv.UnitTests.dll" adapterTypeName="executor://xunit/VsTestRunner3/netcore/" className="SQCD.Agv.UnitTests.WireToGateSlotOperationExecutorTests" name="AnAttemptWithAPendingLoadCancellationIsNotSettledAsInterrupted" />
    </UnitTest>
    <UnitTest name="SQCD.Agv.UnitTests.WireToGateRecoveryVectorExecutorTests.AHandedOverDoorThatEndsUnknownStopsTheClearBeforeAnyOtherDoorOpens(stuckOutput: True)" storage="c:\users\szy\desktop\8005-workspace-v2\worktrees\b5-36-8005-agv-onboard-hmi\tests\sqcd.agv.unittests\bin\release\net8.0\win-x64\sqcd.agv.unittests.dll" id="8eda47a2-9c39-c5ad-dfc1-8ec218789a42">
      <Execution id="90a78db5-92be-444c-84e3-ac0696685779" />
      <TestMethod codeBase="C:\Users\szy\Desktop\8005-workspace-v2\worktrees\b5-36-8005-agv-onboard-hmi\tests\SQCD.Agv.UnitTests\bin\Release\net8.0\win-x64\SQCD.Agv.UnitTests.dll" adapterTypeName="executor://xunit/VsTestRunner3/netcore/" className="SQCD.Agv.UnitTests.WireToGateRecoveryVectorExecutorTests" name="AHandedOverDoorThatEndsUnknownStopsTheClearBeforeAnyOtherDoorOpens" />
    </UnitTest>
    <UnitTest name="SQCD.Agv.UnitTests.OnboardControllerTests.AllUnknownIoStatesAreReportedWithoutImplyingSingleSlotFault" storage="c:\users\szy\desktop\8005-workspace-v2\worktrees\b5-36-8005-agv-onboard-hmi\tests\sqcd.agv.unittests\bin\release\net8.0\win-x64\sqcd.agv.unittests.dll" id="d9456525-e5bf-1fff-6b38-1e092d820e02">
      <Execution id="7c2cc833-7287-4704-bf81-2f983cdb207b" />
      <TestMethod codeBase="C:\Users\szy\Desktop\8005-workspace-v2\worktrees\b5-36-8005-agv-onboard-hmi\tests\SQCD.Agv.UnitTests\bin\Release\net8.0\win-x64\SQCD.Agv.UnitTests.dll" adapterTypeName="executor://xunit/VsTestRunner3/netcore/" className="SQCD.Agv.UnitTests.OnboardControllerTests" name="AllUnknownIoStatesAreReportedWithoutImplyingSingleSlotFault" />
    </UnitTest>
    <UnitTest name="SQCD.Agv.UnitTests.ControlServerVehicleSafetySignalProviderTests.ExpiredEvidenceIsUnknownAndDoesNotPreserveStopped" storage="c:\users\szy\desktop\8005-workspace-v2\worktrees\b5-36-8005-agv-onboard-hmi\tests\sqcd.agv.unittests\bin\release\net8.0\win-x64\sqcd.agv.unittests.dll" id="7c48b503-c1f1-bd52-f558-6c1bedbf0c79">
      <Execution id="c93d837e-09a1-4799-b930-b89f9ad29ea9" />
      <TestMethod codeBase="C:\Users\szy\Desktop\8005-workspace-v2\worktrees\b5-36-8005-agv-onboard-hmi\tests\SQCD.Agv.UnitTests\bin\Release\net8.0\win-x64\SQCD.Agv.UnitTests.dll" adapterTypeName="executor://xunit/VsTestRunner3/netcore/" className="SQCD.Agv.UnitTests.ControlServerVehicleSafetySignalProviderTests" name="ExpiredEvidenceIsUnknownAndDoesNotPreserveStopped" />
    </UnitTest>
    <UnitTest name="SQCD.Agv.UnitTests.WireToGateRecoveryVectorExecutorTests.UnknownSnapshotFailsClosedWithoutUnlock" storage="c:\users\szy\desktop\8005-workspace-v2\worktrees\b5-36-8005-agv-onboard-hmi\tests\sqcd.agv.unittests\bin\release\net8.0\win-x64\sqcd.agv.unittests.dll" id="0809231e-e60e-8a84-2f2b-2dd61c0cf4de">
      <Execution id="9cfe011d-c3dd-419b-a54c-c6c40bc17822" />
      <TestMethod codeBase="C:\Users\szy\Desktop\8005-workspace-v2\worktrees\b5-36-8005-agv-onboard-hmi\tests\SQCD.Agv.UnitTests\bin\Release\net8.0\win-x64\SQCD.Agv.UnitTests.dll" adapterTypeName="executor://xunit/VsTestRunner3/netcore/" className="SQCD.Agv.UnitTests.WireToGateRecoveryVectorExecutorTests" name="UnknownSnapshotFailsClosedWithoutUnlock" />
    </UnitTest>
    <UnitTest name="SQCD.Agv.UnitTests.WireToGateSlotOperationExecutorTests.ADoorOutsideTheCommandThatIsNotShutRefusesTheUnlock(condition: &quot;open&quot;, reason: &quot;LOCK_NOT_CLOSED&quot;)" storage="c:\users\szy\desktop\8005-workspace-v2\worktrees\b5-36-8005-agv-onboard-hmi\tests\sqcd.agv.unittests\bin\release\net8.0\win-x64\sqcd.agv.unittests.dll" id="6d6d91a4-d1fe-1a36-0166-4ce4f033836f">
      <Execution id="7adf83b3-6f2a-4b60-81ab-2962859e005d" />
      <TestMethod codeBase="C:\Users\szy\Desktop\8005-workspace-v2\worktrees\b5-36-8005-agv-onboard-hmi\tests\SQCD.Agv.UnitTests\bin\Release\net8.0\win-x64\SQCD.Agv.UnitTests.dll" adapterTypeName="executor://xunit/VsTestRunner3/netcore/" className="SQCD.Agv.UnitTests.WireToGateSlotOperationExecutorTests" name="ADoorOutsideTheCommandThatIsNotShutRefusesTheUnlock" />
    </UnitTest>
    <UnitTest name="SQCD.Agv.UnitTests.WireToGateSlotOperationExecutorTests.AnInterruptedSlotWhoseUnlockOutputIsStuckActiveIsUnknownNotCompleted" storage="c:\users\szy\desktop\8005-workspace-v2\worktrees\b5-36-8005-agv-onboard-hmi\tests\sqcd.agv.unittests\bin\release\net8.0\win-x64\sqcd.agv.unittests.dll" id="40ca9aaf-2dd1-4a3a-2f9b-f4940febcded">
      <Execution id="959e7cf9-4901-4b8a-ae8e-520c82a64477" />
      <TestMethod codeBase="C:\Users\szy\Desktop\8005-workspace-v2\worktrees\b5-36-8005-agv-onboard-hmi\tests\SQCD.Agv.UnitTests\bin\Release\net8.0\win-x64\SQCD.Agv.UnitTests.dll" adapterTypeName="executor://xunit/VsTestRunner3/netcore/" className="SQCD.Agv.UnitTests.WireToGateSlotOperationExecutorTests" name="AnInterruptedSlotWhoseUnlockOutputIsStuckActiveIsUnknownNotCompleted" />
    </UnitTest>
    <UnitTest name="SQCD.Agv.UnitTests.WireToGateSlotOperationExecutorTests.AnOccupancyReadingLostWhileWaitingIsUnknown" storage="c:\users\szy\desktop\8005-workspace-v2\worktrees\b5-36-8005-agv-onboard-hmi\tests\sqcd.agv.unittests\bin\release\net8.0\win-x64\sqcd.agv.unittests.dll" id="b0d9bb69-e1e9-1c0e-fd98-7b3c3f6e2ec2">
      <Execution id="bb9bb9df-c676-4b31-a2fb-e42d0e0b53b0" />
      <TestMethod codeBase="C:\Users\szy\Desktop\8005-workspace-v2\worktrees\b5-36-8005-agv-onboard-hmi\tests\SQCD.Agv.UnitTests\bin\Release\net8.0\win-x64\SQCD.Agv.UnitTests.dll" adapterTypeName="executor://xunit/VsTestRunner3/netcore/" className="SQCD.Agv.UnitTests.WireToGateSlotOperationExecutorTests" name="AnOccupancyReadingLostWhileWaitingIsUnknown" />
    </UnitTest>
    <UnitTest name="SQCD.Agv.UnitTests.WireToGateSlotOperationExecutorTests.AnOperationTheOperatorFinishedAfterTheProcessDiedSettlesAsCompleted" storage="c:\users\szy\desktop\8005-workspace-v2\worktrees\b5-36-8005-agv-onboard-hmi\tests\sqcd.agv.unittests\bin\release\net8.0\win-x64\sqcd.agv.unittests.dll" id="cfdad188-fe89-7aab-e321-ddc28ef4af4e">
      <Execution id="1eb3c5d7-b1f0-4e9d-8dda-d5656b536665" />
      <TestMethod codeBase="C:\Users\szy\Desktop\8005-workspace-v2\worktrees\b5-36-8005-agv-onboard-hmi\tests\SQCD.Agv.UnitTests\bin\Release\net8.0\win-x64\SQCD.Agv.UnitTests.dll" adapterTypeName="executor://xunit/VsTestRunner3/netcore/" className="SQCD.Agv.UnitTests.WireToGateSlotOperationExecutorTests" name="AnOperationTheOperatorFinishedAfterTheProcessDiedSettlesAsCompleted" />
    </UnitTest>
    <UnitTest name="SQCD.Agv.UnitTests.WireToGateSlotOperationExecutorTests.ADoorOpenedElsewhereMidOperationStopsTheNextUnlock" storage="c:\users\szy\desktop\8005-workspace-v2\worktrees\b5-36-8005-agv-onboard-hmi\tests\sqcd.agv.unittests\bin\release\net8.0\win-x64\sqcd.agv.unittests.dll" id="9e03b33a-dc07-f4d9-d576-74953871e2fb">
      <Execution id="d4bf7eca-ac64-41ab-9f02-8e758d66d54a" />
      <TestMethod codeBase="C:\Users\szy\Desktop\8005-workspace-v2\worktrees\b5-36-8005-agv-onboard-hmi\tests\SQCD.Agv.UnitTests\bin\Release\net8.0\win-x64\SQCD.Agv.UnitTests.dll" adapterTypeName="executor://xunit/VsTestRunner3/netcore/" className="SQCD.Agv.UnitTests.WireToGateSlotOperationExecutorTests" name="ADoorOpenedElsewhereMidOperationStopsTheNextUnlock" />
    </UnitTest>
  </TestDefinitions>
  <TestEntries>
    <TestEntry testId="9e03b33a-dc07-f4d9-d576-74953871e2fb" executionId="d4bf7eca-ac64-41ab-9f02-8e758d66d54a" testListId="8c84fa94-04c1-424b-9868-57a2d4851a1d" />
    <TestEntry testId="40ca9aaf-2dd1-4a3a-2f9b-f4940febcded" executionId="959e7cf9-4901-4b8a-ae8e-520c82a64477" testListId="8c84fa94-04c1-424b-9868-57a2d4851a1d" />
    <TestEntry testId="5e19d311-a36a-2b18-1c83-ed4ec7e704af" executionId="890d8c08-4440-4706-9fcb-ab4b0d93ad73" testListId="8c84fa94-04c1-424b-9868-57a2d4851a1d" />
    <TestEntry testId="fd833c6d-251b-49ab-950c-924d3f65b131" executionId="0bb39af2-f776-4527-9ff3-6761d2abd295" testListId="8c84fa94-04c1-424b-9868-57a2d4851a1d" />
    <TestEntry testId="d69fc642-4ab1-672c-b6d2-d994a33c0f2c" executionId="ec551400-ad9a-467c-8050-06b2f7da0a17" testListId="8c84fa94-04c1-424b-9868-57a2d4851a1d" />
    <TestEntry testId="05eeb20c-a51b-9825-7e46-ceff29c3832f" executionId="4b007d39-1c6b-48b9-9c08-9bae64a0eeb2" testListId="8c84fa94-04c1-424b-9868-57a2d4851a1d" />
    <TestEntry testId="8eda47a2-9c39-c5ad-dfc1-8ec218789a42" executionId="90a78db5-92be-444c-84e3-ac0696685779" testListId="8c84fa94-04c1-424b-9868-57a2d4851a1d" />
    <TestEntry testId="40ed28ca-449a-8549-a0e0-e9b6b1d76553" executionId="984f14d6-48e4-4a50-9c03-77a723d2c0ca" testListId="8c84fa94-04c1-424b-9868-57a2d4851a1d" />
    <TestEntry testId="1b82739b-a124-9017-91ad-81fe0afcd042" executionId="43934836-1195-408b-b172-5a5627aa563e" testListId="8c84fa94-04c1-424b-9868-57a2d4851a1d" />
    <TestEntry testId="ae54db65-a74b-ead7-5930-4b77af5187d7" executionId="1de66a0c-603c-47b4-8fce-effefedb4c5e" testListId="8c84fa94-04c1-424b-9868-57a2d4851a1d" />
    <TestEntry testId="dd6d3673-a32d-80c0-4fca-594327192682" executionId="3aa55a00-52e9-4876-96f5-8a359285d3e9" testListId="8c84fa94-04c1-424b-9868-57a2d4851a1d" />
    <TestEntry testId="b0d9bb69-e1e9-1c0e-fd98-7b3c3f6e2ec2" executionId="bb9bb9df-c676-4b31-a2fb-e42d0e0b53b0" testListId="8c84fa94-04c1-424b-9868-57a2d4851a1d" />
    <TestEntry testId="cdfe466b-60df-daa9-3102-049fbe8505b0" executionId="6132e7fd-63ca-4902-b517-3d83275183cf" testListId="8c84fa94-04c1-424b-9868-57a2d4851a1d" />
    <TestEntry testId="0809231e-e60e-8a84-2f2b-2dd61c0cf4de" executionId="9cfe011d-c3dd-419b-a54c-c6c40bc17822" testListId="8c84fa94-04c1-424b-9868-57a2d4851a1d" />
    <TestEntry testId="f3307646-a4e7-8f3e-d3df-333ed6195358" executionId="70782f0a-e534-45f7-9d81-2dc039900a06" testListId="8c84fa94-04c1-424b-9868-57a2d4851a1d" />
    <TestEntry testId="a3b5ac48-4392-cc5a-4c3d-60a66fec3efb" executionId="6b4b7b09-e111-4763-bef5-06c72f50f2fb" testListId="8c84fa94-04c1-424b-9868-57a2d4851a1d" />
    <TestEntry testId="36b9395e-a72e-8408-1dcc-a22cb3dfda43" executionId="1c82467c-e365-4779-92d2-697a3ca69713" testListId="8c84fa94-04c1-424b-9868-57a2d4851a1d" />
    <TestEntry testId="c455d871-4d86-253e-3a23-ca98d204afe1" executionId="a0dac89d-93d1-4bf5-8968-473f68c47274" testListId="8c84fa94-04c1-424b-9868-57a2d4851a1d" />
    <TestEntry testId="e9dff89c-9fca-d955-bb9f-143d2b9e8e4e" executionId="e98a81e6-6be2-45d2-ad57-982632de4753" testListId="8c84fa94-04c1-424b-9868-57a2d4851a1d" />
    <TestEntry testId="cfdad188-fe89-7aab-e321-ddc28ef4af4e" executionId="1eb3c5d7-b1f0-4e9d-8dda-d5656b536665" testListId="8c84fa94-04c1-424b-9868-57a2d4851a1d" />
    <TestEntry testId="7c48b503-c1f1-bd52-f558-6c1bedbf0c79" executionId="c93d837e-09a1-4799-b930-b89f9ad29ea9" testListId="8c84fa94-04c1-424b-9868-57a2d4851a1d" />
    <TestEntry testId="d9456525-e5bf-1fff-6b38-1e092d820e02" executionId="7c2cc833-7287-4704-bf81-2f983cdb207b" testListId="8c84fa94-04c1-424b-9868-57a2d4851a1d" />
    <TestEntry testId="01e4e86b-ee77-089d-8447-3efab6f53378" executionId="9bf54c62-d1a5-4457-af88-c8e11a3060de" testListId="8c84fa94-04c1-424b-9868-57a2d4851a1d" />
    <TestEntry testId="6d6d91a4-d1fe-1a36-0166-4ce4f033836f" executionId="7adf83b3-6f2a-4b60-81ab-2962859e005d" testListId="8c84fa94-04c1-424b-9868-57a2d4851a1d" />
    <TestEntry testId="9e02db33-9345-4fcc-d728-5dd4023b51cd" executionId="45846342-ae63-463b-a85f-b35788044d8a" testListId="8c84fa94-04c1-424b-9868-57a2d4851a1d" />
    <TestEntry testId="a110d2e9-c923-b28a-d248-beef606f4769" executionId="6c9a2f2f-e295-4f55-9953-b9adc34d08ce" testListId="8c84fa94-04c1-424b-9868-57a2d4851a1d" />
    <TestEntry testId="6169e15a-3fe0-21cf-48b3-8819fbcc72da" executionId="daae93ec-6cb2-438e-b82c-b450a5b58639" testListId="8c84fa94-04c1-424b-9868-57a2d4851a1d" />
    <TestEntry testId="473825c8-9949-3f56-ef77-f4868e83add6" executionId="2b573bb3-d52f-403f-a5e2-d612eb9c7aa8" testListId="8c84fa94-04c1-424b-9868-57a2d4851a1d" />
    <TestEntry testId="4310953f-6915-eaf6-3ec8-4b40fb5cc5f4" executionId="9dbbf1c8-1c4b-445c-8150-49c57830ac04" testListId="8c84fa94-04c1-424b-9868-57a2d4851a1d" />
    <TestEntry testId="f8dee9a9-4c98-d601-5f16-7898e3b4fe15" executionId="1ecc18dc-8b26-4d34-8e83-dcf26f176ee3" testListId="8c84fa94-04c1-424b-9868-57a2d4851a1d" />
  </TestEntries>
  <TestLists>
    <TestList name="Results Not in a List" id="8c84fa94-04c1-424b-9868-57a2d4851a1d" />
    <TestList name="All Loaded Results" id="19431567-8539-422a-85d7-44ee4e166bda" />
  </TestLists>
  <ResultSummary outcome="Completed">
    <Counters total="30" executed="30" passed="30" failed="0" error="0" timeout="0" aborted="0" inconclusive="0" passedButRunAborted="0" notRunnable="0" notExecuted="0" disconnected="0" warning="0" completed="0" inProgress="0" pending="0" />
    <Output>
      <StdOut>[xUnit.net 00:00:00.00] xUnit.net VSTest Adapter v3.1.5+1b188a7b0a (64-bit .NET 8.0.31)&#xD;
[xUnit.net 00:00:00.40]   Discovering: SQCD.Agv.UnitTests&#xD;
[xUnit.net 00:00:01.00]   Discovered:  SQCD.Agv.UnitTests&#xD;
[xUnit.net 00:00:01.34]   Starting:    SQCD.Agv.UnitTests&#xD;
[xUnit.net 00:00:04.35]   Finished:    SQCD.Agv.UnitTests (ID = '2cd3ee5ede089bdb73a68fdc97b8c16257b4d93b6b1168a4ca7eb43872eed5d4')&#xD;
</StdOut>
    </Output>
  </ResultSummary>
</TestRun>