<?xml version="1.0" encoding="utf-8"?>
<TestRun id="033e88c3-3e4e-48af-bb23-51db639c16b1" name="szy@LAB-WIN-01 2026-09-12 22:51:04" runUser="LAB-WIN-01\szy" xmlns="http://microsoft.com/schemas/VisualStudio/TeamTest/2010">
  <Times creation="2026-09-12T22:51:04.4950102+08:00" queuing="2026-09-12T22:51:04.4950108+08:00" start="2026-09-12T22:51:02.4417750+08:00" finish="2026-09-12T22:51:04.5006948+08:00" />
  <TestSettings name="default" id="60406235-672c-4485-ad14-9d23b187dfa2">
    <Deployment runDeploymentRoot="szy_LAB-WIN-01_2026-09-12_22_51_04" />
  </TestSettings>
  <Results>
    <UnitTestResult executionId="00a7cbec-ce33-4b82-b631-449892010521" testId="d39173d9-16a9-bea5-e0b3-3ff3c1bd6111" testName="SQCD.Agv.UnitTests.OnboardControllerTests.SuccessfulResultIsRetriedWithSameMessageAfterConnectionRecovers" computerName="LAB-WIN-01" duration="00:00:00.2686869" startTime="2026-09-12T22:51:04.0740451+08:00" endTime="2026-09-12T22:51:04.3530123+08:00" testType="13cdc9d9-ddb5-4fa4-a97d-d965ccfc6d4b" outcome="Passed" testListId="8c84fa94-04c1-424b-9868-57a2d4851a1d" relativeResultsDirectory="00a7cbec-ce33-4b82-b631-449892010521" />
    <UnitTestResult executionId="731d6852-2aed-4331-bac5-053df11af1cc" testId="69292922-24a6-ad27-66a7-855efd0db9f7" testName="SQCD.Agv.UnitTests.WireToGateSlotOperationExecutorTests.LoadUsesOnlyServerFrozenSlotsAndJournalsBeforePulses" computerName="LAB-WIN-01" duration="00:00:00.3018208" startTime="2026-09-12T22:51:04.0740503+08:00" endTime="2026-09-12T22:51:04.3825186+08:00" testType="13cdc9d9-ddb5-4fa4-a97d-d965ccfc6d4b" outcome="Passed" testListId="8c84fa94-04c1-424b-9868-57a2d4851a1d" relativeResultsDirectory="731d6852-2aed-4331-bac5-053df11af1cc" />
  </Results>
  <TestDefinitions>
    <UnitTest name="SQCD.Agv.UnitTests.WireToGateSlotOperationExecutorTests.LoadUsesOnlyServerFrozenSlotsAndJournalsBeforePulses" storage="c:\users\szy\8005-b3\onboard-g2-98f4e06\tests\sqcd.agv.unittests\bin\release\net8.0\win-x64\sqcd.agv.unittests.dll" id="69292922-24a6-ad27-66a7-855efd0db9f7">
      <Execution id="731d6852-2aed-4331-bac5-053df11af1cc" />
      <TestMethod codeBase="C:\Users\szy\8005-b3\onboard-g2-98f4e06\tests\SQCD.Agv.UnitTests\bin\Release\net8.0\win-x64\SQCD.Agv.UnitTests.dll" adapterTypeName="executor://xunit/VsTestRunner3/netcore/" className="SQCD.Agv.UnitTests.WireToGateSlotOperationExecutorTests" name="LoadUsesOnlyServerFrozenSlotsAndJournalsBeforePulses" />
    </UnitTest>
    <UnitTest name="SQCD.Agv.UnitTests.OnboardControllerTests.SuccessfulResultIsRetriedWithSameMessageAfterConnectionRecovers" storage="c:\users\szy\8005-b3\onboard-g2-98f4e06\tests\sqcd.agv.unittests\bin\release\net8.0\win-x64\sqcd.agv.unittests.dll" id="d39173d9-16a9-bea5-e0b3-3ff3c1bd6111">
      <Execution id="00a7cbec-ce33-4b82-b631-449892010521" />
      <TestMethod codeBase="C:\Users\szy\8005-b3\onboard-g2-98f4e06\tests\SQCD.Agv.UnitTests\bin\Release\net8.0\win-x64\SQCD.Agv.UnitTests.dll" adapterTypeName="executor://xunit/VsTestRunner3/netcore/" className="SQCD.Agv.UnitTests.OnboardControllerTests" name="SuccessfulResultIsRetriedWithSameMessageAfterConnectionRecovers" />
    </UnitTest>
  </TestDefinitions>
  <TestEntries>
    <TestEntry testId="d39173d9-16a9-bea5-e0b3-3ff3c1bd6111" executionId="00a7cbec-ce33-4b82-b631-449892010521" testListId="8c84fa94-04c1-424b-9868-57a2d4851a1d" />
    <TestEntry testId="69292922-24a6-ad27-66a7-855efd0db9f7" executionId="731d6852-2aed-4331-bac5-053df11af1cc" testListId="8c84fa94-04c1-424b-9868-57a2d4851a1d" />
  </TestEntries>
  <TestLists>
    <TestList name="Results Not in a List" id="8c84fa94-04c1-424b-9868-57a2d4851a1d" />
    <TestList name="All Loaded Results" id="19431567-8539-422a-85d7-44ee4e166bda" />
  </TestLists>
  <ResultSummary outcome="Completed">
    <Counters total="2" executed="2" passed="2" failed="0" error="0" timeout="0" aborted="0" inconclusive="0" passedButRunAborted="0" notRunnable="0" notExecuted="0" disconnected="0" warning="0" completed="0" inProgress="0" pending="0" />
    <Output>
      <StdOut>[xUnit.net 00:00:00.00] xUnit.net VSTest Adapter v3.1.5+1b188a7b0a (64-bit .NET 8.0.31)&#xD;
[xUnit.net 00:00:00.31]   Discovering: SQCD.Agv.UnitTests&#xD;
[xUnit.net 00:00:00.81]   Discovered:  SQCD.Agv.UnitTests&#xD;
[xUnit.net 00:00:01.09]   Starting:    SQCD.Agv.UnitTests&#xD;
[xUnit.net 00:00:01.48]   Finished:    SQCD.Agv.UnitTests (ID = '919b29f455bfef6b75dca12525625ca3e71d837f080fc42a5db66693ea05e5e4')&#xD;
</StdOut>
    </Output>
  </ResultSummary>
</TestRun>